Using pre-set license
Built from '2022.3/staging' branch; Version is '2022.3.36f1 (95a4219250e5) revision 9806881'; Using compiler version '192829333'; Build Type 'Release'
OS: 'Windows 11  (10.0.22631) 64bit Enterprise' Language: 'tr' Physical Memory: 15791 MB
BatchMode: 1, IsHumanControllingUs: 0, StartBugReporterOnCrash: 0, Is64bit: 1, IsPro: 1

COMMAND LINE ARGUMENTS:
C:\Program Files\Unity\Hub\Editor\2022.3.36f1\Editor\Unity.exe
-adb2
-batchMode
-noUpm
-name
AssetImportWorker1
-projectPath
C:/Users/Emre/OneDrive/Belgeler/GitHub/oua-bootcamp-grup23/oua-bootcamp-2024-g23
-logFile
Logs/AssetImportWorker1.log
-srvPort
55495
Successfully changed project path to: C:/Users/Emre/OneDrive/Belgeler/GitHub/oua-bootcamp-grup23/oua-bootcamp-2024-g23
C:/Users/Emre/OneDrive/Belgeler/GitHub/oua-bootcamp-grup23/oua-bootcamp-2024-g23
[UnityMemory] Configuration Parameters - Can be set up in boot.config
    "memorysetup-bucket-allocator-granularity=16"
    "memorysetup-bucket-allocator-bucket-count=8"
    "memorysetup-bucket-allocator-block-size=33554432"
    "memorysetup-bucket-allocator-block-count=8"
    "memorysetup-main-allocator-block-size=16777216"
    "memorysetup-thread-allocator-block-size=16777216"
    "memorysetup-gfx-main-allocator-block-size=16777216"
    "memorysetup-gfx-thread-allocator-block-size=16777216"
    "memorysetup-cache-allocator-block-size=4194304"
    "memorysetup-typetree-allocator-block-size=2097152"
    "memorysetup-profiler-bucket-allocator-granularity=16"
    "memorysetup-profiler-bucket-allocator-bucket-count=8"
    "memorysetup-profiler-bucket-allocator-block-size=33554432"
    "memorysetup-profiler-bucket-allocator-block-count=8"
    "memorysetup-profiler-allocator-block-size=16777216"
    "memorysetup-profiler-editor-allocator-block-size=1048576"
    "memorysetup-temp-allocator-size-main=16777216"
    "memorysetup-job-temp-allocator-block-size=2097152"
    "memorysetup-job-temp-allocator-block-size-background=1048576"
    "memorysetup-job-temp-allocator-reduction-small-platforms=262144"
    "memorysetup-allocator-temp-initial-block-size-main=262144"
    "memorysetup-allocator-temp-initial-block-size-worker=262144"
    "memorysetup-temp-allocator-size-background-worker=32768"
    "memorysetup-temp-allocator-size-job-worker=262144"
    "memorysetup-temp-allocator-size-preload-manager=33554432"
    "memorysetup-temp-allocator-size-nav-mesh-worker=65536"
    "memorysetup-temp-allocator-size-audio-worker=65536"
    "memorysetup-temp-allocator-size-cloud-worker=32768"
    "memorysetup-temp-allocator-size-gi-baking-worker=262144"
    "memorysetup-temp-allocator-size-gfx=262144"
Player connection [36224] Host "[IP] 192.168.1.35 [Port] 0 [Flags] 2 [Guid] 3432206173 [EditorId] 3432206173 [Version] 1048832 [Id] WindowsEditor(7,DESKTOP-V3E4VCU) [Debug] 1 [PackageName] WindowsEditor [ProjectName] Editor" joined multi-casting on [225.0.0.222:54997]...

Player connection [36224] Host "[IP] 192.168.1.35 [Port] 0 [Flags] 2 [Guid] 3432206173 [EditorId] 3432206173 [Version] 1048832 [Id] WindowsEditor(7,DESKTOP-V3E4VCU) [Debug] 1 [PackageName] WindowsEditor [ProjectName] Editor" joined alternative multi-casting on [225.0.0.222:34997]...

[PhysX] Initialized MultithreadedTaskDispatcher with 16 workers.
Refreshing native plugins compatible for Editor in 6.69 ms, found 3 plugins.
Preloading 0 native plugins for Editor in 0.00 ms.
Initialize engine version: 2022.3.36f1 (95a4219250e5)
[Subsystems] Discovering subsystems at path C:/Program Files/Unity/Hub/Editor/2022.3.36f1/Editor/Data/Resources/UnitySubsystems
[Subsystems] Discovering subsystems at path C:/Users/Emre/OneDrive/Belgeler/GitHub/oua-bootcamp-grup23/oua-bootcamp-2024-g23/Assets
GfxDevice: creating device client; threaded=0; jobified=0
Direct3D:
    Version:  Direct3D 11.0 [level 11.1]
    Renderer: NVIDIA GeForce RTX 3050 Laptop GPU (ID=0x25a5)
    Vendor:   NVIDIA
    VRAM:     3977 MB
    Driver:   31.0.15.4680
Initialize mono
Mono path[0] = 'C:/Program Files/Unity/Hub/Editor/2022.3.36f1/Editor/Data/Managed'
Mono path[1] = 'C:/Program Files/Unity/Hub/Editor/2022.3.36f1/Editor/Data/MonoBleedingEdge/lib/mono/unityjit-win32'
Mono config path = 'C:/Program Files/Unity/Hub/Editor/2022.3.36f1/Editor/Data/MonoBleedingEdge/etc'
Using monoOptions --debugger-agent=transport=dt_socket,embedding=1,server=y,suspend=n,address=127.0.0.1:56712
Begin MonoManager ReloadAssembly
Registering precompiled unity dll's ...
Register platform support module: C:/Program Files/Unity/Hub/Editor/2022.3.36f1/Editor/Data/PlaybackEngines/AndroidPlayer/UnityEditor.Android.Extensions.dll
Register platform support module: C:/Program Files/Unity/Hub/Editor/2022.3.36f1/Editor/Data/PlaybackEngines/WindowsStandaloneSupport/UnityEditor.WindowsStandalone.Extensions.dll
Registered in 0.006286 seconds.
- Loaded All Assemblies, in  0.364 seconds
Native extension for WindowsStandalone target not found
Native extension for Android target not found
Android Extension - Scanning For ADB Devices 261 ms
Mono: successfully reloaded assembly
- Finished resetting the current domain, in  0.611 seconds
Domain Reload Profiling: 975ms
	BeginReloadAssembly (113ms)
		ExecutionOrderSort (0ms)
		DisableScriptedObjects (0ms)
		BackupInstance (0ms)
		ReleaseScriptingObjects (0ms)
		CreateAndSetChildDomain (1ms)
	RebuildCommonClasses (35ms)
	RebuildNativeTypeToScriptingClass (11ms)
	initialDomainReloadingComplete (57ms)
	LoadAllAssembliesAndSetupDomain (147ms)
		LoadAssemblies (112ms)
		RebuildTransferFunctionScriptingTraits (0ms)
		AnalyzeDomain (144ms)
			TypeCache.Refresh (143ms)
				TypeCache.ScanAssembly (128ms)
			ScanForSourceGeneratedMonoScriptInfo (0ms)
			ResolveRequiredComponents (1ms)
	FinalizeReload (612ms)
		ReleaseScriptCaches (0ms)
		RebuildScriptCaches (0ms)
		SetupLoadedEditorAssemblies (548ms)
			LogAssemblyErrors (0ms)
			InitializePlatformSupportModulesInManaged (370ms)
			SetLoadedEditorAssemblies (5ms)
			RefreshPlugins (0ms)
			BeforeProcessingInitializeOnLoad (3ms)
			ProcessInitializeOnLoadAttributes (121ms)
			ProcessInitializeOnLoadMethodAttributes (48ms)
			AfterProcessingInitializeOnLoad (0ms)
			EditorAssembliesLoaded (0ms)
		ExecutionOrderSort2 (0ms)
		AwakeInstancesAfterBackupRestoration (0ms)
========================================================================
Worker process is ready to serve import requests
Begin MonoManager ReloadAssembly
Symbol file data-0000017A8E9E0230 doesn't match image C:\Users\Emre\OneDrive\Belgeler\GitHub\oua-bootcamp-grup23\oua-bootcamp-2024-g23\Library\ScriptAssemblies\Unity.Timeline.dll
Symbol file LoadedFromMemory is not a mono symbol file
Symbol file data-0000017A912B8F30 doesn't match image C:\Users\Emre\OneDrive\Belgeler\GitHub\oua-bootcamp-grup23\oua-bootcamp-2024-g23\Library\ScriptAssemblies\Unity.TestTools.CodeCoverage.Editor.OpenCover.Mono.Reflection.dll
Symbol file LoadedFromMemory is not a mono symbol file
Symbol file data-0000017A8F1A3960 doesn't match image C:\Users\Emre\OneDrive\Belgeler\GitHub\oua-bootcamp-grup23\oua-bootcamp-2024-g23\Library\ScriptAssemblies\UnityEngine.UI.dll
Symbol file LoadedFromMemory is not a mono symbol file
Symbol file data-0000017A912B8F30 doesn't match image C:\Users\Emre\OneDrive\Belgeler\GitHub\oua-bootcamp-grup23\oua-bootcamp-2024-g23\Library\ScriptAssemblies\Unity.EditorCoroutines.Editor.dll
Symbol file LoadedFromMemory is not a mono symbol file
Symbol file data-0000017A8F303060 doesn't match image C:\Users\Emre\OneDrive\Belgeler\GitHub\oua-bootcamp-grup23\oua-bootcamp-2024-g23\Library\ScriptAssemblies\Unity.VisualScripting.SettingsProvider.Editor.dll
Symbol file LoadedFromMemory is not a mono symbol file
Symbol file data-0000017A8F1A3960 doesn't match image C:\Users\Emre\OneDrive\Belgeler\GitHub\oua-bootcamp-grup23\oua-bootcamp-2024-g23\Library\ScriptAssemblies\Unity.Performance.Profile-Analyzer.Editor.dll
Symbol file LoadedFromMemory is not a mono symbol file
Symbol file data-0000017A91C2BE50 doesn't match image C:\Users\Emre\OneDrive\Belgeler\GitHub\oua-bootcamp-grup23\oua-bootcamp-2024-g23\Library\ScriptAssemblies\Unity.TestTools.CodeCoverage.Editor.dll
Symbol file LoadedFromMemory is not a mono symbol file
Symbol file data-0000017A8F1C6970 doesn't match image C:\Users\Emre\OneDrive\Belgeler\GitHub\oua-bootcamp-grup23\oua-bootcamp-2024-g23\Library\ScriptAssemblies\Unity.TestTools.CodeCoverage.Editor.OpenCover.Model.dll
Symbol file LoadedFromMemory is not a mono symbol file
Symbol file data-0000017A903B0080 doesn't match image C:\Users\Emre\OneDrive\Belgeler\GitHub\oua-bootcamp-grup23\oua-bootcamp-2024-g23\Library\ScriptAssemblies\Unity.PlasticSCM.Editor.dll
Symbol file LoadedFromMemory is not a mono symbol file
Symbol file data-0000017A91C2BE50 doesn't match image C:\Users\Emre\OneDrive\Belgeler\GitHub\oua-bootcamp-grup23\oua-bootcamp-2024-g23\Library\ScriptAssemblies\UnityEngine.TestRunner.dll
Symbol file LoadedFromMemory is not a mono symbol file
Symbol file data-0000017A91C2BE50 doesn't match image C:\Users\Emre\OneDrive\Belgeler\GitHub\oua-bootcamp-grup23\oua-bootcamp-2024-g23\Library\ScriptAssemblies\Unity.VisualScripting.State.Editor.dll
Symbol file LoadedFromMemory is not a mono symbol file
Symbol file data-0000017A903B0080 doesn't match image C:\Users\Emre\OneDrive\Belgeler\GitHub\oua-bootcamp-grup23\oua-bootcamp-2024-g23\Library\ScriptAssemblies\Unity.Timeline.Editor.dll
Symbol file LoadedFromMemory is not a mono symbol file
Symbol file data-0000017A91C37060 doesn't match image C:\Users\Emre\OneDrive\Belgeler\GitHub\oua-bootcamp-grup23\oua-bootcamp-2024-g23\Library\ScriptAssemblies\Unity.Settings.Editor.dll
Symbol file LoadedFromMemory is not a mono symbol file
Symbol file data-0000017A91C37060 doesn't match image C:\Users\Emre\OneDrive\Belgeler\GitHub\oua-bootcamp-grup23\oua-bootcamp-2024-g23\Library\ScriptAssemblies\Unity.VisualScripting.Shared.Editor.dll
Symbol file LoadedFromMemory is not a mono symbol file
Symbol file data-0000017A91C37060 doesn't match image C:\Users\Emre\OneDrive\Belgeler\GitHub\oua-bootcamp-grup23\oua-bootcamp-2024-g23\Library\ScriptAssemblies\Unity.CollabProxy.Editor.dll
Symbol file LoadedFromMemory is not a mono symbol file
Symbol file data-0000017A8E9F9C40 doesn't match image C:\Users\Emre\OneDrive\Belgeler\GitHub\oua-bootcamp-grup23\oua-bootcamp-2024-g23\Library\ScriptAssemblies\Unity.VisualStudio.Editor.dll
Symbol file LoadedFromMemory is not a mono symbol file
Symbol file data-0000017A90881020 doesn't match image C:\Users\Emre\OneDrive\Belgeler\GitHub\oua-bootcamp-grup23\oua-bootcamp-2024-g23\Library\ScriptAssemblies\Unity.TextMeshPro.dll
Symbol file LoadedFromMemory is not a mono symbol file
Symbol file data-0000017A90881020 doesn't match image C:\Users\Emre\OneDrive\Belgeler\GitHub\oua-bootcamp-grup23\oua-bootcamp-2024-g23\Library\ScriptAssemblies\Unity.VisualScripting.Core.dll
Symbol file LoadedFromMemory is not a mono symbol file
Symbol file data-0000017A90B47A20 doesn't match image C:\Users\Emre\OneDrive\Belgeler\GitHub\oua-bootcamp-grup23\oua-bootcamp-2024-g23\Library\ScriptAssemblies\Unity.TextMeshPro.Editor.dll
Symbol file LoadedFromMemory is not a mono symbol file
Symbol file data-0000017A90B60A30 doesn't match image C:\Users\Emre\OneDrive\Belgeler\GitHub\oua-bootcamp-grup23\oua-bootcamp-2024-g23\Library\ScriptAssemblies\UnityEditor.UI.dll
Symbol file LoadedFromMemory is not a mono symbol file
Symbol file data-0000017A4B346010 doesn't match image C:\Users\Emre\OneDrive\Belgeler\GitHub\oua-bootcamp-grup23\oua-bootcamp-2024-g23\Library\ScriptAssemblies\Unity.VisualScripting.Core.Editor.dll
Symbol file LoadedFromMemory is not a mono symbol file
Symbol file data-0000017A8E9F9C40 doesn't match image C:\Users\Emre\OneDrive\Belgeler\GitHub\oua-bootcamp-grup23\oua-bootcamp-2024-g23\Library\ScriptAssemblies\Unity.Rider.Editor.dll
Symbol file LoadedFromMemory is not a mono symbol file
Symbol file data-0000017A8E9F9C40 doesn't match image C:\Users\Emre\OneDrive\Belgeler\GitHub\oua-bootcamp-grup23\oua-bootcamp-2024-g23\Library\ScriptAssemblies\Unity.VisualScripting.State.dll
Symbol file LoadedFromMemory is not a mono symbol file
Symbol file data-0000017A8EA06250 doesn't match image C:\Users\Emre\OneDrive\Belgeler\GitHub\oua-bootcamp-grup23\oua-bootcamp-2024-g23\Library\ScriptAssemblies\Unity.VSCode.Editor.dll
Symbol file LoadedFromMemory is not a mono symbol file
Symbol file data-0000017A4B346010 doesn't match image C:\Users\Emre\OneDrive\Belgeler\GitHub\oua-bootcamp-grup23\oua-bootcamp-2024-g23\Library\ScriptAssemblies\UnityEditor.TestRunner.dll
Symbol file LoadedFromMemory is not a mono symbol file
Symbol file data-0000017A90F4F020 doesn't match image C:\Users\Emre\OneDrive\Belgeler\GitHub\oua-bootcamp-grup23\oua-bootcamp-2024-g23\Library\ScriptAssemblies\Unity.VisualScripting.Flow.dll
Symbol file LoadedFromMemory is not a mono symbol file
Symbol file data-0000017A90FA7C30 doesn't match image C:\Users\Emre\OneDrive\Belgeler\GitHub\oua-bootcamp-grup23\oua-bootcamp-2024-g23\Library\ScriptAssemblies\Unity.VisualScripting.Flow.Editor.dll
Symbol file LoadedFromMemory is not a mono symbol file
- Loaded All Assemblies, in  0.698 seconds
Refreshing native plugins compatible for Editor in 3.86 ms, found 3 plugins.
Native extension for WindowsStandalone target not found
Native extension for Android target not found
Package Manager log level set to [2]
[Package Manager] Server::EnsureServerProcessIsRunning -- launch failed, reason: Unity was launched with the -noUpm command-line argument
[Package Manager] UpmClient::Send -- Unable to send message (not connected to UPM process).
[Package Manager] Cannot connect to Unity Package Manager local server
Mono: successfully reloaded assembly
- Finished resetting the current domain, in  0.700 seconds
Domain Reload Profiling: 1396ms
	BeginReloadAssembly (151ms)
		ExecutionOrderSort (0ms)
		DisableScriptedObjects (5ms)
		BackupInstance (0ms)
		ReleaseScriptingObjects (0ms)
		CreateAndSetChildDomain (26ms)
	RebuildCommonClasses (34ms)
	RebuildNativeTypeToScriptingClass (16ms)
	initialDomainReloadingComplete (45ms)
	LoadAllAssembliesAndSetupDomain (449ms)
		LoadAssemblies (354ms)
		RebuildTransferFunctionScriptingTraits (0ms)
		AnalyzeDomain (183ms)
			TypeCache.Refresh (160ms)
				TypeCache.ScanAssembly (142ms)
			ScanForSourceGeneratedMonoScriptInfo (16ms)
			ResolveRequiredComponents (6ms)
	FinalizeReload (701ms)
		ReleaseScriptCaches (0ms)
		RebuildScriptCaches (0ms)
		SetupLoadedEditorAssemblies (539ms)
			LogAssemblyErrors (0ms)
			InitializePlatformSupportModulesInManaged (26ms)
			SetLoadedEditorAssemblies (5ms)
			RefreshPlugins (0ms)
			BeforeProcessingInitializeOnLoad (93ms)
			ProcessInitializeOnLoadAttributes (389ms)
			ProcessInitializeOnLoadMethodAttributes (21ms)
			AfterProcessingInitializeOnLoad (5ms)
			EditorAssembliesLoaded (0ms)
		ExecutionOrderSort2 (0ms)
		AwakeInstancesAfterBackupRestoration (6ms)
Launched and connected shader compiler UnityShaderCompiler.exe after 0.05 seconds
Refreshing native plugins compatible for Editor in 3.32 ms, found 3 plugins.
Preloading 0 native plugins for Editor in 0.00 ms.
Unloading 3152 Unused Serialized files (Serialized files now loaded: 0)
Unloading 33 unused Assets / (58.1 KB). Loaded Objects now: 3619.
Memory consumption went from 130.6 MB to 130.5 MB.
Total: 4.178200 ms (FindLiveObjects: 0.536000 ms CreateObjectMapping: 0.557100 ms MarkObjects: 2.931500 ms  DeleteObjects: 0.151700 ms)

AssetImportParameters requested are different than current active one (requested -> active):
  custom:container-demuxer-ogg: 62fdf1f143b41e24485cea50d1cbac27 -> 
  custom:video-decoder-ogg-theora: a1e56fd34408186e4bbccfd4996cb3dc -> 
  custom:framework-win-MediaFoundation: 216162199b28c13a410421893ffa2e32 -> 
  custom:CustomObjectIndexerAttribute: 9a22284fe3817be447336de3de66b15e -> 
  custom:container-demuxer-webm: 4f35f7cbe854078d1ac9338744f61a02 -> 
  custom:container-muxer-webm: aa71ff27fc2769a1b78a27578f13a17b -> 
  custom:video-decoder-webm-vp8: 9c59270c3fd7afecdb556c50c9e8de78 -> 
  custom:SearchIndexIgnoredProperties: e643bd26f0fe6173181afceb89e7c659 -> 
  custom:AudioImporter_EditorPlatform: d09bf68614088b80899f8185d706f6e7 -> 
  custom:video-encoder-webm-vp8: eb34c28f22e8b96e1ab97ce403110664 -> 
  custom:audio-decoder-ogg-vorbis: bf7c407c2cedff20999df2af8eb42d56 -> 
  custom:audio-encoder-webm-vorbis: bf7c407c2cedff20999df2af8eb42d56 -> 
========================================================================
Received Import Request.
  Time since last request: 1288011.561261 seconds.
  path: Assets/Scripts/TrashDestroy.cs
  artifactKey: Guid(4d6a5a71bf51b614098eef928e9c919a) Importer(815301076,1909f56bfc062723c751e8b465ee728b)
Start importing Assets/Scripts/TrashDestroy.cs using Guid(4d6a5a71bf51b614098eef928e9c919a) Importer(815301076,1909f56bfc062723c751e8b465ee728b) [PhysX] Initialized MultithreadedTaskDispatcher with 16 workers.
 -> (artifact id: 'b0b40e33288c60591f90bd2aff1ad15b') in 0.003889 seconds
Number of updated asset objects reloaded before import = 0
Number of asset objects unloaded after import = 0
========================================================================
Received Prepare
Begin MonoManager ReloadAssembly
Symbol file data-0000017A99F723E0 doesn't match image C:\Users\Emre\OneDrive\Belgeler\GitHub\oua-bootcamp-grup23\oua-bootcamp-2024-g23\Library\ScriptAssemblies\Unity.Timeline.dll
Symbol file LoadedFromMemory is not a mono symbol file
Symbol file data-0000017A99F1DBE0 doesn't match image C:\Users\Emre\OneDrive\Belgeler\GitHub\oua-bootcamp-grup23\oua-bootcamp-2024-g23\Library\ScriptAssemblies\Unity.TestTools.CodeCoverage.Editor.OpenCover.Mono.Reflection.dll
Symbol file LoadedFromMemory is not a mono symbol file
Symbol file data-0000017A910BB030 doesn't match image C:\Users\Emre\OneDrive\Belgeler\GitHub\oua-bootcamp-grup23\oua-bootcamp-2024-g23\Library\ScriptAssemblies\UnityEngine.UI.dll
Symbol file LoadedFromMemory is not a mono symbol file
Symbol file data-0000017A99F1DBE0 doesn't match image C:\Users\Emre\OneDrive\Belgeler\GitHub\oua-bootcamp-grup23\oua-bootcamp-2024-g23\Library\ScriptAssemblies\Unity.EditorCoroutines.Editor.dll
Symbol file LoadedFromMemory is not a mono symbol file
Symbol file data-0000017A91A36F30 doesn't match image C:\Users\Emre\OneDrive\Belgeler\GitHub\oua-bootcamp-grup23\oua-bootcamp-2024-g23\Library\ScriptAssemblies\Unity.VisualScripting.SettingsProvider.Editor.dll
Symbol file LoadedFromMemory is not a mono symbol file
Symbol file data-0000017A910BB030 doesn't match image C:\Users\Emre\OneDrive\Belgeler\GitHub\oua-bootcamp-grup23\oua-bootcamp-2024-g23\Library\ScriptAssemblies\Unity.Performance.Profile-Analyzer.Editor.dll
Symbol file LoadedFromMemory is not a mono symbol file
Symbol file data-0000017A99630010 doesn't match image C:\Users\Emre\OneDrive\Belgeler\GitHub\oua-bootcamp-grup23\oua-bootcamp-2024-g23\Library\ScriptAssemblies\Unity.TestTools.CodeCoverage.Editor.dll
Symbol file LoadedFromMemory is not a mono symbol file
Symbol file data-0000017A99990010 doesn't match image C:\Users\Emre\OneDrive\Belgeler\GitHub\oua-bootcamp-grup23\oua-bootcamp-2024-g23\Library\ScriptAssemblies\Unity.TestTools.CodeCoverage.Editor.OpenCover.Model.dll
Symbol file LoadedFromMemory is not a mono symbol file
Symbol file data-0000017A99AA0020 doesn't match image C:\Users\Emre\OneDrive\Belgeler\GitHub\oua-bootcamp-grup23\oua-bootcamp-2024-g23\Library\ScriptAssemblies\Unity.PlasticSCM.Editor.dll
Symbol file LoadedFromMemory is not a mono symbol file
Symbol file data-0000017A8EEA3A50 doesn't match image C:\Users\Emre\OneDrive\Belgeler\GitHub\oua-bootcamp-grup23\oua-bootcamp-2024-g23\Library\ScriptAssemblies\UnityEngine.TestRunner.dll
Symbol file LoadedFromMemory is not a mono symbol file
Symbol file data-0000017A91A0EF00 doesn't match image C:\Users\Emre\OneDrive\Belgeler\GitHub\oua-bootcamp-grup23\oua-bootcamp-2024-g23\Library\ScriptAssemblies\Unity.VisualScripting.State.Editor.dll
Symbol file LoadedFromMemory is not a mono symbol file
Symbol file data-0000017A8F3FDDE0 doesn't match image C:\Users\Emre\OneDrive\Belgeler\GitHub\oua-bootcamp-grup23\oua-bootcamp-2024-g23\Library\ScriptAssemblies\Unity.Timeline.Editor.dll
Symbol file LoadedFromMemory is not a mono symbol file
Symbol file data-0000017A8E9FD220 doesn't match image C:\Users\Emre\OneDrive\Belgeler\GitHub\oua-bootcamp-grup23\oua-bootcamp-2024-g23\Library\ScriptAssemblies\Unity.Settings.Editor.dll
Symbol file LoadedFromMemory is not a mono symbol file
Symbol file data-0000017A99990010 doesn't match image C:\Users\Emre\OneDrive\Belgeler\GitHub\oua-bootcamp-grup23\oua-bootcamp-2024-g23\Library\ScriptAssemblies\Unity.VisualScripting.Shared.Editor.dll
Symbol file LoadedFromMemory is not a mono symbol file
Symbol file data-0000017A99990010 doesn't match image C:\Users\Emre\OneDrive\Belgeler\GitHub\oua-bootcamp-grup23\oua-bootcamp-2024-g23\Library\ScriptAssemblies\Unity.CollabProxy.Editor.dll
Symbol file LoadedFromMemory is not a mono symbol file
Symbol file data-0000017A8EEA3A50 doesn't match image C:\Users\Emre\OneDrive\Belgeler\GitHub\oua-bootcamp-grup23\oua-bootcamp-2024-g23\Library\ScriptAssemblies\Unity.VisualStudio.Editor.dll
Symbol file LoadedFromMemory is not a mono symbol file
Symbol file data-0000017A99FDE040 doesn't match image C:\Users\Emre\OneDrive\Belgeler\GitHub\oua-bootcamp-grup23\oua-bootcamp-2024-g23\Library\ScriptAssemblies\Unity.TextMeshPro.dll
Symbol file LoadedFromMemory is not a mono symbol file
Symbol file data-0000017A9B7C1EF0 doesn't match image C:\Users\Emre\OneDrive\Belgeler\GitHub\oua-bootcamp-grup23\oua-bootcamp-2024-g23\Library\ScriptAssemblies\Unity.VisualScripting.Core.dll
Symbol file LoadedFromMemory is not a mono symbol file
Symbol file data-0000017A9C713E20 doesn't match image C:\Users\Emre\OneDrive\Belgeler\GitHub\oua-bootcamp-grup23\oua-bootcamp-2024-g23\Library\ScriptAssemblies\Unity.TextMeshPro.Editor.dll
Symbol file LoadedFromMemory is not a mono symbol file
Symbol file data-0000017A91A0EF00 doesn't match image C:\Users\Emre\OneDrive\Belgeler\GitHub\oua-bootcamp-grup23\oua-bootcamp-2024-g23\Library\ScriptAssemblies\UnityEditor.UI.dll
Symbol file LoadedFromMemory is not a mono symbol file
Symbol file data-0000017A8F15A350 doesn't match image C:\Users\Emre\OneDrive\Belgeler\GitHub\oua-bootcamp-grup23\oua-bootcamp-2024-g23\Library\ScriptAssemblies\Unity.VisualScripting.Core.Editor.dll
Symbol file LoadedFromMemory is not a mono symbol file
Symbol file data-0000017A92582040 doesn't match image C:\Users\Emre\OneDrive\Belgeler\GitHub\oua-bootcamp-grup23\oua-bootcamp-2024-g23\Library\ScriptAssemblies\Unity.Rider.Editor.dll
Symbol file LoadedFromMemory is not a mono symbol file
Symbol file data-0000017A99990010 doesn't match image C:\Users\Emre\OneDrive\Belgeler\GitHub\oua-bootcamp-grup23\oua-bootcamp-2024-g23\Library\ScriptAssemblies\Unity.VisualScripting.State.dll
Symbol file LoadedFromMemory is not a mono symbol file
Symbol file data-0000017A99990010 doesn't match image C:\Users\Emre\OneDrive\Belgeler\GitHub\oua-bootcamp-grup23\oua-bootcamp-2024-g23\Library\ScriptAssemblies\Unity.VSCode.Editor.dll
Symbol file LoadedFromMemory is not a mono symbol file
Symbol file data-0000017A9C333570 doesn't match image C:\Users\Emre\OneDrive\Belgeler\GitHub\oua-bootcamp-grup23\oua-bootcamp-2024-g23\Library\ScriptAssemblies\UnityEditor.TestRunner.dll
Symbol file LoadedFromMemory is not a mono symbol file
Symbol file data-0000017A994B4030 doesn't match image C:\Users\Emre\OneDrive\Belgeler\GitHub\oua-bootcamp-grup23\oua-bootcamp-2024-g23\Library\ScriptAssemblies\Unity.VisualScripting.Flow.dll
Symbol file LoadedFromMemory is not a mono symbol file
Symbol file data-0000017A994B4030 doesn't match image C:\Users\Emre\OneDrive\Belgeler\GitHub\oua-bootcamp-grup23\oua-bootcamp-2024-g23\Library\ScriptAssemblies\Unity.VisualScripting.Flow.Editor.dll
Symbol file LoadedFromMemory is not a mono symbol file
- Loaded All Assemblies, in  0.549 seconds
Refreshing native plugins compatible for Editor in 2.73 ms, found 3 plugins.
Native extension for WindowsStandalone target not found
Native extension for Android target not found
[Package Manager] Server::EnsureServerProcessIsRunning -- launch failed, reason: Unity was launched with the -noUpm command-line argument
[Package Manager] UpmClient::Send -- Unable to send message (not connected to UPM process).
[Package Manager] Cannot connect to Unity Package Manager local server
Mono: successfully reloaded assembly
- Finished resetting the current domain, in  0.917 seconds
Domain Reload Profiling: 1464ms
	BeginReloadAssembly (177ms)
		ExecutionOrderSort (0ms)
		DisableScriptedObjects (5ms)
		BackupInstance (0ms)
		ReleaseScriptingObjects (0ms)
		CreateAndSetChildDomain (43ms)
	RebuildCommonClasses (38ms)
	RebuildNativeTypeToScriptingClass (11ms)
	initialDomainReloadingComplete (31ms)
	LoadAllAssembliesAndSetupDomain (289ms)
		LoadAssemblies (350ms)
		RebuildTransferFunctionScriptingTraits (0ms)
		AnalyzeDomain (29ms)
			TypeCache.Refresh (14ms)
				TypeCache.ScanAssembly (1ms)
			ScanForSourceGeneratedMonoScriptInfo (9ms)
			ResolveRequiredComponents (6ms)
	FinalizeReload (918ms)
		ReleaseScriptCaches (0ms)
		RebuildScriptCaches (0ms)
		SetupLoadedEditorAssemblies (463ms)
			LogAssemblyErrors (0ms)
			InitializePlatformSupportModulesInManaged (24ms)
			SetLoadedEditorAssemblies (5ms)
			RefreshPlugins (0ms)
			BeforeProcessingInitializeOnLoad (91ms)
			ProcessInitializeOnLoadAttributes (315ms)
			ProcessInitializeOnLoadMethodAttributes (22ms)
			AfterProcessingInitializeOnLoad (5ms)
			EditorAssembliesLoaded (0ms)
		ExecutionOrderSort2 (0ms)
		AwakeInstancesAfterBackupRestoration (5ms)
Refreshing native plugins compatible for Editor in 2.87 ms, found 3 plugins.
Preloading 0 native plugins for Editor in 0.00 ms.
Unloading 3129 Unused Serialized files (Serialized files now loaded: 0)
Unloading 25 unused Assets / (32.2 KB). Loaded Objects now: 3621.
Memory consumption went from 125.3 MB to 125.3 MB.
Total: 2.913900 ms (FindLiveObjects: 0.341900 ms CreateObjectMapping: 0.128600 ms MarkObjects: 2.380200 ms  DeleteObjects: 0.061900 ms)

Prepare: number of updated asset objects reloaded= 0
AssetImportParameters requested are different than current active one (requested -> active):
  custom:container-demuxer-ogg: 62fdf1f143b41e24485cea50d1cbac27 -> 
  custom:video-decoder-ogg-theora: a1e56fd34408186e4bbccfd4996cb3dc -> 
  custom:framework-win-MediaFoundation: 216162199b28c13a410421893ffa2e32 -> 
  custom:CustomObjectIndexerAttribute: 9a22284fe3817be447336de3de66b15e -> 
  custom:container-demuxer-webm: 4f35f7cbe854078d1ac9338744f61a02 -> 
  custom:container-muxer-webm: aa71ff27fc2769a1b78a27578f13a17b -> 
  custom:video-decoder-webm-vp8: 9c59270c3fd7afecdb556c50c9e8de78 -> 
  custom:SearchIndexIgnoredProperties: e643bd26f0fe6173181afceb89e7c659 -> 
  custom:AudioImporter_EditorPlatform: d09bf68614088b80899f8185d706f6e7 -> 
  custom:video-encoder-webm-vp8: eb34c28f22e8b96e1ab97ce403110664 -> 
  custom:audio-decoder-ogg-vorbis: bf7c407c2cedff20999df2af8eb42d56 -> 
  custom:audio-encoder-webm-vorbis: bf7c407c2cedff20999df2af8eb42d56 -> 
========================================================================
Received Prepare
Begin MonoManager ReloadAssembly
Symbol file data-0000017A91A3F770 doesn't match image C:\Users\Emre\OneDrive\Belgeler\GitHub\oua-bootcamp-grup23\oua-bootcamp-2024-g23\Library\ScriptAssemblies\Unity.Timeline.dll
Symbol file LoadedFromMemory is not a mono symbol file
Symbol file data-0000017A92588850 doesn't match image C:\Users\Emre\OneDrive\Belgeler\GitHub\oua-bootcamp-grup23\oua-bootcamp-2024-g23\Library\ScriptAssemblies\Unity.TestTools.CodeCoverage.Editor.OpenCover.Mono.Reflection.dll
Symbol file LoadedFromMemory is not a mono symbol file
Symbol file data-0000017A99FDE040 doesn't match image C:\Users\Emre\OneDrive\Belgeler\GitHub\oua-bootcamp-grup23\oua-bootcamp-2024-g23\Library\ScriptAssemblies\UnityEngine.UI.dll
Symbol file LoadedFromMemory is not a mono symbol file
Symbol file data-0000017A92588850 doesn't match image C:\Users\Emre\OneDrive\Belgeler\GitHub\oua-bootcamp-grup23\oua-bootcamp-2024-g23\Library\ScriptAssemblies\Unity.EditorCoroutines.Editor.dll
Symbol file LoadedFromMemory is not a mono symbol file
Symbol file data-0000017A9C2C2550 doesn't match image C:\Users\Emre\OneDrive\Belgeler\GitHub\oua-bootcamp-grup23\oua-bootcamp-2024-g23\Library\ScriptAssemblies\Unity.VisualScripting.SettingsProvider.Editor.dll
Symbol file LoadedFromMemory is not a mono symbol file
Symbol file data-0000017A99C78010 doesn't match image C:\Users\Emre\OneDrive\Belgeler\GitHub\oua-bootcamp-grup23\oua-bootcamp-2024-g23\Library\ScriptAssemblies\Unity.Performance.Profile-Analyzer.Editor.dll
Symbol file LoadedFromMemory is not a mono symbol file
Symbol file data-0000017A99A5A020 doesn't match image C:\Users\Emre\OneDrive\Belgeler\GitHub\oua-bootcamp-grup23\oua-bootcamp-2024-g23\Library\ScriptAssemblies\Unity.TestTools.CodeCoverage.Editor.dll
Symbol file LoadedFromMemory is not a mono symbol file
Symbol file data-0000017A4B1CEE20 doesn't match image C:\Users\Emre\OneDrive\Belgeler\GitHub\oua-bootcamp-grup23\oua-bootcamp-2024-g23\Library\ScriptAssemblies\Unity.TestTools.CodeCoverage.Editor.OpenCover.Model.dll
Symbol file LoadedFromMemory is not a mono symbol file
Symbol file data-0000017A8EB18010 doesn't match image C:\Users\Emre\OneDrive\Belgeler\GitHub\oua-bootcamp-grup23\oua-bootcamp-2024-g23\Library\ScriptAssemblies\Unity.PlasticSCM.Editor.dll
Symbol file LoadedFromMemory is not a mono symbol file
Symbol file data-0000017A91C2BE50 doesn't match image C:\Users\Emre\OneDrive\Belgeler\GitHub\oua-bootcamp-grup23\oua-bootcamp-2024-g23\Library\ScriptAssemblies\UnityEngine.TestRunner.dll
Symbol file LoadedFromMemory is not a mono symbol file
Symbol file data-0000017A8EBA6020 doesn't match image C:\Users\Emre\OneDrive\Belgeler\GitHub\oua-bootcamp-grup23\oua-bootcamp-2024-g23\Library\ScriptAssemblies\Unity.VisualScripting.State.Editor.dll
Symbol file LoadedFromMemory is not a mono symbol file
Symbol file data-0000017A4B3D5DE0 doesn't match image C:\Users\Emre\OneDrive\Belgeler\GitHub\oua-bootcamp-grup23\oua-bootcamp-2024-g23\Library\ScriptAssemblies\Unity.Timeline.Editor.dll
Symbol file LoadedFromMemory is not a mono symbol file
Symbol file data-0000017A4B1CEE20 doesn't match image C:\Users\Emre\OneDrive\Belgeler\GitHub\oua-bootcamp-grup23\oua-bootcamp-2024-g23\Library\ScriptAssemblies\Unity.Settings.Editor.dll
Symbol file LoadedFromMemory is not a mono symbol file
Symbol file data-0000017A9C2C2550 doesn't match image C:\Users\Emre\OneDrive\Belgeler\GitHub\oua-bootcamp-grup23\oua-bootcamp-2024-g23\Library\ScriptAssemblies\Unity.VisualScripting.Shared.Editor.dll
Symbol file LoadedFromMemory is not a mono symbol file
Symbol file data-0000017A8EBB1230 doesn't match image C:\Users\Emre\OneDrive\Belgeler\GitHub\oua-bootcamp-grup23\oua-bootcamp-2024-g23\Library\ScriptAssemblies\Unity.CollabProxy.Editor.dll
Symbol file LoadedFromMemory is not a mono symbol file
Symbol file data-0000017A91C2BE50 doesn't match image C:\Users\Emre\OneDrive\Belgeler\GitHub\oua-bootcamp-grup23\oua-bootcamp-2024-g23\Library\ScriptAssemblies\Unity.VisualStudio.Editor.dll
Symbol file LoadedFromMemory is not a mono symbol file
Symbol file data-0000017A99FDE040 doesn't match image C:\Users\Emre\OneDrive\Belgeler\GitHub\oua-bootcamp-grup23\oua-bootcamp-2024-g23\Library\ScriptAssemblies\Unity.TextMeshPro.dll
Symbol file LoadedFromMemory is not a mono symbol file
Symbol file data-0000017A8EB18010 doesn't match image C:\Users\Emre\OneDrive\Belgeler\GitHub\oua-bootcamp-grup23\oua-bootcamp-2024-g23\Library\ScriptAssemblies\Unity.VisualScripting.Core.dll
Symbol file LoadedFromMemory is not a mono symbol file
Symbol file data-0000017A90488020 doesn't match image C:\Users\Emre\OneDrive\Belgeler\GitHub\oua-bootcamp-grup23\oua-bootcamp-2024-g23\Library\ScriptAssemblies\Unity.TextMeshPro.Editor.dll
Symbol file LoadedFromMemory is not a mono symbol file
Symbol file data-0000017A915E2010 doesn't match image C:\Users\Emre\OneDrive\Belgeler\GitHub\oua-bootcamp-grup23\oua-bootcamp-2024-g23\Library\ScriptAssemblies\UnityEditor.UI.dll
Symbol file LoadedFromMemory is not a mono symbol file
Symbol file data-0000017A4B346010 doesn't match image C:\Users\Emre\OneDrive\Belgeler\GitHub\oua-bootcamp-grup23\oua-bootcamp-2024-g23\Library\ScriptAssemblies\Unity.VisualScripting.Core.Editor.dll
Symbol file LoadedFromMemory is not a mono symbol file
Symbol file data-0000017A915E2010 doesn't match image C:\Users\Emre\OneDrive\Belgeler\GitHub\oua-bootcamp-grup23\oua-bootcamp-2024-g23\Library\ScriptAssemblies\Unity.Rider.Editor.dll
Symbol file LoadedFromMemory is not a mono symbol file
Symbol file data-0000017A9A094030 doesn't match image C:\Users\Emre\OneDrive\Belgeler\GitHub\oua-bootcamp-grup23\oua-bootcamp-2024-g23\Library\ScriptAssemblies\Unity.VisualScripting.State.dll
Symbol file LoadedFromMemory is not a mono symbol file
Symbol file data-0000017A9A094030 doesn't match image C:\Users\Emre\OneDrive\Belgeler\GitHub\oua-bootcamp-grup23\oua-bootcamp-2024-g23\Library\ScriptAssemblies\Unity.VSCode.Editor.dll
Symbol file LoadedFromMemory is not a mono symbol file
Symbol file data-0000017A9CA77060 doesn't match image C:\Users\Emre\OneDrive\Belgeler\GitHub\oua-bootcamp-grup23\oua-bootcamp-2024-g23\Library\ScriptAssemblies\UnityEditor.TestRunner.dll
Symbol file LoadedFromMemory is not a mono symbol file
Symbol file data-0000017A923E4020 doesn't match image C:\Users\Emre\OneDrive\Belgeler\GitHub\oua-bootcamp-grup23\oua-bootcamp-2024-g23\Library\ScriptAssemblies\Unity.VisualScripting.Flow.dll
Symbol file LoadedFromMemory is not a mono symbol file
Symbol file data-0000017A923E4020 doesn't match image C:\Users\Emre\OneDrive\Belgeler\GitHub\oua-bootcamp-grup23\oua-bootcamp-2024-g23\Library\ScriptAssemblies\Unity.VisualScripting.Flow.Editor.dll
Symbol file LoadedFromMemory is not a mono symbol file
- Loaded All Assemblies, in  0.557 seconds
Refreshing native plugins compatible for Editor in 2.94 ms, found 3 plugins.
Native extension for WindowsStandalone target not found
Native extension for Android target not found
[Package Manager] Server::EnsureServerProcessIsRunning -- launch failed, reason: Unity was launched with the -noUpm command-line argument
[Package Manager] UpmClient::Send -- Unable to send message (not connected to UPM process).
[Package Manager] Cannot connect to Unity Package Manager local server
Mono: successfully reloaded assembly
- Finished resetting the current domain, in  1.327 seconds
Domain Reload Profiling: 1883ms
	BeginReloadAssembly (191ms)
		ExecutionOrderSort (0ms)
		DisableScriptedObjects (10ms)
		BackupInstance (0ms)
		ReleaseScriptingObjects (0ms)
		CreateAndSetChildDomain (42ms)
	RebuildCommonClasses (36ms)
	RebuildNativeTypeToScriptingClass (15ms)
	initialDomainReloadingComplete (33ms)
	LoadAllAssembliesAndSetupDomain (280ms)
		LoadAssemblies (359ms)
		RebuildTransferFunctionScriptingTraits (0ms)
		AnalyzeDomain (14ms)
			TypeCache.Refresh (7ms)
				TypeCache.ScanAssembly (0ms)
			ScanForSourceGeneratedMonoScriptInfo (0ms)
			ResolveRequiredComponents (6ms)
	FinalizeReload (1328ms)
		ReleaseScriptCaches (0ms)
		RebuildScriptCaches (0ms)
		SetupLoadedEditorAssemblies (678ms)
			LogAssemblyErrors (0ms)
			InitializePlatformSupportModulesInManaged (32ms)
			SetLoadedEditorAssemblies (6ms)
			RefreshPlugins (0ms)
			BeforeProcessingInitializeOnLoad (121ms)
			ProcessInitializeOnLoadAttributes (476ms)
			ProcessInitializeOnLoadMethodAttributes (35ms)
			AfterProcessingInitializeOnLoad (7ms)
			EditorAssembliesLoaded (1ms)
		ExecutionOrderSort2 (0ms)
		AwakeInstancesAfterBackupRestoration (10ms)
Refreshing native plugins compatible for Editor in 4.48 ms, found 3 plugins.
Preloading 0 native plugins for Editor in 0.00 ms.
Unloading 3130 Unused Serialized files (Serialized files now loaded: 0)
Unloading 24 unused Assets / (31.8 KB). Loaded Objects now: 3624.
Memory consumption went from 125.6 MB to 125.6 MB.
Total: 4.085500 ms (FindLiveObjects: 0.512800 ms CreateObjectMapping: 0.113600 ms MarkObjects: 3.383700 ms  DeleteObjects: 0.074100 ms)

Prepare: number of updated asset objects reloaded= 0
AssetImportParameters requested are different than current active one (requested -> active):
  custom:container-demuxer-ogg: 62fdf1f143b41e24485cea50d1cbac27 -> 
  custom:video-decoder-ogg-theora: a1e56fd34408186e4bbccfd4996cb3dc -> 
  custom:framework-win-MediaFoundation: 216162199b28c13a410421893ffa2e32 -> 
  custom:CustomObjectIndexerAttribute: 9a22284fe3817be447336de3de66b15e -> 
  custom:container-demuxer-webm: 4f35f7cbe854078d1ac9338744f61a02 -> 
  custom:container-muxer-webm: aa71ff27fc2769a1b78a27578f13a17b -> 
  custom:video-decoder-webm-vp8: 9c59270c3fd7afecdb556c50c9e8de78 -> 
  custom:SearchIndexIgnoredProperties: e643bd26f0fe6173181afceb89e7c659 -> 
  custom:AudioImporter_EditorPlatform: d09bf68614088b80899f8185d706f6e7 -> 
  custom:video-encoder-webm-vp8: eb34c28f22e8b96e1ab97ce403110664 -> 
  custom:audio-decoder-ogg-vorbis: bf7c407c2cedff20999df2af8eb42d56 -> 
  custom:audio-encoder-webm-vorbis: bf7c407c2cedff20999df2af8eb42d56 -> 
========================================================================
Received Prepare
Begin MonoManager ReloadAssembly
Symbol file data-0000017A91B501C0 doesn't match image C:\Users\Emre\OneDrive\Belgeler\GitHub\oua-bootcamp-grup23\oua-bootcamp-2024-g23\Library\ScriptAssemblies\Unity.Timeline.dll
Symbol file LoadedFromMemory is not a mono symbol file
Symbol file data-0000017A9BE09F80 doesn't match image C:\Users\Emre\OneDrive\Belgeler\GitHub\oua-bootcamp-grup23\oua-bootcamp-2024-g23\Library\ScriptAssemblies\Unity.TestTools.CodeCoverage.Editor.OpenCover.Mono.Reflection.dll
Symbol file LoadedFromMemory is not a mono symbol file
Symbol file data-0000017A9C10C1F0 doesn't match image C:\Users\Emre\OneDrive\Belgeler\GitHub\oua-bootcamp-grup23\oua-bootcamp-2024-g23\Library\ScriptAssemblies\UnityEngine.UI.dll
Symbol file LoadedFromMemory is not a mono symbol file
Symbol file data-0000017A99DA5280 doesn't match image C:\Users\Emre\OneDrive\Belgeler\GitHub\oua-bootcamp-grup23\oua-bootcamp-2024-g23\Library\ScriptAssemblies\Unity.EditorCoroutines.Editor.dll
Symbol file LoadedFromMemory is not a mono symbol file
Symbol file data-0000017A9BE09F80 doesn't match image C:\Users\Emre\OneDrive\Belgeler\GitHub\oua-bootcamp-grup23\oua-bootcamp-2024-g23\Library\ScriptAssemblies\Unity.VisualScripting.SettingsProvider.Editor.dll
Symbol file LoadedFromMemory is not a mono symbol file
Symbol file data-0000017A9BC814A0 doesn't match image C:\Users\Emre\OneDrive\Belgeler\GitHub\oua-bootcamp-grup23\oua-bootcamp-2024-g23\Library\ScriptAssemblies\Unity.Performance.Profile-Analyzer.Editor.dll
Symbol file LoadedFromMemory is not a mono symbol file
Symbol file data-0000017A9C716020 doesn't match image C:\Users\Emre\OneDrive\Belgeler\GitHub\oua-bootcamp-grup23\oua-bootcamp-2024-g23\Library\ScriptAssemblies\Unity.TestTools.CodeCoverage.Editor.dll
Symbol file LoadedFromMemory is not a mono symbol file
Symbol file data-0000017A4B2A6940 doesn't match image C:\Users\Emre\OneDrive\Belgeler\GitHub\oua-bootcamp-grup23\oua-bootcamp-2024-g23\Library\ScriptAssemblies\Unity.TestTools.CodeCoverage.Editor.OpenCover.Model.dll
Symbol file LoadedFromMemory is not a mono symbol file
Symbol file data-0000017A99AA0020 doesn't match image C:\Users\Emre\OneDrive\Belgeler\GitHub\oua-bootcamp-grup23\oua-bootcamp-2024-g23\Library\ScriptAssemblies\Unity.PlasticSCM.Editor.dll
Symbol file LoadedFromMemory is not a mono symbol file
Symbol file data-0000017A8EEA3A50 doesn't match image C:\Users\Emre\OneDrive\Belgeler\GitHub\oua-bootcamp-grup23\oua-bootcamp-2024-g23\Library\ScriptAssemblies\UnityEngine.TestRunner.dll
Symbol file LoadedFromMemory is not a mono symbol file
Symbol file data-0000017A90CB4CD0 doesn't match image C:\Users\Emre\OneDrive\Belgeler\GitHub\oua-bootcamp-grup23\oua-bootcamp-2024-g23\Library\ScriptAssemblies\Unity.VisualScripting.State.Editor.dll
Symbol file LoadedFromMemory is not a mono symbol file
Symbol file data-0000017A4B3D5DE0 doesn't match image C:\Users\Emre\OneDrive\Belgeler\GitHub\oua-bootcamp-grup23\oua-bootcamp-2024-g23\Library\ScriptAssemblies\Unity.Timeline.Editor.dll
Symbol file LoadedFromMemory is not a mono symbol file
Symbol file data-0000017A9C2A7370 doesn't match image C:\Users\Emre\OneDrive\Belgeler\GitHub\oua-bootcamp-grup23\oua-bootcamp-2024-g23\Library\ScriptAssemblies\Unity.Settings.Editor.dll
Symbol file LoadedFromMemory is not a mono symbol file
Symbol file data-0000017A9BE09F80 doesn't match image C:\Users\Emre\OneDrive\Belgeler\GitHub\oua-bootcamp-grup23\oua-bootcamp-2024-g23\Library\ScriptAssemblies\Unity.VisualScripting.Shared.Editor.dll
Symbol file LoadedFromMemory is not a mono symbol file
Symbol file data-0000017A8EBDF840 doesn't match image C:\Users\Emre\OneDrive\Belgeler\GitHub\oua-bootcamp-grup23\oua-bootcamp-2024-g23\Library\ScriptAssemblies\Unity.CollabProxy.Editor.dll
Symbol file LoadedFromMemory is not a mono symbol file
Symbol file data-0000017A8EEA3A50 doesn't match image C:\Users\Emre\OneDrive\Belgeler\GitHub\oua-bootcamp-grup23\oua-bootcamp-2024-g23\Library\ScriptAssemblies\Unity.VisualStudio.Editor.dll
Symbol file LoadedFromMemory is not a mono symbol file
Symbol file data-0000017A923E4020 doesn't match image C:\Users\Emre\OneDrive\Belgeler\GitHub\oua-bootcamp-grup23\oua-bootcamp-2024-g23\Library\ScriptAssemblies\Unity.TextMeshPro.dll
Symbol file LoadedFromMemory is not a mono symbol file
Symbol file data-0000017A99AA0020 doesn't match image C:\Users\Emre\OneDrive\Belgeler\GitHub\oua-bootcamp-grup23\oua-bootcamp-2024-g23\Library\ScriptAssemblies\Unity.VisualScripting.Core.dll
Symbol file LoadedFromMemory is not a mono symbol file
Symbol file data-0000017A9BD4DD70 doesn't match image C:\Users\Emre\OneDrive\Belgeler\GitHub\oua-bootcamp-grup23\oua-bootcamp-2024-g23\Library\ScriptAssemblies\Unity.TextMeshPro.Editor.dll
Symbol file LoadedFromMemory is not a mono symbol file
Symbol file data-0000017A90CB4CD0 doesn't match image C:\Users\Emre\OneDrive\Belgeler\GitHub\oua-bootcamp-grup23\oua-bootcamp-2024-g23\Library\ScriptAssemblies\UnityEditor.UI.dll
Symbol file LoadedFromMemory is not a mono symbol file
Symbol file data-0000017A9C8702F0 doesn't match image C:\Users\Emre\OneDrive\Belgeler\GitHub\oua-bootcamp-grup23\oua-bootcamp-2024-g23\Library\ScriptAssemblies\Unity.VisualScripting.Core.Editor.dll
Symbol file LoadedFromMemory is not a mono symbol file
Symbol file data-0000017A99538020 doesn't match image C:\Users\Emre\OneDrive\Belgeler\GitHub\oua-bootcamp-grup23\oua-bootcamp-2024-g23\Library\ScriptAssemblies\Unity.Rider.Editor.dll
Symbol file LoadedFromMemory is not a mono symbol file
Symbol file data-0000017A4B2A6940 doesn't match image C:\Users\Emre\OneDrive\Belgeler\GitHub\oua-bootcamp-grup23\oua-bootcamp-2024-g23\Library\ScriptAssemblies\Unity.VisualScripting.State.dll
Symbol file LoadedFromMemory is not a mono symbol file
Symbol file data-0000017A91BDF010 doesn't match image C:\Users\Emre\OneDrive\Belgeler\GitHub\oua-bootcamp-grup23\oua-bootcamp-2024-g23\Library\ScriptAssemblies\Unity.VSCode.Editor.dll
Symbol file LoadedFromMemory is not a mono symbol file
Symbol file data-0000017A4AAE03F0 doesn't match image C:\Users\Emre\OneDrive\Belgeler\GitHub\oua-bootcamp-grup23\oua-bootcamp-2024-g23\Library\ScriptAssemblies\UnityEditor.TestRunner.dll
Symbol file LoadedFromMemory is not a mono symbol file
Symbol file data-0000017A8EDFB030 doesn't match image C:\Users\Emre\OneDrive\Belgeler\GitHub\oua-bootcamp-grup23\oua-bootcamp-2024-g23\Library\ScriptAssemblies\Unity.VisualScripting.Flow.dll
Symbol file LoadedFromMemory is not a mono symbol file
Symbol file data-0000017A9BEE2B90 doesn't match image C:\Users\Emre\OneDrive\Belgeler\GitHub\oua-bootcamp-grup23\oua-bootcamp-2024-g23\Library\ScriptAssemblies\Unity.VisualScripting.Flow.Editor.dll
Symbol file LoadedFromMemory is not a mono symbol file
- Loaded All Assemblies, in  0.517 seconds
Refreshing native plugins compatible for Editor in 2.84 ms, found 3 plugins.
Native extension for WindowsStandalone target not found
Native extension for Android target not found
[Package Manager] Server::EnsureServerProcessIsRunning -- launch failed, reason: Unity was launched with the -noUpm command-line argument
[Package Manager] UpmClient::Send -- Unable to send message (not connected to UPM process).
[Package Manager] Cannot connect to Unity Package Manager local server
Mono: successfully reloaded assembly
- Finished resetting the current domain, in  0.922 seconds
Domain Reload Profiling: 1437ms
	BeginReloadAssembly (157ms)
		ExecutionOrderSort (0ms)
		DisableScriptedObjects (5ms)
		BackupInstance (0ms)
		ReleaseScriptingObjects (0ms)
		CreateAndSetChildDomain (40ms)
	RebuildCommonClasses (32ms)
	RebuildNativeTypeToScriptingClass (12ms)
	initialDomainReloadingComplete (27ms)
	LoadAllAssembliesAndSetupDomain (287ms)
		LoadAssemblies (345ms)
		RebuildTransferFunctionScriptingTraits (0ms)
		AnalyzeDomain (23ms)
			TypeCache.Refresh (11ms)
				TypeCache.ScanAssembly (1ms)
			ScanForSourceGeneratedMonoScriptInfo (6ms)
			ResolveRequiredComponents (5ms)
	FinalizeReload (923ms)
		ReleaseScriptCaches (0ms)
		RebuildScriptCaches (0ms)
		SetupLoadedEditorAssemblies (467ms)
			LogAssemblyErrors (0ms)
			InitializePlatformSupportModulesInManaged (24ms)
			SetLoadedEditorAssemblies (4ms)
			RefreshPlugins (0ms)
			BeforeProcessingInitializeOnLoad (94ms)
			ProcessInitializeOnLoadAttributes (315ms)
			ProcessInitializeOnLoadMethodAttributes (24ms)
			AfterProcessingInitializeOnLoad (6ms)
			EditorAssembliesLoaded (0ms)
		ExecutionOrderSort2 (0ms)
		AwakeInstancesAfterBackupRestoration (5ms)
Refreshing native plugins compatible for Editor in 2.52 ms, found 3 plugins.
Preloading 0 native plugins for Editor in 0.00 ms.
Unloading 3129 Unused Serialized files (Serialized files now loaded: 0)
Unloading 25 unused Assets / (32.2 KB). Loaded Objects now: 3626.
Memory consumption went from 125.6 MB to 125.6 MB.
Total: 3.112000 ms (FindLiveObjects: 0.292500 ms CreateObjectMapping: 0.118700 ms MarkObjects: 2.601400 ms  DeleteObjects: 0.097700 ms)

Prepare: number of updated asset objects reloaded= 0
AssetImportParameters requested are different than current active one (requested -> active):
  custom:container-demuxer-ogg: 62fdf1f143b41e24485cea50d1cbac27 -> 
  custom:video-decoder-ogg-theora: a1e56fd34408186e4bbccfd4996cb3dc -> 
  custom:framework-win-MediaFoundation: 216162199b28c13a410421893ffa2e32 -> 
  custom:CustomObjectIndexerAttribute: 9a22284fe3817be447336de3de66b15e -> 
  custom:container-demuxer-webm: 4f35f7cbe854078d1ac9338744f61a02 -> 
  custom:container-muxer-webm: aa71ff27fc2769a1b78a27578f13a17b -> 
  custom:video-decoder-webm-vp8: 9c59270c3fd7afecdb556c50c9e8de78 -> 
  custom:SearchIndexIgnoredProperties: e643bd26f0fe6173181afceb89e7c659 -> 
  custom:AudioImporter_EditorPlatform: d09bf68614088b80899f8185d706f6e7 -> 
  custom:video-encoder-webm-vp8: eb34c28f22e8b96e1ab97ce403110664 -> 
  custom:audio-decoder-ogg-vorbis: bf7c407c2cedff20999df2af8eb42d56 -> 
  custom:audio-encoder-webm-vorbis: bf7c407c2cedff20999df2af8eb42d56 -> 
========================================================================
Received Prepare
Begin MonoManager ReloadAssembly
Symbol file data-0000017A91B501C0 doesn't match image C:\Users\Emre\OneDrive\Belgeler\GitHub\oua-bootcamp-grup23\oua-bootcamp-2024-g23\Library\ScriptAssemblies\Unity.Timeline.dll
Symbol file LoadedFromMemory is not a mono symbol file
Symbol file data-0000017A8F195010 doesn't match image C:\Users\Emre\OneDrive\Belgeler\GitHub\oua-bootcamp-grup23\oua-bootcamp-2024-g23\Library\ScriptAssemblies\Unity.TestTools.CodeCoverage.Editor.OpenCover.Mono.Reflection.dll
Symbol file LoadedFromMemory is not a mono symbol file
Symbol file data-0000017A9C10C1F0 doesn't match image C:\Users\Emre\OneDrive\Belgeler\GitHub\oua-bootcamp-grup23\oua-bootcamp-2024-g23\Library\ScriptAssemblies\UnityEngine.UI.dll
Symbol file LoadedFromMemory is not a mono symbol file
Symbol file data-0000017A99DA5280 doesn't match image C:\Users\Emre\OneDrive\Belgeler\GitHub\oua-bootcamp-grup23\oua-bootcamp-2024-g23\Library\ScriptAssemblies\Unity.EditorCoroutines.Editor.dll
Symbol file LoadedFromMemory is not a mono symbol file
Symbol file data-0000017A8F195010 doesn't match image C:\Users\Emre\OneDrive\Belgeler\GitHub\oua-bootcamp-grup23\oua-bootcamp-2024-g23\Library\ScriptAssemblies\Unity.VisualScripting.SettingsProvider.Editor.dll
Symbol file LoadedFromMemory is not a mono symbol file
Symbol file data-0000017A91DAC020 doesn't match image C:\Users\Emre\OneDrive\Belgeler\GitHub\oua-bootcamp-grup23\oua-bootcamp-2024-g23\Library\ScriptAssemblies\Unity.Performance.Profile-Analyzer.Editor.dll
Symbol file LoadedFromMemory is not a mono symbol file
Symbol file data-0000017A999A8060 doesn't match image C:\Users\Emre\OneDrive\Belgeler\GitHub\oua-bootcamp-grup23\oua-bootcamp-2024-g23\Library\ScriptAssemblies\Unity.TestTools.CodeCoverage.Editor.dll
Symbol file LoadedFromMemory is not a mono symbol file
Symbol file data-0000017A4B2A6940 doesn't match image C:\Users\Emre\OneDrive\Belgeler\GitHub\oua-bootcamp-grup23\oua-bootcamp-2024-g23\Library\ScriptAssemblies\Unity.TestTools.CodeCoverage.Editor.OpenCover.Model.dll
Symbol file LoadedFromMemory is not a mono symbol file
Symbol file data-0000017A995EE030 doesn't match image C:\Users\Emre\OneDrive\Belgeler\GitHub\oua-bootcamp-grup23\oua-bootcamp-2024-g23\Library\ScriptAssemblies\Unity.PlasticSCM.Editor.dll
Symbol file LoadedFromMemory is not a mono symbol file
Symbol file data-0000017A9C361E20 doesn't match image C:\Users\Emre\OneDrive\Belgeler\GitHub\oua-bootcamp-grup23\oua-bootcamp-2024-g23\Library\ScriptAssemblies\UnityEngine.TestRunner.dll
Symbol file LoadedFromMemory is not a mono symbol file
Symbol file data-0000017A9BCD97A0 doesn't match image C:\Users\Emre\OneDrive\Belgeler\GitHub\oua-bootcamp-grup23\oua-bootcamp-2024-g23\Library\ScriptAssemblies\Unity.VisualScripting.State.Editor.dll
Symbol file LoadedFromMemory is not a mono symbol file
Symbol file data-0000017A4B3D5DE0 doesn't match image C:\Users\Emre\OneDrive\Belgeler\GitHub\oua-bootcamp-grup23\oua-bootcamp-2024-g23\Library\ScriptAssemblies\Unity.Timeline.Editor.dll
Symbol file LoadedFromMemory is not a mono symbol file
Symbol file data-0000017A8F1C6040 doesn't match image C:\Users\Emre\OneDrive\Belgeler\GitHub\oua-bootcamp-grup23\oua-bootcamp-2024-g23\Library\ScriptAssemblies\Unity.Settings.Editor.dll
Symbol file LoadedFromMemory is not a mono symbol file
Symbol file data-0000017A8F195010 doesn't match image C:\Users\Emre\OneDrive\Belgeler\GitHub\oua-bootcamp-grup23\oua-bootcamp-2024-g23\Library\ScriptAssemblies\Unity.VisualScripting.Shared.Editor.dll
Symbol file LoadedFromMemory is not a mono symbol file
Symbol file data-0000017A9B4ED250 doesn't match image C:\Users\Emre\OneDrive\Belgeler\GitHub\oua-bootcamp-grup23\oua-bootcamp-2024-g23\Library\ScriptAssemblies\Unity.CollabProxy.Editor.dll
Symbol file LoadedFromMemory is not a mono symbol file
Symbol file data-0000017A9C361E20 doesn't match image C:\Users\Emre\OneDrive\Belgeler\GitHub\oua-bootcamp-grup23\oua-bootcamp-2024-g23\Library\ScriptAssemblies\Unity.VisualStudio.Editor.dll
Symbol file LoadedFromMemory is not a mono symbol file
Symbol file data-0000017A9C30C500 doesn't match image C:\Users\Emre\OneDrive\Belgeler\GitHub\oua-bootcamp-grup23\oua-bootcamp-2024-g23\Library\ScriptAssemblies\Unity.TextMeshPro.dll
Symbol file LoadedFromMemory is not a mono symbol file
Symbol file data-0000017A995EE030 doesn't match image C:\Users\Emre\OneDrive\Belgeler\GitHub\oua-bootcamp-grup23\oua-bootcamp-2024-g23\Library\ScriptAssemblies\Unity.VisualScripting.Core.dll
Symbol file LoadedFromMemory is not a mono symbol file
Symbol file data-0000017A4B3AA010 doesn't match image C:\Users\Emre\OneDrive\Belgeler\GitHub\oua-bootcamp-grup23\oua-bootcamp-2024-g23\Library\ScriptAssemblies\Unity.TextMeshPro.Editor.dll
Symbol file LoadedFromMemory is not a mono symbol file
Symbol file data-0000017A9BCD97A0 doesn't match image C:\Users\Emre\OneDrive\Belgeler\GitHub\oua-bootcamp-grup23\oua-bootcamp-2024-g23\Library\ScriptAssemblies\UnityEditor.UI.dll
Symbol file LoadedFromMemory is not a mono symbol file
Symbol file data-0000017A9C8702F0 doesn't match image C:\Users\Emre\OneDrive\Belgeler\GitHub\oua-bootcamp-grup23\oua-bootcamp-2024-g23\Library\ScriptAssemblies\Unity.VisualScripting.Core.Editor.dll
Symbol file LoadedFromMemory is not a mono symbol file
Symbol file data-0000017A9BD5DD80 doesn't match image C:\Users\Emre\OneDrive\Belgeler\GitHub\oua-bootcamp-grup23\oua-bootcamp-2024-g23\Library\ScriptAssemblies\Unity.Rider.Editor.dll
Symbol file LoadedFromMemory is not a mono symbol file
Symbol file data-0000017A4B2A6940 doesn't match image C:\Users\Emre\OneDrive\Belgeler\GitHub\oua-bootcamp-grup23\oua-bootcamp-2024-g23\Library\ScriptAssemblies\Unity.VisualScripting.State.dll
Symbol file LoadedFromMemory is not a mono symbol file
Symbol file data-0000017A91BDF010 doesn't match image C:\Users\Emre\OneDrive\Belgeler\GitHub\oua-bootcamp-grup23\oua-bootcamp-2024-g23\Library\ScriptAssemblies\Unity.VSCode.Editor.dll
Symbol file LoadedFromMemory is not a mono symbol file
Symbol file data-0000017A91D38020 doesn't match image C:\Users\Emre\OneDrive\Belgeler\GitHub\oua-bootcamp-grup23\oua-bootcamp-2024-g23\Library\ScriptAssemblies\UnityEditor.TestRunner.dll
Symbol file LoadedFromMemory is not a mono symbol file
Symbol file data-0000017A4B25BE50 doesn't match image C:\Users\Emre\OneDrive\Belgeler\GitHub\oua-bootcamp-grup23\oua-bootcamp-2024-g23\Library\ScriptAssemblies\Unity.VisualScripting.Flow.dll
Symbol file LoadedFromMemory is not a mono symbol file
Symbol file data-0000017A91DAC020 doesn't match image C:\Users\Emre\OneDrive\Belgeler\GitHub\oua-bootcamp-grup23\oua-bootcamp-2024-g23\Library\ScriptAssemblies\Unity.VisualScripting.Flow.Editor.dll
Symbol file LoadedFromMemory is not a mono symbol file
- Loaded All Assemblies, in  0.483 seconds
Refreshing native plugins compatible for Editor in 2.68 ms, found 3 plugins.
Native extension for WindowsStandalone target not found
Native extension for Android target not found
[Package Manager] Server::EnsureServerProcessIsRunning -- launch failed, reason: Unity was launched with the -noUpm command-line argument
[Package Manager] UpmClient::Send -- Unable to send message (not connected to UPM process).
[Package Manager] Cannot connect to Unity Package Manager local server
Mono: successfully reloaded assembly
- Finished resetting the current domain, in  1.302 seconds
Domain Reload Profiling: 1784ms
	BeginReloadAssembly (156ms)
		ExecutionOrderSort (0ms)
		DisableScriptedObjects (5ms)
		BackupInstance (0ms)
		ReleaseScriptingObjects (0ms)
		CreateAndSetChildDomain (39ms)
	RebuildCommonClasses (30ms)
	RebuildNativeTypeToScriptingClass (11ms)
	initialDomainReloadingComplete (28ms)
	LoadAllAssembliesAndSetupDomain (256ms)
		LoadAssemblies (318ms)
		RebuildTransferFunctionScriptingTraits (0ms)
		AnalyzeDomain (15ms)
			TypeCache.Refresh (7ms)
				TypeCache.ScanAssembly (0ms)
			ScanForSourceGeneratedMonoScriptInfo (0ms)
			ResolveRequiredComponents (6ms)
	FinalizeReload (1303ms)
		ReleaseScriptCaches (0ms)
		RebuildScriptCaches (0ms)
		SetupLoadedEditorAssemblies (691ms)
			LogAssemblyErrors (0ms)
			InitializePlatformSupportModulesInManaged (33ms)
			SetLoadedEditorAssemblies (6ms)
			RefreshPlugins (0ms)
			BeforeProcessingInitializeOnLoad (122ms)
			ProcessInitializeOnLoadAttributes (487ms)
			ProcessInitializeOnLoadMethodAttributes (36ms)
			AfterProcessingInitializeOnLoad (7ms)
			EditorAssembliesLoaded (0ms)
		ExecutionOrderSort2 (0ms)
		AwakeInstancesAfterBackupRestoration (8ms)
Refreshing native plugins compatible for Editor in 4.38 ms, found 3 plugins.
Preloading 0 native plugins for Editor in 0.00 ms.
Unloading 3129 Unused Serialized files (Serialized files now loaded: 0)
Unloading 24 unused Assets / (31.7 KB). Loaded Objects now: 3629.
Memory consumption went from 125.6 MB to 125.6 MB.
Total: 3.642200 ms (FindLiveObjects: 0.411300 ms CreateObjectMapping: 0.149000 ms MarkObjects: 3.019300 ms  DeleteObjects: 0.060200 ms)

Prepare: number of updated asset objects reloaded= 0
AssetImportParameters requested are different than current active one (requested -> active):
  custom:container-demuxer-ogg: 62fdf1f143b41e24485cea50d1cbac27 -> 
  custom:video-decoder-ogg-theora: a1e56fd34408186e4bbccfd4996cb3dc -> 
  custom:framework-win-MediaFoundation: 216162199b28c13a410421893ffa2e32 -> 
  custom:CustomObjectIndexerAttribute: 9a22284fe3817be447336de3de66b15e -> 
  custom:container-demuxer-webm: 4f35f7cbe854078d1ac9338744f61a02 -> 
  custom:container-muxer-webm: aa71ff27fc2769a1b78a27578f13a17b -> 
  custom:video-decoder-webm-vp8: 9c59270c3fd7afecdb556c50c9e8de78 -> 
  custom:SearchIndexIgnoredProperties: e643bd26f0fe6173181afceb89e7c659 -> 
  custom:AudioImporter_EditorPlatform: d09bf68614088b80899f8185d706f6e7 -> 
  custom:video-encoder-webm-vp8: eb34c28f22e8b96e1ab97ce403110664 -> 
  custom:audio-decoder-ogg-vorbis: bf7c407c2cedff20999df2af8eb42d56 -> 
  custom:audio-encoder-webm-vorbis: bf7c407c2cedff20999df2af8eb42d56 -> 
