Using pre-set license
Built from '2022.3/staging' branch; Version is '2022.3.36f1 (95a4219250e5) revision 9806881'; Using compiler version '192829333'; Build Type 'Release'
OS: 'Windows 11  (10.0.22631) 64bit Enterprise' Language: 'tr' Physical Memory: 15791 MB
BatchMode: 1, IsHumanControllingUs: 0, StartBugReporterOnCrash: 0, Is64bit: 1, IsPro: 1

COMMAND LINE ARGUMENTS:
C:\Program Files\Unity\Hub\Editor\2022.3.36f1\Editor\Unity.exe
-adb2
-batchMode
-noUpm
-name
AssetImportWorker2
-projectPath
C:/Users/Emre/OneDrive/Belgeler/GitHub/oua-bootcamp-grup23/oua-bootcamp-2024-g23
-logFile
Logs/AssetImportWorker2.log
-srvPort
60586
Successfully changed project path to: C:/Users/Emre/OneDrive/Belgeler/GitHub/oua-bootcamp-grup23/oua-bootcamp-2024-g23
C:/Users/Emre/OneDrive/Belgeler/GitHub/oua-bootcamp-grup23/oua-bootcamp-2024-g23
[UnityMemory] Configuration Parameters - Can be set up in boot.config
    "memorysetup-bucket-allocator-granularity=16"
    "memorysetup-bucket-allocator-bucket-count=8"
    "memorysetup-bucket-allocator-block-size=33554432"
    "memorysetup-bucket-allocator-block-count=8"
    "memorysetup-main-allocator-block-size=16777216"
    "memorysetup-thread-allocator-block-size=16777216"
    "memorysetup-gfx-main-allocator-block-size=16777216"
    "memorysetup-gfx-thread-allocator-block-size=16777216"
    "memorysetup-cache-allocator-block-size=4194304"
    "memorysetup-typetree-allocator-block-size=2097152"
    "memorysetup-profiler-bucket-allocator-granularity=16"
    "memorysetup-profiler-bucket-allocator-bucket-count=8"
    "memorysetup-profiler-bucket-allocator-block-size=33554432"
    "memorysetup-profiler-bucket-allocator-block-count=8"
    "memorysetup-profiler-allocator-block-size=16777216"
    "memorysetup-profiler-editor-allocator-block-size=1048576"
    "memorysetup-temp-allocator-size-main=16777216"
    "memorysetup-job-temp-allocator-block-size=2097152"
    "memorysetup-job-temp-allocator-block-size-background=1048576"
    "memorysetup-job-temp-allocator-reduction-small-platforms=262144"
    "memorysetup-allocator-temp-initial-block-size-main=262144"
    "memorysetup-allocator-temp-initial-block-size-worker=262144"
    "memorysetup-temp-allocator-size-background-worker=32768"
    "memorysetup-temp-allocator-size-job-worker=262144"
    "memorysetup-temp-allocator-size-preload-manager=33554432"
    "memorysetup-temp-allocator-size-nav-mesh-worker=65536"
    "memorysetup-temp-allocator-size-audio-worker=65536"
    "memorysetup-temp-allocator-size-cloud-worker=32768"
    "memorysetup-temp-allocator-size-gi-baking-worker=262144"
    "memorysetup-temp-allocator-size-gfx=262144"
Player connection [28524] Host "[IP] 192.168.1.34 [Port] 0 [Flags] 2 [Guid] 382273247 [EditorId] 382273247 [Version] 1048832 [Id] WindowsEditor(7,DESKTOP-V3E4VCU) [Debug] 1 [PackageName] WindowsEditor [ProjectName] Editor" joined multi-casting on [225.0.0.222:54997]...

Player connection [28524] Host "[IP] 192.168.1.34 [Port] 0 [Flags] 2 [Guid] 382273247 [EditorId] 382273247 [Version] 1048832 [Id] WindowsEditor(7,DESKTOP-V3E4VCU) [Debug] 1 [PackageName] WindowsEditor [ProjectName] Editor" joined alternative multi-casting on [225.0.0.222:34997]...

[PhysX] Initialized MultithreadedTaskDispatcher with 16 workers.
Refreshing native plugins compatible for Editor in 112.02 ms, found 3 plugins.
Preloading 0 native plugins for Editor in 0.00 ms.
Initialize engine version: 2022.3.36f1 (95a4219250e5)
[Subsystems] Discovering subsystems at path C:/Program Files/Unity/Hub/Editor/2022.3.36f1/Editor/Data/Resources/UnitySubsystems
[Subsystems] Discovering subsystems at path C:/Users/Emre/OneDrive/Belgeler/GitHub/oua-bootcamp-grup23/oua-bootcamp-2024-g23/Assets
GfxDevice: creating device client; threaded=0; jobified=0
Direct3D:
    Version:  Direct3D 11.0 [level 11.1]
    Renderer: NVIDIA GeForce RTX 3050 Laptop GPU (ID=0x25a5)
    Vendor:   NVIDIA
    VRAM:     3977 MB
    Driver:   31.0.15.4680
Initialize mono
Mono path[0] = 'C:/Program Files/Unity/Hub/Editor/2022.3.36f1/Editor/Data/Managed'
Mono path[1] = 'C:/Program Files/Unity/Hub/Editor/2022.3.36f1/Editor/Data/MonoBleedingEdge/lib/mono/unityjit-win32'
Mono config path = 'C:/Program Files/Unity/Hub/Editor/2022.3.36f1/Editor/Data/MonoBleedingEdge/etc'
Using monoOptions --debugger-agent=transport=dt_socket,embedding=1,server=y,suspend=n,address=127.0.0.1:56060
Begin MonoManager ReloadAssembly
Registering precompiled unity dll's ...
Register platform support module: C:/Program Files/Unity/Hub/Editor/2022.3.36f1/Editor/Data/PlaybackEngines/AndroidPlayer/UnityEditor.Android.Extensions.dll
Register platform support module: C:/Program Files/Unity/Hub/Editor/2022.3.36f1/Editor/Data/PlaybackEngines/WindowsStandaloneSupport/UnityEditor.WindowsStandalone.Extensions.dll
Registered in 0.006433 seconds.
- Loaded All Assemblies, in  1.063 seconds
Native extension for WindowsStandalone target not found
Native extension for Android target not found
Android Extension - Scanning For ADB Devices 485 ms
Mono: successfully reloaded assembly
- Finished resetting the current domain, in  0.875 seconds
Domain Reload Profiling: 1937ms
	BeginReloadAssembly (157ms)
		ExecutionOrderSort (0ms)
		DisableScriptedObjects (0ms)
		BackupInstance (0ms)
		ReleaseScriptingObjects (0ms)
		CreateAndSetChildDomain (1ms)
	RebuildCommonClasses (186ms)
	RebuildNativeTypeToScriptingClass (11ms)
	initialDomainReloadingComplete (61ms)
	LoadAllAssembliesAndSetupDomain (647ms)
		LoadAssemblies (155ms)
		RebuildTransferFunctionScriptingTraits (0ms)
		AnalyzeDomain (643ms)
			TypeCache.Refresh (642ms)
				TypeCache.ScanAssembly (382ms)
			ScanForSourceGeneratedMonoScriptInfo (0ms)
			ResolveRequiredComponents (1ms)
	FinalizeReload (875ms)
		ReleaseScriptCaches (0ms)
		RebuildScriptCaches (0ms)
		SetupLoadedEditorAssemblies (806ms)
			LogAssemblyErrors (0ms)
			InitializePlatformSupportModulesInManaged (608ms)
			SetLoadedEditorAssemblies (6ms)
			RefreshPlugins (0ms)
			BeforeProcessingInitializeOnLoad (3ms)
			ProcessInitializeOnLoadAttributes (128ms)
			ProcessInitializeOnLoadMethodAttributes (62ms)
			AfterProcessingInitializeOnLoad (0ms)
			EditorAssembliesLoaded (0ms)
		ExecutionOrderSort2 (0ms)
		AwakeInstancesAfterBackupRestoration (0ms)
========================================================================
Worker process is ready to serve import requests
Begin MonoManager ReloadAssembly
Symbol file data-000002090EF6C010 doesn't match image C:\Users\Emre\OneDrive\Belgeler\GitHub\oua-bootcamp-grup23\oua-bootcamp-2024-g23\Library\ScriptAssemblies\Unity.Timeline.dll
Symbol file LoadedFromMemory is not a mono symbol file
Symbol file data-000002090F784020 doesn't match image C:\Users\Emre\OneDrive\Belgeler\GitHub\oua-bootcamp-grup23\oua-bootcamp-2024-g23\Library\ScriptAssemblies\Unity.TestTools.CodeCoverage.Editor.OpenCover.Mono.Reflection.dll
Symbol file LoadedFromMemory is not a mono symbol file
Symbol file data-000002090F0B0010 doesn't match image C:\Users\Emre\OneDrive\Belgeler\GitHub\oua-bootcamp-grup23\oua-bootcamp-2024-g23\Library\ScriptAssemblies\UnityEngine.UI.dll
Symbol file LoadedFromMemory is not a mono symbol file
Symbol file data-000002090DDA19D0 doesn't match image C:\Users\Emre\OneDrive\Belgeler\GitHub\oua-bootcamp-grup23\oua-bootcamp-2024-g23\Library\ScriptAssemblies\Unity.EditorCoroutines.Editor.dll
Symbol file LoadedFromMemory is not a mono symbol file
Symbol file data-000002090F784020 doesn't match image C:\Users\Emre\OneDrive\Belgeler\GitHub\oua-bootcamp-grup23\oua-bootcamp-2024-g23\Library\ScriptAssemblies\Unity.VisualScripting.SettingsProvider.Editor.dll
Symbol file LoadedFromMemory is not a mono symbol file
Symbol file data-000002090F0B0010 doesn't match image C:\Users\Emre\OneDrive\Belgeler\GitHub\oua-bootcamp-grup23\oua-bootcamp-2024-g23\Library\ScriptAssemblies\Unity.Performance.Profile-Analyzer.Editor.dll
Symbol file LoadedFromMemory is not a mono symbol file
Symbol file data-000002090F0E5580 doesn't match image C:\Users\Emre\OneDrive\Belgeler\GitHub\oua-bootcamp-grup23\oua-bootcamp-2024-g23\Library\ScriptAssemblies\Unity.TestTools.CodeCoverage.Editor.dll
Symbol file LoadedFromMemory is not a mono symbol file
Symbol file data-000002090F0D3020 doesn't match image C:\Users\Emre\OneDrive\Belgeler\GitHub\oua-bootcamp-grup23\oua-bootcamp-2024-g23\Library\ScriptAssemblies\Unity.TestTools.CodeCoverage.Editor.OpenCover.Model.dll
Symbol file LoadedFromMemory is not a mono symbol file
Symbol file data-000002090FBB7000 doesn't match image C:\Users\Emre\OneDrive\Belgeler\GitHub\oua-bootcamp-grup23\oua-bootcamp-2024-g23\Library\ScriptAssemblies\Unity.PlasticSCM.Editor.dll
Symbol file LoadedFromMemory is not a mono symbol file
Symbol file data-000002090F0E5580 doesn't match image C:\Users\Emre\OneDrive\Belgeler\GitHub\oua-bootcamp-grup23\oua-bootcamp-2024-g23\Library\ScriptAssemblies\UnityEngine.TestRunner.dll
Symbol file LoadedFromMemory is not a mono symbol file
Symbol file data-000002090FBB7000 doesn't match image C:\Users\Emre\OneDrive\Belgeler\GitHub\oua-bootcamp-grup23\oua-bootcamp-2024-g23\Library\ScriptAssemblies\Unity.VisualScripting.State.Editor.dll
Symbol file LoadedFromMemory is not a mono symbol file
Symbol file data-000002090FBB7000 doesn't match image C:\Users\Emre\OneDrive\Belgeler\GitHub\oua-bootcamp-grup23\oua-bootcamp-2024-g23\Library\ScriptAssemblies\Unity.Timeline.Editor.dll
Symbol file LoadedFromMemory is not a mono symbol file
Symbol file data-000002090F0D3020 doesn't match image C:\Users\Emre\OneDrive\Belgeler\GitHub\oua-bootcamp-grup23\oua-bootcamp-2024-g23\Library\ScriptAssemblies\Unity.Settings.Editor.dll
Symbol file LoadedFromMemory is not a mono symbol file
Symbol file data-000002090F0D3020 doesn't match image C:\Users\Emre\OneDrive\Belgeler\GitHub\oua-bootcamp-grup23\oua-bootcamp-2024-g23\Library\ScriptAssemblies\Unity.VisualScripting.Shared.Editor.dll
Symbol file LoadedFromMemory is not a mono symbol file
Symbol file data-000002090F0D3020 doesn't match image C:\Users\Emre\OneDrive\Belgeler\GitHub\oua-bootcamp-grup23\oua-bootcamp-2024-g23\Library\ScriptAssemblies\Unity.CollabProxy.Editor.dll
Symbol file LoadedFromMemory is not a mono symbol file
Symbol file data-000002090FBE6420 doesn't match image C:\Users\Emre\OneDrive\Belgeler\GitHub\oua-bootcamp-grup23\oua-bootcamp-2024-g23\Library\ScriptAssemblies\Unity.VisualStudio.Editor.dll
Symbol file LoadedFromMemory is not a mono symbol file
Symbol file data-000002090FBE6420 doesn't match image C:\Users\Emre\OneDrive\Belgeler\GitHub\oua-bootcamp-grup23\oua-bootcamp-2024-g23\Library\ScriptAssemblies\Unity.TextMeshPro.dll
Symbol file LoadedFromMemory is not a mono symbol file
Symbol file data-000002090E208010 doesn't match image C:\Users\Emre\OneDrive\Belgeler\GitHub\oua-bootcamp-grup23\oua-bootcamp-2024-g23\Library\ScriptAssemblies\Unity.VisualScripting.Core.dll
Symbol file LoadedFromMemory is not a mono symbol file
Symbol file data-000002090F398A30 doesn't match image C:\Users\Emre\OneDrive\Belgeler\GitHub\oua-bootcamp-grup23\oua-bootcamp-2024-g23\Library\ScriptAssemblies\Unity.TextMeshPro.Editor.dll
Symbol file LoadedFromMemory is not a mono symbol file
Symbol file data-000002090F3B1A40 doesn't match image C:\Users\Emre\OneDrive\Belgeler\GitHub\oua-bootcamp-grup23\oua-bootcamp-2024-g23\Library\ScriptAssemblies\UnityEditor.UI.dll
Symbol file LoadedFromMemory is not a mono symbol file
Symbol file data-000002090E208010 doesn't match image C:\Users\Emre\OneDrive\Belgeler\GitHub\oua-bootcamp-grup23\oua-bootcamp-2024-g23\Library\ScriptAssemblies\Unity.VisualScripting.Core.Editor.dll
Symbol file LoadedFromMemory is not a mono symbol file
Symbol file data-000002090F3B1A40 doesn't match image C:\Users\Emre\OneDrive\Belgeler\GitHub\oua-bootcamp-grup23\oua-bootcamp-2024-g23\Library\ScriptAssemblies\Unity.Rider.Editor.dll
Symbol file LoadedFromMemory is not a mono symbol file
Symbol file data-000002090F3B1A40 doesn't match image C:\Users\Emre\OneDrive\Belgeler\GitHub\oua-bootcamp-grup23\oua-bootcamp-2024-g23\Library\ScriptAssemblies\Unity.VisualScripting.State.dll
Symbol file LoadedFromMemory is not a mono symbol file
Symbol file data-000002090FC22230 doesn't match image C:\Users\Emre\OneDrive\Belgeler\GitHub\oua-bootcamp-grup23\oua-bootcamp-2024-g23\Library\ScriptAssemblies\Unity.VSCode.Editor.dll
Symbol file LoadedFromMemory is not a mono symbol file
Symbol file data-000002090E242A20 doesn't match image C:\Users\Emre\OneDrive\Belgeler\GitHub\oua-bootcamp-grup23\oua-bootcamp-2024-g23\Library\ScriptAssemblies\UnityEditor.TestRunner.dll
Symbol file LoadedFromMemory is not a mono symbol file
Symbol file data-000002090E242A20 doesn't match image C:\Users\Emre\OneDrive\Belgeler\GitHub\oua-bootcamp-grup23\oua-bootcamp-2024-g23\Library\ScriptAssemblies\Unity.VisualScripting.Flow.dll
Symbol file LoadedFromMemory is not a mono symbol file
Symbol file data-000002090F552C30 doesn't match image C:\Users\Emre\OneDrive\Belgeler\GitHub\oua-bootcamp-grup23\oua-bootcamp-2024-g23\Library\ScriptAssemblies\Unity.VisualScripting.Flow.Editor.dll
Symbol file LoadedFromMemory is not a mono symbol file
- Loaded All Assemblies, in  2.623 seconds
Refreshing native plugins compatible for Editor in 2.90 ms, found 3 plugins.
Native extension for WindowsStandalone target not found
Native extension for Android target not found
Package Manager log level set to [2]
[Package Manager] Server::EnsureServerProcessIsRunning -- launch failed, reason: Unity was launched with the -noUpm command-line argument
[Package Manager] UpmClient::Send -- Unable to send message (not connected to UPM process).
[Package Manager] Cannot connect to Unity Package Manager local server
Mono: successfully reloaded assembly
- Finished resetting the current domain, in  0.766 seconds
Domain Reload Profiling: 3388ms
	BeginReloadAssembly (177ms)
		ExecutionOrderSort (0ms)
		DisableScriptedObjects (6ms)
		BackupInstance (0ms)
		ReleaseScriptingObjects (0ms)
		CreateAndSetChildDomain (32ms)
	RebuildCommonClasses (41ms)
	RebuildNativeTypeToScriptingClass (11ms)
	initialDomainReloadingComplete (47ms)
	LoadAllAssembliesAndSetupDomain (2346ms)
		LoadAssemblies (2088ms)
		RebuildTransferFunctionScriptingTraits (0ms)
		AnalyzeDomain (363ms)
			TypeCache.Refresh (334ms)
				TypeCache.ScanAssembly (261ms)
			ScanForSourceGeneratedMonoScriptInfo (20ms)
			ResolveRequiredComponents (6ms)
	FinalizeReload (767ms)
		ReleaseScriptCaches (0ms)
		RebuildScriptCaches (0ms)
		SetupLoadedEditorAssemblies (576ms)
			LogAssemblyErrors (0ms)
			InitializePlatformSupportModulesInManaged (31ms)
			SetLoadedEditorAssemblies (8ms)
			RefreshPlugins (0ms)
			BeforeProcessingInitializeOnLoad (109ms)
			ProcessInitializeOnLoadAttributes (395ms)
			ProcessInitializeOnLoadMethodAttributes (27ms)
			AfterProcessingInitializeOnLoad (6ms)
			EditorAssembliesLoaded (0ms)
		ExecutionOrderSort2 (0ms)
		AwakeInstancesAfterBackupRestoration (7ms)
Launched and connected shader compiler UnityShaderCompiler.exe after 0.08 seconds
Refreshing native plugins compatible for Editor in 3.59 ms, found 3 plugins.
Preloading 0 native plugins for Editor in 0.00 ms.
Unloading 3103 Unused Serialized files (Serialized files now loaded: 0)
Unloading 33 unused Assets / (57.6 KB). Loaded Objects now: 3569.
Memory consumption went from 125.9 MB to 125.8 MB.
Total: 4.274600 ms (FindLiveObjects: 0.481400 ms CreateObjectMapping: 0.137200 ms MarkObjects: 3.504200 ms  DeleteObjects: 0.150600 ms)

AssetImportParameters requested are different than current active one (requested -> active):
  custom:container-demuxer-ogg: 62fdf1f143b41e24485cea50d1cbac27 -> 
  custom:video-decoder-ogg-theora: a1e56fd34408186e4bbccfd4996cb3dc -> 
  custom:framework-win-MediaFoundation: 216162199b28c13a410421893ffa2e32 -> 
  custom:CustomObjectIndexerAttribute: 9a22284fe3817be447336de3de66b15e -> 
  custom:container-demuxer-webm: 4f35f7cbe854078d1ac9338744f61a02 -> 
  custom:container-muxer-webm: aa71ff27fc2769a1b78a27578f13a17b -> 
  custom:video-decoder-webm-vp8: 9c59270c3fd7afecdb556c50c9e8de78 -> 
  custom:SearchIndexIgnoredProperties: e643bd26f0fe6173181afceb89e7c659 -> 
  custom:AudioImporter_EditorPlatform: d09bf68614088b80899f8185d706f6e7 -> 
  custom:video-encoder-webm-vp8: eb34c28f22e8b96e1ab97ce403110664 -> 
  custom:audio-decoder-ogg-vorbis: bf7c407c2cedff20999df2af8eb42d56 -> 
  custom:audio-encoder-webm-vorbis: bf7c407c2cedff20999df2af8eb42d56 -> 
========================================================================
Received Import Request.
  Time since last request: 1017504.553991 seconds.
  path: Assets/Assets/Backrock Studios/LowPoly-Animals/Water/Dolphin/Dolfin_Animated.fbx
  artifactKey: Guid(022485f29bd7da742a91f941d60320e9) Importer(815301076,1909f56bfc062723c751e8b465ee728b)
Start importing Assets/Assets/Backrock Studios/LowPoly-Animals/Water/Dolphin/Dolfin_Animated.fbx using Guid(022485f29bd7da742a91f941d60320e9) Importer(815301076,1909f56bfc062723c751e8b465ee728b) [PhysX] Initialized MultithreadedTaskDispatcher with 16 workers.
[PhysX] Initialized MultithreadedTaskDispatcher with 16 workers.
[PhysX] Initialized MultithreadedTaskDispatcher with 16 workers.
[PhysX] Initialized MultithreadedTaskDispatcher with 16 workers.
[PhysX] Initialized MultithreadedTaskDispatcher with 16 workers.
 -> (artifact id: '2f5d83212b48f3de7d96e6245edfc6bd') in 0.183105 seconds
Number of updated asset objects reloaded before import = 0
Number of asset objects unloaded after import = 51
========================================================================
Received Import Request.
  Time since last request: 0.000094 seconds.
  path: Assets/Assets/Mess Maker Free/Templates/Prefabs (Low)/Soda Can Blank Crushed.prefab
  artifactKey: Guid(35efe15ca8dedd847b1cba138e77b47e) Importer(815301076,1909f56bfc062723c751e8b465ee728b)
Start importing Assets/Assets/Mess Maker Free/Templates/Prefabs (Low)/Soda Can Blank Crushed.prefab using Guid(35efe15ca8dedd847b1cba138e77b47e) Importer(815301076,1909f56bfc062723c751e8b465ee728b) [PhysX] Initialized MultithreadedTaskDispatcher with 16 workers.
[PhysX] Initialized MultithreadedTaskDispatcher with 16 workers.
 -> (artifact id: '3935df044ce2f2245308e549ec1cee19') in 0.043628 seconds
Number of updated asset objects reloaded before import = 0
Number of asset objects unloaded after import = 17
========================================================================
Received Import Request.
  Time since last request: 0.000030 seconds.
  path: Assets/Assets/Backrock Studios/LowPoly-Animals/Water/Fish_6/Fish_6_Animated.fbx
  artifactKey: Guid(e76a3645d5a0d3143b4a868ba89f0dc4) Importer(815301076,1909f56bfc062723c751e8b465ee728b)
Start importing Assets/Assets/Backrock Studios/LowPoly-Animals/Water/Fish_6/Fish_6_Animated.fbx using Guid(e76a3645d5a0d3143b4a868ba89f0dc4) Importer(815301076,1909f56bfc062723c751e8b465ee728b) [PhysX] Initialized MultithreadedTaskDispatcher with 16 workers.
[PhysX] Initialized MultithreadedTaskDispatcher with 16 workers.
[PhysX] Initialized MultithreadedTaskDispatcher with 16 workers.
[PhysX] Initialized MultithreadedTaskDispatcher with 16 workers.
[PhysX] Initialized MultithreadedTaskDispatcher with 16 workers.
 -> (artifact id: '4bb9ad888f5b427906e4496bfd58b6e2') in 0.063295 seconds
Number of updated asset objects reloaded before import = 0
Number of asset objects unloaded after import = 177
========================================================================
Received Import Request.
  Time since last request: 0.000023 seconds.
  path: Assets/Assets/Yeni klasör (6)/wdwd/sausage.fbx
  artifactKey: Guid(a164f7b969a100e40a0f62d7a1f3f77b) Importer(815301076,1909f56bfc062723c751e8b465ee728b)
Start importing Assets/Assets/Yeni klasör (6)/wdwd/sausage.fbx using Guid(a164f7b969a100e40a0f62d7a1f3f77b) Importer(815301076,1909f56bfc062723c751e8b465ee728b) [PhysX] Initialized MultithreadedTaskDispatcher with 16 workers.
[PhysX] Initialized MultithreadedTaskDispatcher with 16 workers.
[PhysX] Initialized MultithreadedTaskDispatcher with 16 workers.
[PhysX] Initialized MultithreadedTaskDispatcher with 16 workers.
 -> (artifact id: '4ef9ae48049623320265fe8d9c014598') in 0.038217 seconds
Number of updated asset objects reloaded before import = 0
Number of asset objects unloaded after import = 9
========================================================================
Received Import Request.
  Time since last request: 0.000028 seconds.
  path: Assets/Assets/Mess Maker Free/Prefabs/High Poly/Glass Bottles/Wine Bottle Green Broke.prefab
  artifactKey: Guid(3821453175ca30243b7074a7311765aa) Importer(815301076,1909f56bfc062723c751e8b465ee728b)
Start importing Assets/Assets/Mess Maker Free/Prefabs/High Poly/Glass Bottles/Wine Bottle Green Broke.prefab using Guid(3821453175ca30243b7074a7311765aa) Importer(815301076,1909f56bfc062723c751e8b465ee728b) [PhysX] Initialized MultithreadedTaskDispatcher with 16 workers.
[PhysX] Initialized MultithreadedTaskDispatcher with 16 workers.
 -> (artifact id: '2c77526b029eb0f778d3e8a26f78f821') in 0.117031 seconds
Number of updated asset objects reloaded before import = 0
Number of asset objects unloaded after import = 10
========================================================================
Received Import Request.
  Time since last request: 0.000031 seconds.
  path: Assets/Assets/Mess Maker Free/Prefabs/Low Poly/Cans/Soda Can Orange Crushed.prefab
  artifactKey: Guid(aa391fa7c7d49314785fa3f647c03048) Importer(815301076,1909f56bfc062723c751e8b465ee728b)
Start importing Assets/Assets/Mess Maker Free/Prefabs/Low Poly/Cans/Soda Can Orange Crushed.prefab using Guid(aa391fa7c7d49314785fa3f647c03048) Importer(815301076,1909f56bfc062723c751e8b465ee728b) [PhysX] Initialized MultithreadedTaskDispatcher with 16 workers.
[PhysX] Initialized MultithreadedTaskDispatcher with 16 workers.
 -> (artifact id: '61c5c510ce710670a9d0745c6ca229b0') in 0.020184 seconds
Number of updated asset objects reloaded before import = 0
Number of asset objects unloaded after import = 17
========================================================================
Received Import Request.
  Time since last request: 0.000039 seconds.
  path: Assets/Assets/Mess Maker Free/Prefabs/High Poly/Porcelin and Pottery/Broken Pottery.prefab
  artifactKey: Guid(b55d178e96dcaf14594261b0732f960b) Importer(815301076,1909f56bfc062723c751e8b465ee728b)
Start importing Assets/Assets/Mess Maker Free/Prefabs/High Poly/Porcelin and Pottery/Broken Pottery.prefab using Guid(b55d178e96dcaf14594261b0732f960b) Importer(815301076,1909f56bfc062723c751e8b465ee728b) [PhysX] Initialized MultithreadedTaskDispatcher with 16 workers.
[PhysX] Initialized MultithreadedTaskDispatcher with 16 workers.
 -> (artifact id: '1aaee582c92fb9a73655c7256ddcde83') in 0.048414 seconds
Number of updated asset objects reloaded before import = 0
Number of asset objects unloaded after import = 12
========================================================================
Received Import Request.
  Time since last request: 0.000024 seconds.
  path: Assets/Assets/Mess Maker Free/Prefabs/Low Poly/Cans/Soda Can Red Crushed.prefab
  artifactKey: Guid(c8123449a980e6c438fa9bb06277785a) Importer(815301076,1909f56bfc062723c751e8b465ee728b)
Start importing Assets/Assets/Mess Maker Free/Prefabs/Low Poly/Cans/Soda Can Red Crushed.prefab using Guid(c8123449a980e6c438fa9bb06277785a) Importer(815301076,1909f56bfc062723c751e8b465ee728b) [PhysX] Initialized MultithreadedTaskDispatcher with 16 workers.
[PhysX] Initialized MultithreadedTaskDispatcher with 16 workers.
 -> (artifact id: '076c1a9547d33137fba1e48b886631f7') in 0.039728 seconds
Number of updated asset objects reloaded before import = 0
Number of asset objects unloaded after import = 17
========================================================================
Received Import Request.
  Time since last request: 0.000030 seconds.
  path: Assets/Assets/Yeni klasör (6)/wdwd/bag.fbx
  artifactKey: Guid(63eba1cfb2cc6ab41b55d72926ad7fa2) Importer(815301076,1909f56bfc062723c751e8b465ee728b)
Start importing Assets/Assets/Yeni klasör (6)/wdwd/bag.fbx using Guid(63eba1cfb2cc6ab41b55d72926ad7fa2) Importer(815301076,1909f56bfc062723c751e8b465ee728b) [PhysX] Initialized MultithreadedTaskDispatcher with 16 workers.
[PhysX] Initialized MultithreadedTaskDispatcher with 16 workers.
[PhysX] Initialized MultithreadedTaskDispatcher with 16 workers.
[PhysX] Initialized MultithreadedTaskDispatcher with 16 workers.
 -> (artifact id: '8fa84dfc0c11abdea3aa56297882cc33') in 0.036008 seconds
Number of updated asset objects reloaded before import = 0
Number of asset objects unloaded after import = 9
========================================================================
Received Import Request.
  Time since last request: 0.000060 seconds.
  path: Assets/Assets/Mess Maker Free/Templates/Prefabs (High)/Beer Bottle Red with Blank Label.prefab
  artifactKey: Guid(0fb3464b5bf6ee344b0b739ac998d1bf) Importer(815301076,1909f56bfc062723c751e8b465ee728b)
Start importing Assets/Assets/Mess Maker Free/Templates/Prefabs (High)/Beer Bottle Red with Blank Label.prefab using Guid(0fb3464b5bf6ee344b0b739ac998d1bf) Importer(815301076,1909f56bfc062723c751e8b465ee728b) [PhysX] Initialized MultithreadedTaskDispatcher with 16 workers.
[PhysX] Initialized MultithreadedTaskDispatcher with 16 workers.
 -> (artifact id: '66c23b31f21b95df8757f4c17d80e00a') in 0.037586 seconds
Number of updated asset objects reloaded before import = 0
Number of asset objects unloaded after import = 17
========================================================================
Received Import Request.
  Time since last request: 0.000029 seconds.
  path: Assets/Assets/Mess Maker Free/Prefabs/Low Poly/Cans/Soda Can Green Crushed.prefab
  artifactKey: Guid(f02a92e1ab7d32d4fad570cd12c80c3e) Importer(815301076,1909f56bfc062723c751e8b465ee728b)
Start importing Assets/Assets/Mess Maker Free/Prefabs/Low Poly/Cans/Soda Can Green Crushed.prefab using Guid(f02a92e1ab7d32d4fad570cd12c80c3e) Importer(815301076,1909f56bfc062723c751e8b465ee728b) [PhysX] Initialized MultithreadedTaskDispatcher with 16 workers.
[PhysX] Initialized MultithreadedTaskDispatcher with 16 workers.
 -> (artifact id: '76bc07353815714eb864c23773b9cc6c') in 0.039306 seconds
Number of updated asset objects reloaded before import = 0
Number of asset objects unloaded after import = 17
========================================================================
Received Import Request.
  Time since last request: 0.000029 seconds.
  path: Assets/Assets/Yeni klasör (6)/wdwd/pot.fbx
  artifactKey: Guid(ccb0d048428d9aa4ab3210b1aaf47f08) Importer(815301076,1909f56bfc062723c751e8b465ee728b)
Start importing Assets/Assets/Yeni klasör (6)/wdwd/pot.fbx using Guid(ccb0d048428d9aa4ab3210b1aaf47f08) Importer(815301076,1909f56bfc062723c751e8b465ee728b) [PhysX] Initialized MultithreadedTaskDispatcher with 16 workers.
[PhysX] Initialized MultithreadedTaskDispatcher with 16 workers.
[PhysX] Initialized MultithreadedTaskDispatcher with 16 workers.
[PhysX] Initialized MultithreadedTaskDispatcher with 16 workers.
 -> (artifact id: '6f6ca66c1143382dcaa1e338753a1434') in 0.035927 seconds
Number of updated asset objects reloaded before import = 0
Number of asset objects unloaded after import = 9
========================================================================
Received Import Request.
  Time since last request: 0.000031 seconds.
  path: Assets/Assets/Yeni klasör (6)/wdwd/tomato.fbx
  artifactKey: Guid(8abe4494ee0c31f47b6c6c6631dd9c0b) Importer(815301076,1909f56bfc062723c751e8b465ee728b)
Start importing Assets/Assets/Yeni klasör (6)/wdwd/tomato.fbx using Guid(8abe4494ee0c31f47b6c6c6631dd9c0b) Importer(815301076,1909f56bfc062723c751e8b465ee728b) [PhysX] Initialized MultithreadedTaskDispatcher with 16 workers.
[PhysX] Initialized MultithreadedTaskDispatcher with 16 workers.
[PhysX] Initialized MultithreadedTaskDispatcher with 16 workers.
[PhysX] Initialized MultithreadedTaskDispatcher with 16 workers.
 -> (artifact id: 'dac1b47bc668321128316f89f6477b3e') in 0.040036 seconds
Number of updated asset objects reloaded before import = 0
Number of asset objects unloaded after import = 9
========================================================================
Received Import Request.
  Time since last request: 0.000034 seconds.
  path: Assets/Assets/Yeni klasör (6)/wdwd/cheese.fbx
  artifactKey: Guid(aecec1a47c4c0e3428b5567ec85546a1) Importer(815301076,1909f56bfc062723c751e8b465ee728b)
Start importing Assets/Assets/Yeni klasör (6)/wdwd/cheese.fbx using Guid(aecec1a47c4c0e3428b5567ec85546a1) Importer(815301076,1909f56bfc062723c751e8b465ee728b) [PhysX] Initialized MultithreadedTaskDispatcher with 16 workers.
[PhysX] Initialized MultithreadedTaskDispatcher with 16 workers.
[PhysX] Initialized MultithreadedTaskDispatcher with 16 workers.
[PhysX] Initialized MultithreadedTaskDispatcher with 16 workers.
[PhysX] Initialized MultithreadedTaskDispatcher with 16 workers.
[PhysX] Initialized MultithreadedTaskDispatcher with 16 workers.
[PhysX] Initialized MultithreadedTaskDispatcher with 16 workers.
[PhysX] Initialized MultithreadedTaskDispatcher with 16 workers.
[PhysX] Initialized MultithreadedTaskDispatcher with 16 workers.
[PhysX] Initialized MultithreadedTaskDispatcher with 16 workers.
[PhysX] Initialized MultithreadedTaskDispatcher with 16 workers.
[PhysX] Initialized MultithreadedTaskDispatcher with 16 workers.
[PhysX] Initialized MultithreadedTaskDispatcher with 16 workers.
[PhysX] Initialized MultithreadedTaskDispatcher with 16 workers.
[PhysX] Initialized MultithreadedTaskDispatcher with 16 workers.
[PhysX] Initialized MultithreadedTaskDispatcher with 16 workers.
[PhysX] Initialized MultithreadedTaskDispatcher with 16 workers.
[PhysX] Initialized MultithreadedTaskDispatcher with 16 workers.
[PhysX] Initialized MultithreadedTaskDispatcher with 16 workers.
[PhysX] Initialized MultithreadedTaskDispatcher with 16 workers.
[PhysX] Initialized MultithreadedTaskDispatcher with 16 workers.
[PhysX] Initialized MultithreadedTaskDispatcher with 16 workers.
[PhysX] Initialized MultithreadedTaskDispatcher with 16 workers.
[PhysX] Initialized MultithreadedTaskDispatcher with 16 workers.
[PhysX] Initialized MultithreadedTaskDispatcher with 16 workers.
[PhysX] Initialized MultithreadedTaskDispatcher with 16 workers.
[PhysX] Initialized MultithreadedTaskDispatcher with 16 workers.
 -> (artifact id: 'b708fc673756fa73c7c234bafef9539e') in 0.158832 seconds
Number of updated asset objects reloaded before import = 0
Number of asset objects unloaded after import = 66
========================================================================
Received Import Request.
  Time since last request: 0.000025 seconds.
  path: Assets/Assets/Mess Maker Free/Prefabs/High Poly/Cans/Beer Can Red Crushed.prefab
  artifactKey: Guid(38cec26c05d5a0c48ba8b226165d370b) Importer(815301076,1909f56bfc062723c751e8b465ee728b)
Start importing Assets/Assets/Mess Maker Free/Prefabs/High Poly/Cans/Beer Can Red Crushed.prefab using Guid(38cec26c05d5a0c48ba8b226165d370b) Importer(815301076,1909f56bfc062723c751e8b465ee728b) [PhysX] Initialized MultithreadedTaskDispatcher with 16 workers.
[PhysX] Initialized MultithreadedTaskDispatcher with 16 workers.
 -> (artifact id: '8b50c47dc07bd129da9a633ad11dd684') in 0.030432 seconds
Number of updated asset objects reloaded before import = 0
Number of asset objects unloaded after import = 17
========================================================================
Received Import Request.
  Time since last request: 0.000031 seconds.
  path: Assets/Whale3D/Animation/Whale_Low.fbx
  artifactKey: Guid(54aa7d7c19fc11a458eec7f04a5f4668) Importer(815301076,1909f56bfc062723c751e8b465ee728b)
Start importing Assets/Whale3D/Animation/Whale_Low.fbx using Guid(54aa7d7c19fc11a458eec7f04a5f4668) Importer(815301076,1909f56bfc062723c751e8b465ee728b) [PhysX] Initialized MultithreadedTaskDispatcher with 16 workers.
[PhysX] Initialized MultithreadedTaskDispatcher with 16 workers.
[PhysX] Initialized MultithreadedTaskDispatcher with 16 workers.
[PhysX] Initialized MultithreadedTaskDispatcher with 16 workers.
 -> (artifact id: '392311e7fe33be402ca6fae5da6b4950') in 0.317573 seconds
Number of updated asset objects reloaded before import = 0
Number of asset objects unloaded after import = 41
========================================================================
Received Import Request.
  Time since last request: 0.000039 seconds.
  path: Assets/Assets/Mess Maker Free/Templates/Prefabs (Low)/Beer Can Blank Crushed.prefab
  artifactKey: Guid(ecd2a3fb14eff6444a0c6625701c1dfa) Importer(815301076,1909f56bfc062723c751e8b465ee728b)
Start importing Assets/Assets/Mess Maker Free/Templates/Prefabs (Low)/Beer Can Blank Crushed.prefab using Guid(ecd2a3fb14eff6444a0c6625701c1dfa) Importer(815301076,1909f56bfc062723c751e8b465ee728b) [PhysX] Initialized MultithreadedTaskDispatcher with 16 workers.
[PhysX] Initialized MultithreadedTaskDispatcher with 16 workers.
 -> (artifact id: '44c0e9308c3c789b65a2ec13c524d94a') in 0.022004 seconds
Number of updated asset objects reloaded before import = 0
Number of asset objects unloaded after import = 17
========================================================================
Received Import Request.
  Time since last request: 0.000033 seconds.
  path: Assets/Assets/Mess Maker Free/obj/Rubbish.fbx
  artifactKey: Guid(6ee79a39487f7bb4abefb33640b1f96a) Importer(815301076,1909f56bfc062723c751e8b465ee728b)
Start importing Assets/Assets/Mess Maker Free/obj/Rubbish.fbx using Guid(6ee79a39487f7bb4abefb33640b1f96a) Importer(815301076,1909f56bfc062723c751e8b465ee728b) [PhysX] Initialized MultithreadedTaskDispatcher with 16 workers.
[PhysX] Initialized MultithreadedTaskDispatcher with 16 workers.
[PhysX] Initialized MultithreadedTaskDispatcher with 16 workers.
[PhysX] Initialized MultithreadedTaskDispatcher with 16 workers.
[PhysX] Initialized MultithreadedTaskDispatcher with 16 workers.
[PhysX] Initialized MultithreadedTaskDispatcher with 16 workers.
[PhysX] Initialized MultithreadedTaskDispatcher with 16 workers.
[PhysX] Initialized MultithreadedTaskDispatcher with 16 workers.
[PhysX] Initialized MultithreadedTaskDispatcher with 16 workers.
[PhysX] Initialized MultithreadedTaskDispatcher with 16 workers.
[PhysX] Initialized MultithreadedTaskDispatcher with 16 workers.
[PhysX] Initialized MultithreadedTaskDispatcher with 16 workers.
[PhysX] Initialized MultithreadedTaskDispatcher with 16 workers.
[PhysX] Initialized MultithreadedTaskDispatcher with 16 workers.
[PhysX] Initialized MultithreadedTaskDispatcher with 16 workers.
[PhysX] Initialized MultithreadedTaskDispatcher with 16 workers.
[PhysX] Initialized MultithreadedTaskDispatcher with 16 workers.
[PhysX] Initialized MultithreadedTaskDispatcher with 16 workers.
[PhysX] Initialized MultithreadedTaskDispatcher with 16 workers.
[PhysX] Initialized MultithreadedTaskDispatcher with 16 workers.
[PhysX] Initialized MultithreadedTaskDispatcher with 16 workers.
[PhysX] Initialized MultithreadedTaskDispatcher with 16 workers.
[PhysX] Initialized MultithreadedTaskDispatcher with 16 workers.
[PhysX] Initialized MultithreadedTaskDispatcher with 16 workers.
[PhysX] Initialized MultithreadedTaskDispatcher with 16 workers.
[PhysX] Initialized MultithreadedTaskDispatcher with 16 workers.
[PhysX] Initialized MultithreadedTaskDispatcher with 16 workers.
[PhysX] Initialized MultithreadedTaskDispatcher with 16 workers.
[PhysX] Initialized MultithreadedTaskDispatcher with 16 workers.
[PhysX] Initialized MultithreadedTaskDispatcher with 16 workers.
[PhysX] Initialized MultithreadedTaskDispatcher with 16 workers.
[PhysX] Initialized MultithreadedTaskDispatcher with 16 workers.
[PhysX] Initialized MultithreadedTaskDispatcher with 16 workers.
[PhysX] Initialized MultithreadedTaskDispatcher with 16 workers.
[PhysX] Initialized MultithreadedTaskDispatcher with 16 workers.
[PhysX] Initialized MultithreadedTaskDispatcher with 16 workers.
[PhysX] Initialized MultithreadedTaskDispatcher with 16 workers.
[PhysX] Initialized MultithreadedTaskDispatcher with 16 workers.
[PhysX] Initialized MultithreadedTaskDispatcher with 16 workers.
[PhysX] Initialized MultithreadedTaskDispatcher with 16 workers.
[PhysX] Initialized MultithreadedTaskDispatcher with 16 workers.
[PhysX] Initialized MultithreadedTaskDispatcher with 16 workers.
[PhysX] Initialized MultithreadedTaskDispatcher with 16 workers.
[PhysX] Initialized MultithreadedTaskDispatcher with 16 workers.
[PhysX] Initialized MultithreadedTaskDispatcher with 16 workers.
[PhysX] Initialized MultithreadedTaskDispatcher with 16 workers.
[PhysX] Initialized MultithreadedTaskDispatcher with 16 workers.
[PhysX] Initialized MultithreadedTaskDispatcher with 16 workers.
[PhysX] Initialized MultithreadedTaskDispatcher with 16 workers.
[PhysX] Initialized MultithreadedTaskDispatcher with 16 workers.
[PhysX] Initialized MultithreadedTaskDispatcher with 16 workers.
[PhysX] Initialized MultithreadedTaskDispatcher with 16 workers.
[PhysX] Initialized MultithreadedTaskDispatcher with 16 workers.
[PhysX] Initialized MultithreadedTaskDispatcher with 16 workers.
[PhysX] Initialized MultithreadedTaskDispatcher with 16 workers.
[PhysX] Initialized MultithreadedTaskDispatcher with 16 workers.
[PhysX] Initialized MultithreadedTaskDispatcher with 16 workers.
[PhysX] Initialized MultithreadedTaskDispatcher with 16 workers.
[PhysX] Initialized MultithreadedTaskDispatcher with 16 workers.
[PhysX] Initialized MultithreadedTaskDispatcher with 16 workers.
[PhysX] Initialized MultithreadedTaskDispatcher with 16 workers.
[PhysX] Initialized MultithreadedTaskDispatcher with 16 workers.
[PhysX] Initialized MultithreadedTaskDispatcher with 16 workers.
[PhysX] Initialized MultithreadedTaskDispatcher with 16 workers.
[PhysX] Initialized MultithreadedTaskDispatcher with 16 workers.
[PhysX] Initialized MultithreadedTaskDispatcher with 16 workers.
[PhysX] Initialized MultithreadedTaskDispatcher with 16 workers.
[PhysX] Initialized MultithreadedTaskDispatcher with 16 workers.
[PhysX] Initialized MultithreadedTaskDispatcher with 16 workers.
[PhysX] Initialized MultithreadedTaskDispatcher with 16 workers.
[PhysX] Initialized MultithreadedTaskDispatcher with 16 workers.
[PhysX] Initialized MultithreadedTaskDispatcher with 16 workers.
[PhysX] Initialized MultithreadedTaskDispatcher with 16 workers.
[PhysX] Initialized MultithreadedTaskDispatcher with 16 workers.
[PhysX] Initialized MultithreadedTaskDispatcher with 16 workers.
[PhysX] Initialized MultithreadedTaskDispatcher with 16 workers.
[PhysX] Initialized MultithreadedTaskDispatcher with 16 workers.
[PhysX] Initialized MultithreadedTaskDispatcher with 16 workers.
[PhysX] Initialized MultithreadedTaskDispatcher with 16 workers.
[PhysX] Initialized MultithreadedTaskDispatcher with 16 workers.
[PhysX] Initialized MultithreadedTaskDispatcher with 16 workers.
[PhysX] Initialized MultithreadedTaskDispatcher with 16 workers.
[PhysX] Initialized MultithreadedTaskDispatcher with 16 workers.
[PhysX] Initialized MultithreadedTaskDispatcher with 16 workers.
[PhysX] Initialized MultithreadedTaskDispatcher with 16 workers.
[PhysX] Initialized MultithreadedTaskDispatcher with 16 workers.
[PhysX] Initialized MultithreadedTaskDispatcher with 16 workers.
[PhysX] Initialized MultithreadedTaskDispatcher with 16 workers.
[PhysX] Initialized MultithreadedTaskDispatcher with 16 workers.
[PhysX] Initialized MultithreadedTaskDispatcher with 16 workers.
[PhysX] Initialized MultithreadedTaskDispatcher with 16 workers.
[PhysX] Initialized MultithreadedTaskDispatcher with 16 workers.
[PhysX] Initialized MultithreadedTaskDispatcher with 16 workers.
[PhysX] Initialized MultithreadedTaskDispatcher with 16 workers.
[PhysX] Initialized MultithreadedTaskDispatcher with 16 workers.
[PhysX] Initialized MultithreadedTaskDispatcher with 16 workers.
[PhysX] Initialized MultithreadedTaskDispatcher with 16 workers.
[PhysX] Initialized MultithreadedTaskDispatcher with 16 workers.
[PhysX] Initialized MultithreadedTaskDispatcher with 16 workers.
[PhysX] Initialized MultithreadedTaskDispatcher with 16 workers.
[PhysX] Initialized MultithreadedTaskDispatcher with 16 workers.
[PhysX] Initialized MultithreadedTaskDispatcher with 16 workers.
[PhysX] Initialized MultithreadedTaskDispatcher with 16 workers.
[PhysX] Initialized MultithreadedTaskDispatcher with 16 workers.
 -> (artifact id: '7fc62897db534a8c0225ded8dfa667d8') in 0.693963 seconds
Number of updated asset objects reloaded before import = 0
Number of asset objects unloaded after import = 269
========================================================================
Received Prepare
Begin MonoManager ReloadAssembly
Symbol file data-000002090D6B26F0 doesn't match image C:\Users\Emre\OneDrive\Belgeler\GitHub\oua-bootcamp-grup23\oua-bootcamp-2024-g23\Library\ScriptAssemblies\Unity.Timeline.dll
Symbol file LoadedFromMemory is not a mono symbol file
Symbol file data-000002090F9F2020 doesn't match image C:\Users\Emre\OneDrive\Belgeler\GitHub\oua-bootcamp-grup23\oua-bootcamp-2024-g23\Library\ScriptAssemblies\Unity.TestTools.CodeCoverage.Editor.OpenCover.Mono.Reflection.dll
Symbol file LoadedFromMemory is not a mono symbol file
Symbol file data-00000208C9BD5CA0 doesn't match image C:\Users\Emre\OneDrive\Belgeler\GitHub\oua-bootcamp-grup23\oua-bootcamp-2024-g23\Library\ScriptAssemblies\UnityEngine.UI.dll
Symbol file LoadedFromMemory is not a mono symbol file
Symbol file data-000002090F9F2020 doesn't match image C:\Users\Emre\OneDrive\Belgeler\GitHub\oua-bootcamp-grup23\oua-bootcamp-2024-g23\Library\ScriptAssemblies\Unity.EditorCoroutines.Editor.dll
Symbol file LoadedFromMemory is not a mono symbol file
Symbol file data-000002090EEE6230 doesn't match image C:\Users\Emre\OneDrive\Belgeler\GitHub\oua-bootcamp-grup23\oua-bootcamp-2024-g23\Library\ScriptAssemblies\Unity.VisualScripting.SettingsProvider.Editor.dll
Symbol file LoadedFromMemory is not a mono symbol file
Symbol file data-000002091A05EF80 doesn't match image C:\Users\Emre\OneDrive\Belgeler\GitHub\oua-bootcamp-grup23\oua-bootcamp-2024-g23\Library\ScriptAssemblies\Unity.Performance.Profile-Analyzer.Editor.dll
Symbol file LoadedFromMemory is not a mono symbol file
Symbol file data-0000020919ADB030 doesn't match image C:\Users\Emre\OneDrive\Belgeler\GitHub\oua-bootcamp-grup23\oua-bootcamp-2024-g23\Library\ScriptAssemblies\Unity.TestTools.CodeCoverage.Editor.dll
Symbol file LoadedFromMemory is not a mono symbol file
Symbol file data-000002090D8B0020 doesn't match image C:\Users\Emre\OneDrive\Belgeler\GitHub\oua-bootcamp-grup23\oua-bootcamp-2024-g23\Library\ScriptAssemblies\Unity.TestTools.CodeCoverage.Editor.OpenCover.Model.dll
Symbol file LoadedFromMemory is not a mono symbol file
Symbol file data-0000020918EA6010 doesn't match image C:\Users\Emre\OneDrive\Belgeler\GitHub\oua-bootcamp-grup23\oua-bootcamp-2024-g23\Library\ScriptAssemblies\Unity.PlasticSCM.Editor.dll
Symbol file LoadedFromMemory is not a mono symbol file
Symbol file data-000002090E188E30 doesn't match image C:\Users\Emre\OneDrive\Belgeler\GitHub\oua-bootcamp-grup23\oua-bootcamp-2024-g23\Library\ScriptAssemblies\UnityEngine.TestRunner.dll
Symbol file LoadedFromMemory is not a mono symbol file
Symbol file data-0000020910469F10 doesn't match image C:\Users\Emre\OneDrive\Belgeler\GitHub\oua-bootcamp-grup23\oua-bootcamp-2024-g23\Library\ScriptAssemblies\Unity.VisualScripting.State.Editor.dll
Symbol file LoadedFromMemory is not a mono symbol file
Symbol file data-000002090FBB7000 doesn't match image C:\Users\Emre\OneDrive\Belgeler\GitHub\oua-bootcamp-grup23\oua-bootcamp-2024-g23\Library\ScriptAssemblies\Unity.Timeline.Editor.dll
Symbol file LoadedFromMemory is not a mono symbol file
Symbol file data-0000020910469F10 doesn't match image C:\Users\Emre\OneDrive\Belgeler\GitHub\oua-bootcamp-grup23\oua-bootcamp-2024-g23\Library\ScriptAssemblies\Unity.Settings.Editor.dll
Symbol file LoadedFromMemory is not a mono symbol file
Symbol file data-000002091046D720 doesn't match image C:\Users\Emre\OneDrive\Belgeler\GitHub\oua-bootcamp-grup23\oua-bootcamp-2024-g23\Library\ScriptAssemblies\Unity.VisualScripting.Shared.Editor.dll
Symbol file LoadedFromMemory is not a mono symbol file
Symbol file data-000002091046D720 doesn't match image C:\Users\Emre\OneDrive\Belgeler\GitHub\oua-bootcamp-grup23\oua-bootcamp-2024-g23\Library\ScriptAssemblies\Unity.CollabProxy.Editor.dll
Symbol file LoadedFromMemory is not a mono symbol file
Symbol file data-000002090E188E30 doesn't match image C:\Users\Emre\OneDrive\Belgeler\GitHub\oua-bootcamp-grup23\oua-bootcamp-2024-g23\Library\ScriptAssemblies\Unity.VisualStudio.Editor.dll
Symbol file LoadedFromMemory is not a mono symbol file
Symbol file data-00000208C9BD5CA0 doesn't match image C:\Users\Emre\OneDrive\Belgeler\GitHub\oua-bootcamp-grup23\oua-bootcamp-2024-g23\Library\ScriptAssemblies\Unity.TextMeshPro.dll
Symbol file LoadedFromMemory is not a mono symbol file
Symbol file data-000002091A7D2010 doesn't match image C:\Users\Emre\OneDrive\Belgeler\GitHub\oua-bootcamp-grup23\oua-bootcamp-2024-g23\Library\ScriptAssemblies\Unity.VisualScripting.Core.dll
Symbol file LoadedFromMemory is not a mono symbol file
Symbol file data-000002091B4E7EF0 doesn't match image C:\Users\Emre\OneDrive\Belgeler\GitHub\oua-bootcamp-grup23\oua-bootcamp-2024-g23\Library\ScriptAssemblies\Unity.TextMeshPro.Editor.dll
Symbol file LoadedFromMemory is not a mono symbol file
Symbol file data-000002091B073880 doesn't match image C:\Users\Emre\OneDrive\Belgeler\GitHub\oua-bootcamp-grup23\oua-bootcamp-2024-g23\Library\ScriptAssemblies\UnityEditor.UI.dll
Symbol file LoadedFromMemory is not a mono symbol file
Symbol file data-000002090DA8FEA0 doesn't match image C:\Users\Emre\OneDrive\Belgeler\GitHub\oua-bootcamp-grup23\oua-bootcamp-2024-g23\Library\ScriptAssemblies\Unity.VisualScripting.Core.Editor.dll
Symbol file LoadedFromMemory is not a mono symbol file
Symbol file data-000002091046D720 doesn't match image C:\Users\Emre\OneDrive\Belgeler\GitHub\oua-bootcamp-grup23\oua-bootcamp-2024-g23\Library\ScriptAssemblies\Unity.Rider.Editor.dll
Symbol file LoadedFromMemory is not a mono symbol file
Symbol file data-000002091B073880 doesn't match image C:\Users\Emre\OneDrive\Belgeler\GitHub\oua-bootcamp-grup23\oua-bootcamp-2024-g23\Library\ScriptAssemblies\Unity.VisualScripting.State.dll
Symbol file LoadedFromMemory is not a mono symbol file
Symbol file data-000002091B2B30E0 doesn't match image C:\Users\Emre\OneDrive\Belgeler\GitHub\oua-bootcamp-grup23\oua-bootcamp-2024-g23\Library\ScriptAssemblies\Unity.VSCode.Editor.dll
Symbol file LoadedFromMemory is not a mono symbol file
Symbol file data-000002091B4E7EF0 doesn't match image C:\Users\Emre\OneDrive\Belgeler\GitHub\oua-bootcamp-grup23\oua-bootcamp-2024-g23\Library\ScriptAssemblies\UnityEditor.TestRunner.dll
Symbol file LoadedFromMemory is not a mono symbol file
Symbol file data-000002091995BA30 doesn't match image C:\Users\Emre\OneDrive\Belgeler\GitHub\oua-bootcamp-grup23\oua-bootcamp-2024-g23\Library\ScriptAssemblies\Unity.VisualScripting.Flow.dll
Symbol file LoadedFromMemory is not a mono symbol file
Symbol file data-000002090F0DD040 doesn't match image C:\Users\Emre\OneDrive\Belgeler\GitHub\oua-bootcamp-grup23\oua-bootcamp-2024-g23\Library\ScriptAssemblies\Unity.VisualScripting.Flow.Editor.dll
Symbol file LoadedFromMemory is not a mono symbol file
- Loaded All Assemblies, in  0.578 seconds
Refreshing native plugins compatible for Editor in 2.67 ms, found 3 plugins.
Native extension for WindowsStandalone target not found
Native extension for Android target not found
[Package Manager] Server::EnsureServerProcessIsRunning -- launch failed, reason: Unity was launched with the -noUpm command-line argument
[Package Manager] UpmClient::Send -- Unable to send message (not connected to UPM process).
[Package Manager] Cannot connect to Unity Package Manager local server
Mono: successfully reloaded assembly
- Finished resetting the current domain, in  1.284 seconds
Domain Reload Profiling: 1860ms
	BeginReloadAssembly (174ms)
		ExecutionOrderSort (0ms)
		DisableScriptedObjects (5ms)
		BackupInstance (0ms)
		ReleaseScriptingObjects (0ms)
		CreateAndSetChildDomain (43ms)
	RebuildCommonClasses (33ms)
	RebuildNativeTypeToScriptingClass (11ms)
	initialDomainReloadingComplete (30ms)
	LoadAllAssembliesAndSetupDomain (329ms)
		LoadAssemblies (406ms)
		RebuildTransferFunctionScriptingTraits (0ms)
		AnalyzeDomain (17ms)
			TypeCache.Refresh (9ms)
				TypeCache.ScanAssembly (0ms)
			ScanForSourceGeneratedMonoScriptInfo (0ms)
			ResolveRequiredComponents (5ms)
	FinalizeReload (1284ms)
		ReleaseScriptCaches (0ms)
		RebuildScriptCaches (0ms)
		SetupLoadedEditorAssemblies (657ms)
			LogAssemblyErrors (0ms)
			InitializePlatformSupportModulesInManaged (36ms)
			SetLoadedEditorAssemblies (9ms)
			RefreshPlugins (0ms)
			BeforeProcessingInitializeOnLoad (124ms)
			ProcessInitializeOnLoadAttributes (449ms)
			ProcessInitializeOnLoadMethodAttributes (32ms)
			AfterProcessingInitializeOnLoad (6ms)
			EditorAssembliesLoaded (0ms)
		ExecutionOrderSort2 (0ms)
		AwakeInstancesAfterBackupRestoration (7ms)
Refreshing native plugins compatible for Editor in 3.91 ms, found 3 plugins.
Preloading 0 native plugins for Editor in 0.00 ms.
Unloading 3094 Unused Serialized files (Serialized files now loaded: 0)
Unloading 23 unused Assets / (30.8 KB). Loaded Objects now: 3617.
Memory consumption went from 125.9 MB to 125.9 MB.
Total: 4.330600 ms (FindLiveObjects: 0.492900 ms CreateObjectMapping: 0.094900 ms MarkObjects: 3.629200 ms  DeleteObjects: 0.110800 ms)

Prepare: number of updated asset objects reloaded= 0
AssetImportParameters requested are different than current active one (requested -> active):
  custom:container-demuxer-ogg: 62fdf1f143b41e24485cea50d1cbac27 -> 
  custom:video-decoder-ogg-theora: a1e56fd34408186e4bbccfd4996cb3dc -> 
  custom:framework-win-MediaFoundation: 216162199b28c13a410421893ffa2e32 -> 
  custom:CustomObjectIndexerAttribute: 9a22284fe3817be447336de3de66b15e -> 
  custom:container-demuxer-webm: 4f35f7cbe854078d1ac9338744f61a02 -> 
  custom:container-muxer-webm: aa71ff27fc2769a1b78a27578f13a17b -> 
  custom:video-decoder-webm-vp8: 9c59270c3fd7afecdb556c50c9e8de78 -> 
  custom:SearchIndexIgnoredProperties: e643bd26f0fe6173181afceb89e7c659 -> 
  custom:AudioImporter_EditorPlatform: d09bf68614088b80899f8185d706f6e7 -> 
  custom:video-encoder-webm-vp8: eb34c28f22e8b96e1ab97ce403110664 -> 
  custom:audio-decoder-ogg-vorbis: bf7c407c2cedff20999df2af8eb42d56 -> 
  custom:audio-encoder-webm-vorbis: bf7c407c2cedff20999df2af8eb42d56 -> 
========================================================================
Received Prepare
Begin MonoManager ReloadAssembly
Symbol file data-000002090D6B26F0 doesn't match image C:\Users\Emre\OneDrive\Belgeler\GitHub\oua-bootcamp-grup23\oua-bootcamp-2024-g23\Library\ScriptAssemblies\Unity.Timeline.dll
Symbol file LoadedFromMemory is not a mono symbol file
Symbol file data-00000209104F5010 doesn't match image C:\Users\Emre\OneDrive\Belgeler\GitHub\oua-bootcamp-grup23\oua-bootcamp-2024-g23\Library\ScriptAssemblies\Unity.TestTools.CodeCoverage.Editor.OpenCover.Mono.Reflection.dll
Symbol file LoadedFromMemory is not a mono symbol file
Symbol file data-000002091BCCC030 doesn't match image C:\Users\Emre\OneDrive\Belgeler\GitHub\oua-bootcamp-grup23\oua-bootcamp-2024-g23\Library\ScriptAssemblies\UnityEngine.UI.dll
Symbol file LoadedFromMemory is not a mono symbol file
Symbol file data-00000209104F5010 doesn't match image C:\Users\Emre\OneDrive\Belgeler\GitHub\oua-bootcamp-grup23\oua-bootcamp-2024-g23\Library\ScriptAssemblies\Unity.EditorCoroutines.Editor.dll
Symbol file LoadedFromMemory is not a mono symbol file
Symbol file data-0000020910B36C30 doesn't match image C:\Users\Emre\OneDrive\Belgeler\GitHub\oua-bootcamp-grup23\oua-bootcamp-2024-g23\Library\ScriptAssemblies\Unity.VisualScripting.SettingsProvider.Editor.dll
Symbol file LoadedFromMemory is not a mono symbol file
Symbol file data-000002090F54E020 doesn't match image C:\Users\Emre\OneDrive\Belgeler\GitHub\oua-bootcamp-grup23\oua-bootcamp-2024-g23\Library\ScriptAssemblies\Unity.Performance.Profile-Analyzer.Editor.dll
Symbol file LoadedFromMemory is not a mono symbol file
Symbol file data-0000020919ADB030 doesn't match image C:\Users\Emre\OneDrive\Belgeler\GitHub\oua-bootcamp-grup23\oua-bootcamp-2024-g23\Library\ScriptAssemblies\Unity.TestTools.CodeCoverage.Editor.dll
Symbol file LoadedFromMemory is not a mono symbol file
Symbol file data-00000208C9D33040 doesn't match image C:\Users\Emre\OneDrive\Belgeler\GitHub\oua-bootcamp-grup23\oua-bootcamp-2024-g23\Library\ScriptAssemblies\Unity.TestTools.CodeCoverage.Editor.OpenCover.Model.dll
Symbol file LoadedFromMemory is not a mono symbol file
Symbol file data-0000020919A77020 doesn't match image C:\Users\Emre\OneDrive\Belgeler\GitHub\oua-bootcamp-grup23\oua-bootcamp-2024-g23\Library\ScriptAssemblies\Unity.PlasticSCM.Editor.dll
Symbol file LoadedFromMemory is not a mono symbol file
Symbol file data-000002090E188E30 doesn't match image C:\Users\Emre\OneDrive\Belgeler\GitHub\oua-bootcamp-grup23\oua-bootcamp-2024-g23\Library\ScriptAssemblies\UnityEngine.TestRunner.dll
Symbol file LoadedFromMemory is not a mono symbol file
Symbol file data-000002091A33B030 doesn't match image C:\Users\Emre\OneDrive\Belgeler\GitHub\oua-bootcamp-grup23\oua-bootcamp-2024-g23\Library\ScriptAssemblies\Unity.VisualScripting.State.Editor.dll
Symbol file LoadedFromMemory is not a mono symbol file
Symbol file data-000002090FBB7000 doesn't match image C:\Users\Emre\OneDrive\Belgeler\GitHub\oua-bootcamp-grup23\oua-bootcamp-2024-g23\Library\ScriptAssemblies\Unity.Timeline.Editor.dll
Symbol file LoadedFromMemory is not a mono symbol file
Symbol file data-000002090F0D0030 doesn't match image C:\Users\Emre\OneDrive\Belgeler\GitHub\oua-bootcamp-grup23\oua-bootcamp-2024-g23\Library\ScriptAssemblies\Unity.Settings.Editor.dll
Symbol file LoadedFromMemory is not a mono symbol file
Symbol file data-00000208C9D33040 doesn't match image C:\Users\Emre\OneDrive\Belgeler\GitHub\oua-bootcamp-grup23\oua-bootcamp-2024-g23\Library\ScriptAssemblies\Unity.VisualScripting.Shared.Editor.dll
Symbol file LoadedFromMemory is not a mono symbol file
Symbol file data-00000208C9D33040 doesn't match image C:\Users\Emre\OneDrive\Belgeler\GitHub\oua-bootcamp-grup23\oua-bootcamp-2024-g23\Library\ScriptAssemblies\Unity.CollabProxy.Editor.dll
Symbol file LoadedFromMemory is not a mono symbol file
Symbol file data-000002090E188E30 doesn't match image C:\Users\Emre\OneDrive\Belgeler\GitHub\oua-bootcamp-grup23\oua-bootcamp-2024-g23\Library\ScriptAssemblies\Unity.VisualStudio.Editor.dll
Symbol file LoadedFromMemory is not a mono symbol file
Symbol file data-0000020919FBB980 doesn't match image C:\Users\Emre\OneDrive\Belgeler\GitHub\oua-bootcamp-grup23\oua-bootcamp-2024-g23\Library\ScriptAssemblies\Unity.TextMeshPro.dll
Symbol file LoadedFromMemory is not a mono symbol file
Symbol file data-0000020919A77020 doesn't match image C:\Users\Emre\OneDrive\Belgeler\GitHub\oua-bootcamp-grup23\oua-bootcamp-2024-g23\Library\ScriptAssemblies\Unity.VisualScripting.Core.dll
Symbol file LoadedFromMemory is not a mono symbol file
Symbol file data-0000020910B0EC10 doesn't match image C:\Users\Emre\OneDrive\Belgeler\GitHub\oua-bootcamp-grup23\oua-bootcamp-2024-g23\Library\ScriptAssemblies\Unity.TextMeshPro.Editor.dll
Symbol file LoadedFromMemory is not a mono symbol file
Symbol file data-000002091A33B030 doesn't match image C:\Users\Emre\OneDrive\Belgeler\GitHub\oua-bootcamp-grup23\oua-bootcamp-2024-g23\Library\ScriptAssemblies\UnityEditor.UI.dll
Symbol file LoadedFromMemory is not a mono symbol file
Symbol file data-000002090F88C020 doesn't match image C:\Users\Emre\OneDrive\Belgeler\GitHub\oua-bootcamp-grup23\oua-bootcamp-2024-g23\Library\ScriptAssemblies\Unity.VisualScripting.Core.Editor.dll
Symbol file LoadedFromMemory is not a mono symbol file
Symbol file data-000002091A33B030 doesn't match image C:\Users\Emre\OneDrive\Belgeler\GitHub\oua-bootcamp-grup23\oua-bootcamp-2024-g23\Library\ScriptAssemblies\Unity.Rider.Editor.dll
Symbol file LoadedFromMemory is not a mono symbol file
Symbol file data-00000208C9D33040 doesn't match image C:\Users\Emre\OneDrive\Belgeler\GitHub\oua-bootcamp-grup23\oua-bootcamp-2024-g23\Library\ScriptAssemblies\Unity.VisualScripting.State.dll
Symbol file LoadedFromMemory is not a mono symbol file
Symbol file data-00000208C9D33040 doesn't match image C:\Users\Emre\OneDrive\Belgeler\GitHub\oua-bootcamp-grup23\oua-bootcamp-2024-g23\Library\ScriptAssemblies\Unity.VSCode.Editor.dll
Symbol file LoadedFromMemory is not a mono symbol file
Symbol file data-000002091A2C2030 doesn't match image C:\Users\Emre\OneDrive\Belgeler\GitHub\oua-bootcamp-grup23\oua-bootcamp-2024-g23\Library\ScriptAssemblies\UnityEditor.TestRunner.dll
Symbol file LoadedFromMemory is not a mono symbol file
Symbol file data-000002090F7F0020 doesn't match image C:\Users\Emre\OneDrive\Belgeler\GitHub\oua-bootcamp-grup23\oua-bootcamp-2024-g23\Library\ScriptAssemblies\Unity.VisualScripting.Flow.dll
Symbol file LoadedFromMemory is not a mono symbol file
Symbol file data-000002091AFA9420 doesn't match image C:\Users\Emre\OneDrive\Belgeler\GitHub\oua-bootcamp-grup23\oua-bootcamp-2024-g23\Library\ScriptAssemblies\Unity.VisualScripting.Flow.Editor.dll
Symbol file LoadedFromMemory is not a mono symbol file
- Loaded All Assemblies, in  0.469 seconds
Refreshing native plugins compatible for Editor in 2.81 ms, found 3 plugins.
Native extension for WindowsStandalone target not found
Native extension for Android target not found
[Package Manager] Server::EnsureServerProcessIsRunning -- launch failed, reason: Unity was launched with the -noUpm command-line argument
[Package Manager] UpmClient::Send -- Unable to send message (not connected to UPM process).
[Package Manager] Cannot connect to Unity Package Manager local server
Mono: successfully reloaded assembly
- Finished resetting the current domain, in  1.175 seconds
Domain Reload Profiling: 1643ms
	BeginReloadAssembly (149ms)
		ExecutionOrderSort (0ms)
		DisableScriptedObjects (5ms)
		BackupInstance (0ms)
		ReleaseScriptingObjects (0ms)
		CreateAndSetChildDomain (34ms)
	RebuildCommonClasses (39ms)
	RebuildNativeTypeToScriptingClass (11ms)
	initialDomainReloadingComplete (26ms)
	LoadAllAssembliesAndSetupDomain (244ms)
		LoadAssemblies (311ms)
		RebuildTransferFunctionScriptingTraits (0ms)
		AnalyzeDomain (14ms)
			TypeCache.Refresh (7ms)
				TypeCache.ScanAssembly (0ms)
			ScanForSourceGeneratedMonoScriptInfo (0ms)
			ResolveRequiredComponents (5ms)
	FinalizeReload (1176ms)
		ReleaseScriptCaches (0ms)
		RebuildScriptCaches (0ms)
		SetupLoadedEditorAssemblies (636ms)
			LogAssemblyErrors (0ms)
			InitializePlatformSupportModulesInManaged (31ms)
			SetLoadedEditorAssemblies (8ms)
			RefreshPlugins (0ms)
			BeforeProcessingInitializeOnLoad (119ms)
			ProcessInitializeOnLoadAttributes (441ms)
			ProcessInitializeOnLoadMethodAttributes (30ms)
			AfterProcessingInitializeOnLoad (6ms)
			EditorAssembliesLoaded (0ms)
		ExecutionOrderSort2 (0ms)
		AwakeInstancesAfterBackupRestoration (7ms)
Refreshing native plugins compatible for Editor in 4.06 ms, found 3 plugins.
Preloading 0 native plugins for Editor in 0.00 ms.
Unloading 3094 Unused Serialized files (Serialized files now loaded: 0)
Unloading 23 unused Assets / (30.7 KB). Loaded Objects now: 3620.
Memory consumption went from 125.9 MB to 125.9 MB.
Total: 3.975800 ms (FindLiveObjects: 0.471300 ms CreateObjectMapping: 0.107500 ms MarkObjects: 3.313400 ms  DeleteObjects: 0.082100 ms)

Prepare: number of updated asset objects reloaded= 0
AssetImportParameters requested are different than current active one (requested -> active):
  custom:container-demuxer-ogg: 62fdf1f143b41e24485cea50d1cbac27 -> 
  custom:video-decoder-ogg-theora: a1e56fd34408186e4bbccfd4996cb3dc -> 
  custom:framework-win-MediaFoundation: 216162199b28c13a410421893ffa2e32 -> 
  custom:CustomObjectIndexerAttribute: 9a22284fe3817be447336de3de66b15e -> 
  custom:container-demuxer-webm: 4f35f7cbe854078d1ac9338744f61a02 -> 
  custom:container-muxer-webm: aa71ff27fc2769a1b78a27578f13a17b -> 
  custom:video-decoder-webm-vp8: 9c59270c3fd7afecdb556c50c9e8de78 -> 
  custom:SearchIndexIgnoredProperties: e643bd26f0fe6173181afceb89e7c659 -> 
  custom:AudioImporter_EditorPlatform: d09bf68614088b80899f8185d706f6e7 -> 
  custom:video-encoder-webm-vp8: eb34c28f22e8b96e1ab97ce403110664 -> 
  custom:audio-decoder-ogg-vorbis: bf7c407c2cedff20999df2af8eb42d56 -> 
  custom:audio-encoder-webm-vorbis: bf7c407c2cedff20999df2af8eb42d56 -> 
========================================================================
Received Prepare
Begin MonoManager ReloadAssembly
Symbol file data-000002091B0A68C0 doesn't match image C:\Users\Emre\OneDrive\Belgeler\GitHub\oua-bootcamp-grup23\oua-bootcamp-2024-g23\Library\ScriptAssemblies\Unity.Timeline.dll
Symbol file LoadedFromMemory is not a mono symbol file
Symbol file data-0000020919FFCDA0 doesn't match image C:\Users\Emre\OneDrive\Belgeler\GitHub\oua-bootcamp-grup23\oua-bootcamp-2024-g23\Library\ScriptAssemblies\Unity.TestTools.CodeCoverage.Editor.OpenCover.Mono.Reflection.dll
Symbol file LoadedFromMemory is not a mono symbol file
Symbol file data-0000020919C75A90 doesn't match image C:\Users\Emre\OneDrive\Belgeler\GitHub\oua-bootcamp-grup23\oua-bootcamp-2024-g23\Library\ScriptAssemblies\UnityEngine.UI.dll
Symbol file LoadedFromMemory is not a mono symbol file
Symbol file data-0000020919FFCDA0 doesn't match image C:\Users\Emre\OneDrive\Belgeler\GitHub\oua-bootcamp-grup23\oua-bootcamp-2024-g23\Library\ScriptAssemblies\Unity.EditorCoroutines.Editor.dll
Symbol file LoadedFromMemory is not a mono symbol file
Symbol file data-000002090D97E0B0 doesn't match image C:\Users\Emre\OneDrive\Belgeler\GitHub\oua-bootcamp-grup23\oua-bootcamp-2024-g23\Library\ScriptAssemblies\Unity.VisualScripting.SettingsProvider.Editor.dll
Symbol file LoadedFromMemory is not a mono symbol file
Symbol file data-000002090F54E020 doesn't match image C:\Users\Emre\OneDrive\Belgeler\GitHub\oua-bootcamp-grup23\oua-bootcamp-2024-g23\Library\ScriptAssemblies\Unity.Performance.Profile-Analyzer.Editor.dll
Symbol file LoadedFromMemory is not a mono symbol file
Symbol file data-000002090D915030 doesn't match image C:\Users\Emre\OneDrive\Belgeler\GitHub\oua-bootcamp-grup23\oua-bootcamp-2024-g23\Library\ScriptAssemblies\Unity.TestTools.CodeCoverage.Editor.dll
Symbol file LoadedFromMemory is not a mono symbol file
Symbol file data-000002090F0D0030 doesn't match image C:\Users\Emre\OneDrive\Belgeler\GitHub\oua-bootcamp-grup23\oua-bootcamp-2024-g23\Library\ScriptAssemblies\Unity.TestTools.CodeCoverage.Editor.OpenCover.Model.dll
Symbol file LoadedFromMemory is not a mono symbol file
Symbol file data-0000020918EA6010 doesn't match image C:\Users\Emre\OneDrive\Belgeler\GitHub\oua-bootcamp-grup23\oua-bootcamp-2024-g23\Library\ScriptAssemblies\Unity.PlasticSCM.Editor.dll
Symbol file LoadedFromMemory is not a mono symbol file
Symbol file data-000002090D791C10 doesn't match image C:\Users\Emre\OneDrive\Belgeler\GitHub\oua-bootcamp-grup23\oua-bootcamp-2024-g23\Library\ScriptAssemblies\UnityEngine.TestRunner.dll
Symbol file LoadedFromMemory is not a mono symbol file
Symbol file data-000002091A33B030 doesn't match image C:\Users\Emre\OneDrive\Belgeler\GitHub\oua-bootcamp-grup23\oua-bootcamp-2024-g23\Library\ScriptAssemblies\Unity.VisualScripting.State.Editor.dll
Symbol file LoadedFromMemory is not a mono symbol file
Symbol file data-000002090FBB7000 doesn't match image C:\Users\Emre\OneDrive\Belgeler\GitHub\oua-bootcamp-grup23\oua-bootcamp-2024-g23\Library\ScriptAssemblies\Unity.Timeline.Editor.dll
Symbol file LoadedFromMemory is not a mono symbol file
Symbol file data-000002090F20A020 doesn't match image C:\Users\Emre\OneDrive\Belgeler\GitHub\oua-bootcamp-grup23\oua-bootcamp-2024-g23\Library\ScriptAssemblies\Unity.Settings.Editor.dll
Symbol file LoadedFromMemory is not a mono symbol file
Symbol file data-000002090F20A020 doesn't match image C:\Users\Emre\OneDrive\Belgeler\GitHub\oua-bootcamp-grup23\oua-bootcamp-2024-g23\Library\ScriptAssemblies\Unity.VisualScripting.Shared.Editor.dll
Symbol file LoadedFromMemory is not a mono symbol file
Symbol file data-000002090F20A020 doesn't match image C:\Users\Emre\OneDrive\Belgeler\GitHub\oua-bootcamp-grup23\oua-bootcamp-2024-g23\Library\ScriptAssemblies\Unity.CollabProxy.Editor.dll
Symbol file LoadedFromMemory is not a mono symbol file
Symbol file data-000002090F244030 doesn't match image C:\Users\Emre\OneDrive\Belgeler\GitHub\oua-bootcamp-grup23\oua-bootcamp-2024-g23\Library\ScriptAssemblies\Unity.VisualStudio.Editor.dll
Symbol file LoadedFromMemory is not a mono symbol file
Symbol file data-0000020919FBB980 doesn't match image C:\Users\Emre\OneDrive\Belgeler\GitHub\oua-bootcamp-grup23\oua-bootcamp-2024-g23\Library\ScriptAssemblies\Unity.TextMeshPro.dll
Symbol file LoadedFromMemory is not a mono symbol file
Symbol file data-0000020918EA6010 doesn't match image C:\Users\Emre\OneDrive\Belgeler\GitHub\oua-bootcamp-grup23\oua-bootcamp-2024-g23\Library\ScriptAssemblies\Unity.VisualScripting.Core.dll
Symbol file LoadedFromMemory is not a mono symbol file
Symbol file data-0000020910B0EC10 doesn't match image C:\Users\Emre\OneDrive\Belgeler\GitHub\oua-bootcamp-grup23\oua-bootcamp-2024-g23\Library\ScriptAssemblies\Unity.TextMeshPro.Editor.dll
Symbol file LoadedFromMemory is not a mono symbol file
Symbol file data-000002091A33B030 doesn't match image C:\Users\Emre\OneDrive\Belgeler\GitHub\oua-bootcamp-grup23\oua-bootcamp-2024-g23\Library\ScriptAssemblies\UnityEditor.UI.dll
Symbol file LoadedFromMemory is not a mono symbol file
Symbol file data-000002090E101010 doesn't match image C:\Users\Emre\OneDrive\Belgeler\GitHub\oua-bootcamp-grup23\oua-bootcamp-2024-g23\Library\ScriptAssemblies\Unity.VisualScripting.Core.Editor.dll
Symbol file LoadedFromMemory is not a mono symbol file
Symbol file data-000002091A33B030 doesn't match image C:\Users\Emre\OneDrive\Belgeler\GitHub\oua-bootcamp-grup23\oua-bootcamp-2024-g23\Library\ScriptAssemblies\Unity.Rider.Editor.dll
Symbol file LoadedFromMemory is not a mono symbol file
Symbol file data-000002091A2F4010 doesn't match image C:\Users\Emre\OneDrive\Belgeler\GitHub\oua-bootcamp-grup23\oua-bootcamp-2024-g23\Library\ScriptAssemblies\Unity.VisualScripting.State.dll
Symbol file LoadedFromMemory is not a mono symbol file
Symbol file data-000002090DA24000 doesn't match image C:\Users\Emre\OneDrive\Belgeler\GitHub\oua-bootcamp-grup23\oua-bootcamp-2024-g23\Library\ScriptAssemblies\Unity.VSCode.Editor.dll
Symbol file LoadedFromMemory is not a mono symbol file
Symbol file data-000002091A2C2030 doesn't match image C:\Users\Emre\OneDrive\Belgeler\GitHub\oua-bootcamp-grup23\oua-bootcamp-2024-g23\Library\ScriptAssemblies\UnityEditor.TestRunner.dll
Symbol file LoadedFromMemory is not a mono symbol file
Symbol file data-000002090ED20080 doesn't match image C:\Users\Emre\OneDrive\Belgeler\GitHub\oua-bootcamp-grup23\oua-bootcamp-2024-g23\Library\ScriptAssemblies\Unity.VisualScripting.Flow.dll
Symbol file LoadedFromMemory is not a mono symbol file
Symbol file data-000002091AFA9420 doesn't match image C:\Users\Emre\OneDrive\Belgeler\GitHub\oua-bootcamp-grup23\oua-bootcamp-2024-g23\Library\ScriptAssemblies\Unity.VisualScripting.Flow.Editor.dll
Symbol file LoadedFromMemory is not a mono symbol file
- Loaded All Assemblies, in  0.468 seconds
Refreshing native plugins compatible for Editor in 2.75 ms, found 3 plugins.
Native extension for WindowsStandalone target not found
Native extension for Android target not found
[Package Manager] Server::EnsureServerProcessIsRunning -- launch failed, reason: Unity was launched with the -noUpm command-line argument
[Package Manager] UpmClient::Send -- Unable to send message (not connected to UPM process).
[Package Manager] Cannot connect to Unity Package Manager local server
Mono: successfully reloaded assembly
- Finished resetting the current domain, in  1.168 seconds
Domain Reload Profiling: 1635ms
	BeginReloadAssembly (147ms)
		ExecutionOrderSort (0ms)
		DisableScriptedObjects (5ms)
		BackupInstance (0ms)
		ReleaseScriptingObjects (0ms)
		CreateAndSetChildDomain (35ms)
	RebuildCommonClasses (32ms)
	RebuildNativeTypeToScriptingClass (11ms)
	initialDomainReloadingComplete (27ms)
	LoadAllAssembliesAndSetupDomain (249ms)
		LoadAssemblies (312ms)
		RebuildTransferFunctionScriptingTraits (0ms)
		AnalyzeDomain (16ms)
			TypeCache.Refresh (8ms)
				TypeCache.ScanAssembly (0ms)
			ScanForSourceGeneratedMonoScriptInfo (0ms)
			ResolveRequiredComponents (6ms)
	FinalizeReload (1169ms)
		ReleaseScriptCaches (0ms)
		RebuildScriptCaches (0ms)
		SetupLoadedEditorAssemblies (629ms)
			LogAssemblyErrors (0ms)
			InitializePlatformSupportModulesInManaged (33ms)
			SetLoadedEditorAssemblies (8ms)
			RefreshPlugins (0ms)
			BeforeProcessingInitializeOnLoad (118ms)
			ProcessInitializeOnLoadAttributes (435ms)
			ProcessInitializeOnLoadMethodAttributes (28ms)
			AfterProcessingInitializeOnLoad (6ms)
			EditorAssembliesLoaded (0ms)
		ExecutionOrderSort2 (0ms)
		AwakeInstancesAfterBackupRestoration (8ms)
Refreshing native plugins compatible for Editor in 3.78 ms, found 3 plugins.
Preloading 0 native plugins for Editor in 0.00 ms.
Unloading 3094 Unused Serialized files (Serialized files now loaded: 0)
Unloading 23 unused Assets / (30.8 KB). Loaded Objects now: 3623.
Memory consumption went from 125.9 MB to 125.9 MB.
Total: 3.834300 ms (FindLiveObjects: 0.367200 ms CreateObjectMapping: 0.102800 ms MarkObjects: 3.305200 ms  DeleteObjects: 0.057500 ms)

Prepare: number of updated asset objects reloaded= 0
AssetImportParameters requested are different than current active one (requested -> active):
  custom:container-demuxer-ogg: 62fdf1f143b41e24485cea50d1cbac27 -> 
  custom:video-decoder-ogg-theora: a1e56fd34408186e4bbccfd4996cb3dc -> 
  custom:framework-win-MediaFoundation: 216162199b28c13a410421893ffa2e32 -> 
  custom:CustomObjectIndexerAttribute: 9a22284fe3817be447336de3de66b15e -> 
  custom:container-demuxer-webm: 4f35f7cbe854078d1ac9338744f61a02 -> 
  custom:container-muxer-webm: aa71ff27fc2769a1b78a27578f13a17b -> 
  custom:video-decoder-webm-vp8: 9c59270c3fd7afecdb556c50c9e8de78 -> 
  custom:SearchIndexIgnoredProperties: e643bd26f0fe6173181afceb89e7c659 -> 
  custom:AudioImporter_EditorPlatform: d09bf68614088b80899f8185d706f6e7 -> 
  custom:video-encoder-webm-vp8: eb34c28f22e8b96e1ab97ce403110664 -> 
  custom:audio-decoder-ogg-vorbis: bf7c407c2cedff20999df2af8eb42d56 -> 
  custom:audio-encoder-webm-vorbis: bf7c407c2cedff20999df2af8eb42d56 -> 
