Using pre-set license
Built from '2022.3/staging' branch; Version is '2022.3.36f1 (95a4219250e5) revision 9806881'; Using compiler version '192829333'; Build Type 'Release'
OS: 'Windows 11  (10.0.22631) 64bit Enterprise' Language: 'tr' Physical Memory: 15791 MB
BatchMode: 1, IsHumanControllingUs: 0, StartBugReporterOnCrash: 0, Is64bit: 1, IsPro: 1

COMMAND LINE ARGUMENTS:
C:\Program Files\Unity\Hub\Editor\2022.3.36f1\Editor\Unity.exe
-adb2
-batchMode
-noUpm
-name
AssetImportWorker0
-projectPath
C:/Users/Emre/OneDrive/Belgeler/GitHub/oua-bootcamp-grup23/oua-bootcamp-2024-g23
-logFile
Logs/AssetImportWorker0.log
-srvPort
55495
Successfully changed project path to: C:/Users/Emre/OneDrive/Belgeler/GitHub/oua-bootcamp-grup23/oua-bootcamp-2024-g23
C:/Users/Emre/OneDrive/Belgeler/GitHub/oua-bootcamp-grup23/oua-bootcamp-2024-g23
[UnityMemory] Configuration Parameters - Can be set up in boot.config
    "memorysetup-bucket-allocator-granularity=16"
    "memorysetup-bucket-allocator-bucket-count=8"
    "memorysetup-bucket-allocator-block-size=33554432"
    "memorysetup-bucket-allocator-block-count=8"
    "memorysetup-main-allocator-block-size=16777216"
    "memorysetup-thread-allocator-block-size=16777216"
    "memorysetup-gfx-main-allocator-block-size=16777216"
    "memorysetup-gfx-thread-allocator-block-size=16777216"
    "memorysetup-cache-allocator-block-size=4194304"
    "memorysetup-typetree-allocator-block-size=2097152"
    "memorysetup-profiler-bucket-allocator-granularity=16"
    "memorysetup-profiler-bucket-allocator-bucket-count=8"
    "memorysetup-profiler-bucket-allocator-block-size=33554432"
    "memorysetup-profiler-bucket-allocator-block-count=8"
    "memorysetup-profiler-allocator-block-size=16777216"
    "memorysetup-profiler-editor-allocator-block-size=1048576"
    "memorysetup-temp-allocator-size-main=16777216"
    "memorysetup-job-temp-allocator-block-size=2097152"
    "memorysetup-job-temp-allocator-block-size-background=1048576"
    "memorysetup-job-temp-allocator-reduction-small-platforms=262144"
    "memorysetup-allocator-temp-initial-block-size-main=262144"
    "memorysetup-allocator-temp-initial-block-size-worker=262144"
    "memorysetup-temp-allocator-size-background-worker=32768"
    "memorysetup-temp-allocator-size-job-worker=262144"
    "memorysetup-temp-allocator-size-preload-manager=33554432"
    "memorysetup-temp-allocator-size-nav-mesh-worker=65536"
    "memorysetup-temp-allocator-size-audio-worker=65536"
    "memorysetup-temp-allocator-size-cloud-worker=32768"
    "memorysetup-temp-allocator-size-gi-baking-worker=262144"
    "memorysetup-temp-allocator-size-gfx=262144"
Player connection [23384] Host "[IP] 192.168.1.35 [Port] 0 [Flags] 2 [Guid] 1970637697 [EditorId] 1970637697 [Version] 1048832 [Id] WindowsEditor(7,DESKTOP-V3E4VCU) [Debug] 1 [PackageName] WindowsEditor [ProjectName] Editor" joined multi-casting on [225.0.0.222:54997]...

Player connection [23384] Host "[IP] 192.168.1.35 [Port] 0 [Flags] 2 [Guid] 1970637697 [EditorId] 1970637697 [Version] 1048832 [Id] WindowsEditor(7,DESKTOP-V3E4VCU) [Debug] 1 [PackageName] WindowsEditor [ProjectName] Editor" joined alternative multi-casting on [225.0.0.222:34997]...

[PhysX] Initialized MultithreadedTaskDispatcher with 16 workers.
Refreshing native plugins compatible for Editor in 10.32 ms, found 3 plugins.
Preloading 0 native plugins for Editor in 0.00 ms.
Initialize engine version: 2022.3.36f1 (95a4219250e5)
[Subsystems] Discovering subsystems at path C:/Program Files/Unity/Hub/Editor/2022.3.36f1/Editor/Data/Resources/UnitySubsystems
[Subsystems] Discovering subsystems at path C:/Users/Emre/OneDrive/Belgeler/GitHub/oua-bootcamp-grup23/oua-bootcamp-2024-g23/Assets
GfxDevice: creating device client; threaded=0; jobified=0
Direct3D:
    Version:  Direct3D 11.0 [level 11.1]
    Renderer: NVIDIA GeForce RTX 3050 Laptop GPU (ID=0x25a5)
    Vendor:   NVIDIA
    VRAM:     3977 MB
    Driver:   31.0.15.4680
Initialize mono
Mono path[0] = 'C:/Program Files/Unity/Hub/Editor/2022.3.36f1/Editor/Data/Managed'
Mono path[1] = 'C:/Program Files/Unity/Hub/Editor/2022.3.36f1/Editor/Data/MonoBleedingEdge/lib/mono/unityjit-win32'
Mono config path = 'C:/Program Files/Unity/Hub/Editor/2022.3.36f1/Editor/Data/MonoBleedingEdge/etc'
Using monoOptions --debugger-agent=transport=dt_socket,embedding=1,server=y,suspend=n,address=127.0.0.1:56988
Begin MonoManager ReloadAssembly
Registering precompiled unity dll's ...
Register platform support module: C:/Program Files/Unity/Hub/Editor/2022.3.36f1/Editor/Data/PlaybackEngines/AndroidPlayer/UnityEditor.Android.Extensions.dll
Register platform support module: C:/Program Files/Unity/Hub/Editor/2022.3.36f1/Editor/Data/PlaybackEngines/WindowsStandaloneSupport/UnityEditor.WindowsStandalone.Extensions.dll
Registered in 0.006309 seconds.
- Loaded All Assemblies, in  0.380 seconds
Native extension for WindowsStandalone target not found
Native extension for Android target not found
Android Extension - Scanning For ADB Devices 257 ms
Mono: successfully reloaded assembly
- Finished resetting the current domain, in  0.624 seconds
Domain Reload Profiling: 1003ms
	BeginReloadAssembly (120ms)
		ExecutionOrderSort (0ms)
		DisableScriptedObjects (0ms)
		BackupInstance (0ms)
		ReleaseScriptingObjects (0ms)
		CreateAndSetChildDomain (1ms)
	RebuildCommonClasses (36ms)
	RebuildNativeTypeToScriptingClass (11ms)
	initialDomainReloadingComplete (59ms)
	LoadAllAssembliesAndSetupDomain (153ms)
		LoadAssemblies (118ms)
		RebuildTransferFunctionScriptingTraits (0ms)
		AnalyzeDomain (151ms)
			TypeCache.Refresh (149ms)
				TypeCache.ScanAssembly (135ms)
			ScanForSourceGeneratedMonoScriptInfo (0ms)
			ResolveRequiredComponents (1ms)
	FinalizeReload (624ms)
		ReleaseScriptCaches (0ms)
		RebuildScriptCaches (0ms)
		SetupLoadedEditorAssemblies (556ms)
			LogAssemblyErrors (0ms)
			InitializePlatformSupportModulesInManaged (368ms)
			SetLoadedEditorAssemblies (5ms)
			RefreshPlugins (0ms)
			BeforeProcessingInitializeOnLoad (2ms)
			ProcessInitializeOnLoadAttributes (129ms)
			ProcessInitializeOnLoadMethodAttributes (51ms)
			AfterProcessingInitializeOnLoad (0ms)
			EditorAssembliesLoaded (0ms)
		ExecutionOrderSort2 (0ms)
		AwakeInstancesAfterBackupRestoration (0ms)
========================================================================
Worker process is ready to serve import requests
Begin MonoManager ReloadAssembly
Symbol file data-000001AC9073B250 doesn't match image C:\Users\Emre\OneDrive\Belgeler\GitHub\oua-bootcamp-grup23\oua-bootcamp-2024-g23\Library\ScriptAssemblies\Unity.Timeline.dll
Symbol file LoadedFromMemory is not a mono symbol file
Symbol file data-000001AC8E5A3360 doesn't match image C:\Users\Emre\OneDrive\Belgeler\GitHub\oua-bootcamp-grup23\oua-bootcamp-2024-g23\Library\ScriptAssemblies\Unity.TestTools.CodeCoverage.Editor.OpenCover.Mono.Reflection.dll
Symbol file LoadedFromMemory is not a mono symbol file
Symbol file data-000001AC8F8C2010 doesn't match image C:\Users\Emre\OneDrive\Belgeler\GitHub\oua-bootcamp-grup23\oua-bootcamp-2024-g23\Library\ScriptAssemblies\UnityEngine.UI.dll
Symbol file LoadedFromMemory is not a mono symbol file
Symbol file data-000001AC8E5A3360 doesn't match image C:\Users\Emre\OneDrive\Belgeler\GitHub\oua-bootcamp-grup23\oua-bootcamp-2024-g23\Library\ScriptAssemblies\Unity.EditorCoroutines.Editor.dll
Symbol file LoadedFromMemory is not a mono symbol file
Symbol file data-000001AC8E5A3360 doesn't match image C:\Users\Emre\OneDrive\Belgeler\GitHub\oua-bootcamp-grup23\oua-bootcamp-2024-g23\Library\ScriptAssemblies\Unity.VisualScripting.SettingsProvider.Editor.dll
Symbol file LoadedFromMemory is not a mono symbol file
Symbol file data-000001AC8F909220 doesn't match image C:\Users\Emre\OneDrive\Belgeler\GitHub\oua-bootcamp-grup23\oua-bootcamp-2024-g23\Library\ScriptAssemblies\Unity.Performance.Profile-Analyzer.Editor.dll
Symbol file LoadedFromMemory is not a mono symbol file
Symbol file data-000001AC903D2020 doesn't match image C:\Users\Emre\OneDrive\Belgeler\GitHub\oua-bootcamp-grup23\oua-bootcamp-2024-g23\Library\ScriptAssemblies\Unity.TestTools.CodeCoverage.Editor.dll
Symbol file LoadedFromMemory is not a mono symbol file
Symbol file data-000001AC8E60F0A0 doesn't match image C:\Users\Emre\OneDrive\Belgeler\GitHub\oua-bootcamp-grup23\oua-bootcamp-2024-g23\Library\ScriptAssemblies\Unity.TestTools.CodeCoverage.Editor.OpenCover.Model.dll
Symbol file LoadedFromMemory is not a mono symbol file
Symbol file data-000001AC903D2020 doesn't match image C:\Users\Emre\OneDrive\Belgeler\GitHub\oua-bootcamp-grup23\oua-bootcamp-2024-g23\Library\ScriptAssemblies\Unity.PlasticSCM.Editor.dll
Symbol file LoadedFromMemory is not a mono symbol file
Symbol file data-000001AC903D2020 doesn't match image C:\Users\Emre\OneDrive\Belgeler\GitHub\oua-bootcamp-grup23\oua-bootcamp-2024-g23\Library\ScriptAssemblies\UnityEngine.TestRunner.dll
Symbol file LoadedFromMemory is not a mono symbol file
Symbol file data-000001AC903EBA30 doesn't match image C:\Users\Emre\OneDrive\Belgeler\GitHub\oua-bootcamp-grup23\oua-bootcamp-2024-g23\Library\ScriptAssemblies\Unity.VisualScripting.State.Editor.dll
Symbol file LoadedFromMemory is not a mono symbol file
Symbol file data-000001AC903EBA30 doesn't match image C:\Users\Emre\OneDrive\Belgeler\GitHub\oua-bootcamp-grup23\oua-bootcamp-2024-g23\Library\ScriptAssemblies\Unity.Timeline.Editor.dll
Symbol file LoadedFromMemory is not a mono symbol file
Symbol file data-000001AC8FB8AC20 doesn't match image C:\Users\Emre\OneDrive\Belgeler\GitHub\oua-bootcamp-grup23\oua-bootcamp-2024-g23\Library\ScriptAssemblies\Unity.Settings.Editor.dll
Symbol file LoadedFromMemory is not a mono symbol file
Symbol file data-000001AC8E5A3360 doesn't match image C:\Users\Emre\OneDrive\Belgeler\GitHub\oua-bootcamp-grup23\oua-bootcamp-2024-g23\Library\ScriptAssemblies\Unity.VisualScripting.Shared.Editor.dll
Symbol file LoadedFromMemory is not a mono symbol file
Symbol file data-000001AC8E5A3360 doesn't match image C:\Users\Emre\OneDrive\Belgeler\GitHub\oua-bootcamp-grup23\oua-bootcamp-2024-g23\Library\ScriptAssemblies\Unity.CollabProxy.Editor.dll
Symbol file LoadedFromMemory is not a mono symbol file
Symbol file data-000001AC9040FC40 doesn't match image C:\Users\Emre\OneDrive\Belgeler\GitHub\oua-bootcamp-grup23\oua-bootcamp-2024-g23\Library\ScriptAssemblies\Unity.VisualStudio.Editor.dll
Symbol file LoadedFromMemory is not a mono symbol file
Symbol file data-000001AC9040FC40 doesn't match image C:\Users\Emre\OneDrive\Belgeler\GitHub\oua-bootcamp-grup23\oua-bootcamp-2024-g23\Library\ScriptAssemblies\Unity.TextMeshPro.dll
Symbol file LoadedFromMemory is not a mono symbol file
Symbol file data-000001AC90043020 doesn't match image C:\Users\Emre\OneDrive\Belgeler\GitHub\oua-bootcamp-grup23\oua-bootcamp-2024-g23\Library\ScriptAssemblies\Unity.VisualScripting.Core.dll
Symbol file LoadedFromMemory is not a mono symbol file
Symbol file data-000001AC90003A20 doesn't match image C:\Users\Emre\OneDrive\Belgeler\GitHub\oua-bootcamp-grup23\oua-bootcamp-2024-g23\Library\ScriptAssemblies\Unity.TextMeshPro.Editor.dll
Symbol file LoadedFromMemory is not a mono symbol file
Symbol file data-000001AC8FB8AC20 doesn't match image C:\Users\Emre\OneDrive\Belgeler\GitHub\oua-bootcamp-grup23\oua-bootcamp-2024-g23\Library\ScriptAssemblies\UnityEditor.UI.dll
Symbol file LoadedFromMemory is not a mono symbol file
Symbol file data-000001AC90043020 doesn't match image C:\Users\Emre\OneDrive\Belgeler\GitHub\oua-bootcamp-grup23\oua-bootcamp-2024-g23\Library\ScriptAssemblies\Unity.VisualScripting.Core.Editor.dll
Symbol file LoadedFromMemory is not a mono symbol file
Symbol file data-000001AC8FB8AC20 doesn't match image C:\Users\Emre\OneDrive\Belgeler\GitHub\oua-bootcamp-grup23\oua-bootcamp-2024-g23\Library\ScriptAssemblies\Unity.Rider.Editor.dll
Symbol file LoadedFromMemory is not a mono symbol file
Symbol file data-000001AC8E60F0A0 doesn't match image C:\Users\Emre\OneDrive\Belgeler\GitHub\oua-bootcamp-grup23\oua-bootcamp-2024-g23\Library\ScriptAssemblies\Unity.VisualScripting.State.dll
Symbol file LoadedFromMemory is not a mono symbol file
Symbol file data-000001AC8F92C230 doesn't match image C:\Users\Emre\OneDrive\Belgeler\GitHub\oua-bootcamp-grup23\oua-bootcamp-2024-g23\Library\ScriptAssemblies\Unity.VSCode.Editor.dll
Symbol file LoadedFromMemory is not a mono symbol file
Symbol file data-000001AC9007DA30 doesn't match image C:\Users\Emre\OneDrive\Belgeler\GitHub\oua-bootcamp-grup23\oua-bootcamp-2024-g23\Library\ScriptAssemblies\UnityEditor.TestRunner.dll
Symbol file LoadedFromMemory is not a mono symbol file
Symbol file data-000001AC9007DA30 doesn't match image C:\Users\Emre\OneDrive\Belgeler\GitHub\oua-bootcamp-grup23\oua-bootcamp-2024-g23\Library\ScriptAssemblies\Unity.VisualScripting.Flow.dll
Symbol file LoadedFromMemory is not a mono symbol file
Symbol file data-000001AC90173C30 doesn't match image C:\Users\Emre\OneDrive\Belgeler\GitHub\oua-bootcamp-grup23\oua-bootcamp-2024-g23\Library\ScriptAssemblies\Unity.VisualScripting.Flow.Editor.dll
Symbol file LoadedFromMemory is not a mono symbol file
- Loaded All Assemblies, in  0.726 seconds
Refreshing native plugins compatible for Editor in 2.81 ms, found 3 plugins.
Native extension for WindowsStandalone target not found
Native extension for Android target not found
Package Manager log level set to [2]
[Package Manager] Server::EnsureServerProcessIsRunning -- launch failed, reason: Unity was launched with the -noUpm command-line argument
[Package Manager] UpmClient::Send -- Unable to send message (not connected to UPM process).
[Package Manager] Cannot connect to Unity Package Manager local server
Mono: successfully reloaded assembly
- Finished resetting the current domain, in  0.728 seconds
Domain Reload Profiling: 1453ms
	BeginReloadAssembly (180ms)
		ExecutionOrderSort (0ms)
		DisableScriptedObjects (6ms)
		BackupInstance (0ms)
		ReleaseScriptingObjects (0ms)
		CreateAndSetChildDomain (35ms)
	RebuildCommonClasses (36ms)
	RebuildNativeTypeToScriptingClass (12ms)
	initialDomainReloadingComplete (43ms)
	LoadAllAssembliesAndSetupDomain (453ms)
		LoadAssemblies (345ms)
		RebuildTransferFunctionScriptingTraits (0ms)
		AnalyzeDomain (190ms)
			TypeCache.Refresh (166ms)
				TypeCache.ScanAssembly (147ms)
			ScanForSourceGeneratedMonoScriptInfo (17ms)
			ResolveRequiredComponents (6ms)
	FinalizeReload (728ms)
		ReleaseScriptCaches (0ms)
		RebuildScriptCaches (0ms)
		SetupLoadedEditorAssemblies (561ms)
			LogAssemblyErrors (0ms)
			InitializePlatformSupportModulesInManaged (28ms)
			SetLoadedEditorAssemblies (5ms)
			RefreshPlugins (0ms)
			BeforeProcessingInitializeOnLoad (97ms)
			ProcessInitializeOnLoadAttributes (403ms)
			ProcessInitializeOnLoadMethodAttributes (24ms)
			AfterProcessingInitializeOnLoad (5ms)
			EditorAssembliesLoaded (0ms)
		ExecutionOrderSort2 (0ms)
		AwakeInstancesAfterBackupRestoration (6ms)
Launched and connected shader compiler UnityShaderCompiler.exe after 0.05 seconds
Refreshing native plugins compatible for Editor in 2.64 ms, found 3 plugins.
Preloading 0 native plugins for Editor in 0.00 ms.
Unloading 3152 Unused Serialized files (Serialized files now loaded: 0)
Unloading 33 unused Assets / (58.1 KB). Loaded Objects now: 3619.
Memory consumption went from 130.6 MB to 130.6 MB.
Total: 2.971300 ms (FindLiveObjects: 0.367000 ms CreateObjectMapping: 0.100100 ms MarkObjects: 2.381400 ms  DeleteObjects: 0.121700 ms)

AssetImportParameters requested are different than current active one (requested -> active):
  custom:container-demuxer-ogg: 62fdf1f143b41e24485cea50d1cbac27 -> 
  custom:video-decoder-ogg-theora: a1e56fd34408186e4bbccfd4996cb3dc -> 
  custom:framework-win-MediaFoundation: 216162199b28c13a410421893ffa2e32 -> 
  custom:CustomObjectIndexerAttribute: 9a22284fe3817be447336de3de66b15e -> 
  custom:container-demuxer-webm: 4f35f7cbe854078d1ac9338744f61a02 -> 
  custom:container-muxer-webm: aa71ff27fc2769a1b78a27578f13a17b -> 
  custom:video-decoder-webm-vp8: 9c59270c3fd7afecdb556c50c9e8de78 -> 
  custom:SearchIndexIgnoredProperties: e643bd26f0fe6173181afceb89e7c659 -> 
  custom:AudioImporter_EditorPlatform: d09bf68614088b80899f8185d706f6e7 -> 
  custom:video-encoder-webm-vp8: eb34c28f22e8b96e1ab97ce403110664 -> 
  custom:audio-decoder-ogg-vorbis: bf7c407c2cedff20999df2af8eb42d56 -> 
  custom:audio-encoder-webm-vorbis: bf7c407c2cedff20999df2af8eb42d56 -> 
========================================================================
Received Import Request.
  Time since last request: 1288011.931487 seconds.
  path: Assets/Scripts/toplanacaknesne.cs
  artifactKey: Guid(7cb5cf46cd400c44c8bca518674a589f) Importer(815301076,1909f56bfc062723c751e8b465ee728b)
Start importing Assets/Scripts/toplanacaknesne.cs using Guid(7cb5cf46cd400c44c8bca518674a589f) Importer(815301076,1909f56bfc062723c751e8b465ee728b) [PhysX] Initialized MultithreadedTaskDispatcher with 16 workers.
 -> (artifact id: '9619b42ff02ca8d3e91f14c7a9f12efe') in 0.003700 seconds
Number of updated asset objects reloaded before import = 0
Number of asset objects unloaded after import = 0
========================================================================
Received Prepare
Begin MonoManager ReloadAssembly
Symbol file data-000001AC994D6020 doesn't match image C:\Users\Emre\OneDrive\Belgeler\GitHub\oua-bootcamp-grup23\oua-bootcamp-2024-g23\Library\ScriptAssemblies\Unity.Timeline.dll
Symbol file LoadedFromMemory is not a mono symbol file
Symbol file data-000001AC9ADEEA30 doesn't match image C:\Users\Emre\OneDrive\Belgeler\GitHub\oua-bootcamp-grup23\oua-bootcamp-2024-g23\Library\ScriptAssemblies\Unity.TestTools.CodeCoverage.Editor.OpenCover.Mono.Reflection.dll
Symbol file LoadedFromMemory is not a mono symbol file
Symbol file data-000001AC8FBEF020 doesn't match image C:\Users\Emre\OneDrive\Belgeler\GitHub\oua-bootcamp-grup23\oua-bootcamp-2024-g23\Library\ScriptAssemblies\UnityEngine.UI.dll
Symbol file LoadedFromMemory is not a mono symbol file
Symbol file data-000001AC9ADEEA30 doesn't match image C:\Users\Emre\OneDrive\Belgeler\GitHub\oua-bootcamp-grup23\oua-bootcamp-2024-g23\Library\ScriptAssemblies\Unity.EditorCoroutines.Editor.dll
Symbol file LoadedFromMemory is not a mono symbol file
Symbol file data-000001AC8E7F2200 doesn't match image C:\Users\Emre\OneDrive\Belgeler\GitHub\oua-bootcamp-grup23\oua-bootcamp-2024-g23\Library\ScriptAssemblies\Unity.VisualScripting.SettingsProvider.Editor.dll
Symbol file LoadedFromMemory is not a mono symbol file
Symbol file data-000001AC8FBEF020 doesn't match image C:\Users\Emre\OneDrive\Belgeler\GitHub\oua-bootcamp-grup23\oua-bootcamp-2024-g23\Library\ScriptAssemblies\Unity.Performance.Profile-Analyzer.Editor.dll
Symbol file LoadedFromMemory is not a mono symbol file
Symbol file data-000001AC99266840 doesn't match image C:\Users\Emre\OneDrive\Belgeler\GitHub\oua-bootcamp-grup23\oua-bootcamp-2024-g23\Library\ScriptAssemblies\Unity.TestTools.CodeCoverage.Editor.dll
Symbol file LoadedFromMemory is not a mono symbol file
Symbol file data-000001AC90FB3E30 doesn't match image C:\Users\Emre\OneDrive\Belgeler\GitHub\oua-bootcamp-grup23\oua-bootcamp-2024-g23\Library\ScriptAssemblies\Unity.TestTools.CodeCoverage.Editor.OpenCover.Model.dll
Symbol file LoadedFromMemory is not a mono symbol file
Symbol file data-000001AC98DE1010 doesn't match image C:\Users\Emre\OneDrive\Belgeler\GitHub\oua-bootcamp-grup23\oua-bootcamp-2024-g23\Library\ScriptAssemblies\Unity.PlasticSCM.Editor.dll
Symbol file LoadedFromMemory is not a mono symbol file
Symbol file data-000001AC8E80DE30 doesn't match image C:\Users\Emre\OneDrive\Belgeler\GitHub\oua-bootcamp-grup23\oua-bootcamp-2024-g23\Library\ScriptAssemblies\UnityEngine.TestRunner.dll
Symbol file LoadedFromMemory is not a mono symbol file
Symbol file data-000001AC8E66B020 doesn't match image C:\Users\Emre\OneDrive\Belgeler\GitHub\oua-bootcamp-grup23\oua-bootcamp-2024-g23\Library\ScriptAssemblies\Unity.VisualScripting.State.Editor.dll
Symbol file LoadedFromMemory is not a mono symbol file
Symbol file data-000001AC8EF1B020 doesn't match image C:\Users\Emre\OneDrive\Belgeler\GitHub\oua-bootcamp-grup23\oua-bootcamp-2024-g23\Library\ScriptAssemblies\Unity.Timeline.Editor.dll
Symbol file LoadedFromMemory is not a mono symbol file
Symbol file data-000001AC9AC81040 doesn't match image C:\Users\Emre\OneDrive\Belgeler\GitHub\oua-bootcamp-grup23\oua-bootcamp-2024-g23\Library\ScriptAssemblies\Unity.Settings.Editor.dll
Symbol file LoadedFromMemory is not a mono symbol file
Symbol file data-000001AC9AC81040 doesn't match image C:\Users\Emre\OneDrive\Belgeler\GitHub\oua-bootcamp-grup23\oua-bootcamp-2024-g23\Library\ScriptAssemblies\Unity.VisualScripting.Shared.Editor.dll
Symbol file LoadedFromMemory is not a mono symbol file
Symbol file data-000001AC8E7F9010 doesn't match image C:\Users\Emre\OneDrive\Belgeler\GitHub\oua-bootcamp-grup23\oua-bootcamp-2024-g23\Library\ScriptAssemblies\Unity.CollabProxy.Editor.dll
Symbol file LoadedFromMemory is not a mono symbol file
Symbol file data-000001AC99266840 doesn't match image C:\Users\Emre\OneDrive\Belgeler\GitHub\oua-bootcamp-grup23\oua-bootcamp-2024-g23\Library\ScriptAssemblies\Unity.VisualStudio.Editor.dll
Symbol file LoadedFromMemory is not a mono symbol file
Symbol file data-000001AC90298010 doesn't match image C:\Users\Emre\OneDrive\Belgeler\GitHub\oua-bootcamp-grup23\oua-bootcamp-2024-g23\Library\ScriptAssemblies\Unity.TextMeshPro.dll
Symbol file LoadedFromMemory is not a mono symbol file
Symbol file data-000001AC98DE1010 doesn't match image C:\Users\Emre\OneDrive\Belgeler\GitHub\oua-bootcamp-grup23\oua-bootcamp-2024-g23\Library\ScriptAssemblies\Unity.VisualScripting.Core.dll
Symbol file LoadedFromMemory is not a mono symbol file
Symbol file data-000001AC8E5E7050 doesn't match image C:\Users\Emre\OneDrive\Belgeler\GitHub\oua-bootcamp-grup23\oua-bootcamp-2024-g23\Library\ScriptAssemblies\Unity.TextMeshPro.Editor.dll
Symbol file LoadedFromMemory is not a mono symbol file
Symbol file data-000001AC8E66B020 doesn't match image C:\Users\Emre\OneDrive\Belgeler\GitHub\oua-bootcamp-grup23\oua-bootcamp-2024-g23\Library\ScriptAssemblies\UnityEditor.UI.dll
Symbol file LoadedFromMemory is not a mono symbol file
Symbol file data-000001AC9AB24010 doesn't match image C:\Users\Emre\OneDrive\Belgeler\GitHub\oua-bootcamp-grup23\oua-bootcamp-2024-g23\Library\ScriptAssemblies\Unity.VisualScripting.Core.Editor.dll
Symbol file LoadedFromMemory is not a mono symbol file
Symbol file data-000001AC9AC81040 doesn't match image C:\Users\Emre\OneDrive\Belgeler\GitHub\oua-bootcamp-grup23\oua-bootcamp-2024-g23\Library\ScriptAssemblies\Unity.Rider.Editor.dll
Symbol file LoadedFromMemory is not a mono symbol file
Symbol file data-000001AC8E66B020 doesn't match image C:\Users\Emre\OneDrive\Belgeler\GitHub\oua-bootcamp-grup23\oua-bootcamp-2024-g23\Library\ScriptAssemblies\Unity.VisualScripting.State.dll
Symbol file LoadedFromMemory is not a mono symbol file
Symbol file data-000001AC4A74A060 doesn't match image C:\Users\Emre\OneDrive\Belgeler\GitHub\oua-bootcamp-grup23\oua-bootcamp-2024-g23\Library\ScriptAssemblies\Unity.VSCode.Editor.dll
Symbol file LoadedFromMemory is not a mono symbol file
Symbol file data-000001AC9B4BE9C0 doesn't match image C:\Users\Emre\OneDrive\Belgeler\GitHub\oua-bootcamp-grup23\oua-bootcamp-2024-g23\Library\ScriptAssemblies\UnityEditor.TestRunner.dll
Symbol file LoadedFromMemory is not a mono symbol file
Symbol file data-000001AC8E010080 doesn't match image C:\Users\Emre\OneDrive\Belgeler\GitHub\oua-bootcamp-grup23\oua-bootcamp-2024-g23\Library\ScriptAssemblies\Unity.VisualScripting.Flow.dll
Symbol file LoadedFromMemory is not a mono symbol file
Symbol file data-000001AC8E010080 doesn't match image C:\Users\Emre\OneDrive\Belgeler\GitHub\oua-bootcamp-grup23\oua-bootcamp-2024-g23\Library\ScriptAssemblies\Unity.VisualScripting.Flow.Editor.dll
Symbol file LoadedFromMemory is not a mono symbol file
- Loaded All Assemblies, in  0.543 seconds
Refreshing native plugins compatible for Editor in 2.61 ms, found 3 plugins.
Native extension for WindowsStandalone target not found
Native extension for Android target not found
[Package Manager] Server::EnsureServerProcessIsRunning -- launch failed, reason: Unity was launched with the -noUpm command-line argument
[Package Manager] UpmClient::Send -- Unable to send message (not connected to UPM process).
[Package Manager] Cannot connect to Unity Package Manager local server
Mono: successfully reloaded assembly
- Finished resetting the current domain, in  0.915 seconds
Domain Reload Profiling: 1456ms
	BeginReloadAssembly (169ms)
		ExecutionOrderSort (0ms)
		DisableScriptedObjects (5ms)
		BackupInstance (0ms)
		ReleaseScriptingObjects (0ms)
		CreateAndSetChildDomain (44ms)
	RebuildCommonClasses (36ms)
	RebuildNativeTypeToScriptingClass (12ms)
	initialDomainReloadingComplete (30ms)
	LoadAllAssembliesAndSetupDomain (293ms)
		LoadAssemblies (355ms)
		RebuildTransferFunctionScriptingTraits (0ms)
		AnalyzeDomain (28ms)
			TypeCache.Refresh (14ms)
				TypeCache.ScanAssembly (2ms)
			ScanForSourceGeneratedMonoScriptInfo (6ms)
			ResolveRequiredComponents (6ms)
	FinalizeReload (916ms)
		ReleaseScriptCaches (0ms)
		RebuildScriptCaches (0ms)
		SetupLoadedEditorAssemblies (466ms)
			LogAssemblyErrors (0ms)
			InitializePlatformSupportModulesInManaged (23ms)
			SetLoadedEditorAssemblies (5ms)
			RefreshPlugins (0ms)
			BeforeProcessingInitializeOnLoad (92ms)
			ProcessInitializeOnLoadAttributes (319ms)
			ProcessInitializeOnLoadMethodAttributes (21ms)
			AfterProcessingInitializeOnLoad (5ms)
			EditorAssembliesLoaded (0ms)
		ExecutionOrderSort2 (0ms)
		AwakeInstancesAfterBackupRestoration (5ms)
Refreshing native plugins compatible for Editor in 3.14 ms, found 3 plugins.
Preloading 0 native plugins for Editor in 0.00 ms.
Unloading 3129 Unused Serialized files (Serialized files now loaded: 0)
Unloading 25 unused Assets / (32.3 KB). Loaded Objects now: 3621.
Memory consumption went from 125.4 MB to 125.3 MB.
Total: 3.039400 ms (FindLiveObjects: 0.335300 ms CreateObjectMapping: 0.115800 ms MarkObjects: 2.526900 ms  DeleteObjects: 0.060100 ms)

Prepare: number of updated asset objects reloaded= 0
AssetImportParameters requested are different than current active one (requested -> active):
  custom:container-demuxer-ogg: 62fdf1f143b41e24485cea50d1cbac27 -> 
  custom:video-decoder-ogg-theora: a1e56fd34408186e4bbccfd4996cb3dc -> 
  custom:framework-win-MediaFoundation: 216162199b28c13a410421893ffa2e32 -> 
  custom:CustomObjectIndexerAttribute: 9a22284fe3817be447336de3de66b15e -> 
  custom:container-demuxer-webm: 4f35f7cbe854078d1ac9338744f61a02 -> 
  custom:container-muxer-webm: aa71ff27fc2769a1b78a27578f13a17b -> 
  custom:video-decoder-webm-vp8: 9c59270c3fd7afecdb556c50c9e8de78 -> 
  custom:SearchIndexIgnoredProperties: e643bd26f0fe6173181afceb89e7c659 -> 
  custom:AudioImporter_EditorPlatform: d09bf68614088b80899f8185d706f6e7 -> 
  custom:video-encoder-webm-vp8: eb34c28f22e8b96e1ab97ce403110664 -> 
  custom:audio-decoder-ogg-vorbis: bf7c407c2cedff20999df2af8eb42d56 -> 
  custom:audio-encoder-webm-vorbis: bf7c407c2cedff20999df2af8eb42d56 -> 
========================================================================
Received Prepare
Begin MonoManager ReloadAssembly
Symbol file data-000001AC90EA5040 doesn't match image C:\Users\Emre\OneDrive\Belgeler\GitHub\oua-bootcamp-grup23\oua-bootcamp-2024-g23\Library\ScriptAssemblies\Unity.Timeline.dll
Symbol file LoadedFromMemory is not a mono symbol file
Symbol file data-000001AC8FDA4040 doesn't match image C:\Users\Emre\OneDrive\Belgeler\GitHub\oua-bootcamp-grup23\oua-bootcamp-2024-g23\Library\ScriptAssemblies\Unity.TestTools.CodeCoverage.Editor.OpenCover.Mono.Reflection.dll
Symbol file LoadedFromMemory is not a mono symbol file
Symbol file data-000001AC9ADC7020 doesn't match image C:\Users\Emre\OneDrive\Belgeler\GitHub\oua-bootcamp-grup23\oua-bootcamp-2024-g23\Library\ScriptAssemblies\UnityEngine.UI.dll
Symbol file LoadedFromMemory is not a mono symbol file
Symbol file data-000001AC8FDA4040 doesn't match image C:\Users\Emre\OneDrive\Belgeler\GitHub\oua-bootcamp-grup23\oua-bootcamp-2024-g23\Library\ScriptAssemblies\Unity.EditorCoroutines.Editor.dll
Symbol file LoadedFromMemory is not a mono symbol file
Symbol file data-000001AC8E5CB010 doesn't match image C:\Users\Emre\OneDrive\Belgeler\GitHub\oua-bootcamp-grup23\oua-bootcamp-2024-g23\Library\ScriptAssemblies\Unity.VisualScripting.SettingsProvider.Editor.dll
Symbol file LoadedFromMemory is not a mono symbol file
Symbol file data-000001AC8F976010 doesn't match image C:\Users\Emre\OneDrive\Belgeler\GitHub\oua-bootcamp-grup23\oua-bootcamp-2024-g23\Library\ScriptAssemblies\Unity.Performance.Profile-Analyzer.Editor.dll
Symbol file LoadedFromMemory is not a mono symbol file
Symbol file data-000001AC9047E020 doesn't match image C:\Users\Emre\OneDrive\Belgeler\GitHub\oua-bootcamp-grup23\oua-bootcamp-2024-g23\Library\ScriptAssemblies\Unity.TestTools.CodeCoverage.Editor.dll
Symbol file LoadedFromMemory is not a mono symbol file
Symbol file data-000001AC9B6E4380 doesn't match image C:\Users\Emre\OneDrive\Belgeler\GitHub\oua-bootcamp-grup23\oua-bootcamp-2024-g23\Library\ScriptAssemblies\Unity.TestTools.CodeCoverage.Editor.OpenCover.Model.dll
Symbol file LoadedFromMemory is not a mono symbol file
Symbol file data-000001AC99530010 doesn't match image C:\Users\Emre\OneDrive\Belgeler\GitHub\oua-bootcamp-grup23\oua-bootcamp-2024-g23\Library\ScriptAssemblies\Unity.PlasticSCM.Editor.dll
Symbol file LoadedFromMemory is not a mono symbol file
Symbol file data-000001AC9924E980 doesn't match image C:\Users\Emre\OneDrive\Belgeler\GitHub\oua-bootcamp-grup23\oua-bootcamp-2024-g23\Library\ScriptAssemblies\UnityEngine.TestRunner.dll
Symbol file LoadedFromMemory is not a mono symbol file
Symbol file data-000001AC98AEE020 doesn't match image C:\Users\Emre\OneDrive\Belgeler\GitHub\oua-bootcamp-grup23\oua-bootcamp-2024-g23\Library\ScriptAssemblies\Unity.VisualScripting.State.Editor.dll
Symbol file LoadedFromMemory is not a mono symbol file
Symbol file data-000001AC8EF1B020 doesn't match image C:\Users\Emre\OneDrive\Belgeler\GitHub\oua-bootcamp-grup23\oua-bootcamp-2024-g23\Library\ScriptAssemblies\Unity.Timeline.Editor.dll
Symbol file LoadedFromMemory is not a mono symbol file
Symbol file data-000001AC8E66B020 doesn't match image C:\Users\Emre\OneDrive\Belgeler\GitHub\oua-bootcamp-grup23\oua-bootcamp-2024-g23\Library\ScriptAssemblies\Unity.Settings.Editor.dll
Symbol file LoadedFromMemory is not a mono symbol file
Symbol file data-000001AC8F999620 doesn't match image C:\Users\Emre\OneDrive\Belgeler\GitHub\oua-bootcamp-grup23\oua-bootcamp-2024-g23\Library\ScriptAssemblies\Unity.VisualScripting.Shared.Editor.dll
Symbol file LoadedFromMemory is not a mono symbol file
Symbol file data-000001AC4A91D1C0 doesn't match image C:\Users\Emre\OneDrive\Belgeler\GitHub\oua-bootcamp-grup23\oua-bootcamp-2024-g23\Library\ScriptAssemblies\Unity.CollabProxy.Editor.dll
Symbol file LoadedFromMemory is not a mono symbol file
Symbol file data-000001AC9924E980 doesn't match image C:\Users\Emre\OneDrive\Belgeler\GitHub\oua-bootcamp-grup23\oua-bootcamp-2024-g23\Library\ScriptAssemblies\Unity.VisualStudio.Editor.dll
Symbol file LoadedFromMemory is not a mono symbol file
Symbol file data-000001AC8FEC9980 doesn't match image C:\Users\Emre\OneDrive\Belgeler\GitHub\oua-bootcamp-grup23\oua-bootcamp-2024-g23\Library\ScriptAssemblies\Unity.TextMeshPro.dll
Symbol file LoadedFromMemory is not a mono symbol file
Symbol file data-000001AC99530010 doesn't match image C:\Users\Emre\OneDrive\Belgeler\GitHub\oua-bootcamp-grup23\oua-bootcamp-2024-g23\Library\ScriptAssemblies\Unity.VisualScripting.Core.dll
Symbol file LoadedFromMemory is not a mono symbol file
Symbol file data-000001AC8E5E7050 doesn't match image C:\Users\Emre\OneDrive\Belgeler\GitHub\oua-bootcamp-grup23\oua-bootcamp-2024-g23\Library\ScriptAssemblies\Unity.TextMeshPro.Editor.dll
Symbol file LoadedFromMemory is not a mono symbol file
Symbol file data-000001AC4A74A060 doesn't match image C:\Users\Emre\OneDrive\Belgeler\GitHub\oua-bootcamp-grup23\oua-bootcamp-2024-g23\Library\ScriptAssemblies\UnityEditor.UI.dll
Symbol file LoadedFromMemory is not a mono symbol file
Symbol file data-000001AC4A81D060 doesn't match image C:\Users\Emre\OneDrive\Belgeler\GitHub\oua-bootcamp-grup23\oua-bootcamp-2024-g23\Library\ScriptAssemblies\Unity.VisualScripting.Core.Editor.dll
Symbol file LoadedFromMemory is not a mono symbol file
Symbol file data-000001AC8E66B020 doesn't match image C:\Users\Emre\OneDrive\Belgeler\GitHub\oua-bootcamp-grup23\oua-bootcamp-2024-g23\Library\ScriptAssemblies\Unity.Rider.Editor.dll
Symbol file LoadedFromMemory is not a mono symbol file
Symbol file data-000001AC4A74A060 doesn't match image C:\Users\Emre\OneDrive\Belgeler\GitHub\oua-bootcamp-grup23\oua-bootcamp-2024-g23\Library\ScriptAssemblies\Unity.VisualScripting.State.dll
Symbol file LoadedFromMemory is not a mono symbol file
Symbol file data-000001AC99101010 doesn't match image C:\Users\Emre\OneDrive\Belgeler\GitHub\oua-bootcamp-grup23\oua-bootcamp-2024-g23\Library\ScriptAssemblies\Unity.VSCode.Editor.dll
Symbol file LoadedFromMemory is not a mono symbol file
Symbol file data-000001AC98FF9010 doesn't match image C:\Users\Emre\OneDrive\Belgeler\GitHub\oua-bootcamp-grup23\oua-bootcamp-2024-g23\Library\ScriptAssemblies\UnityEditor.TestRunner.dll
Symbol file LoadedFromMemory is not a mono symbol file
Symbol file data-000001AC98CE0480 doesn't match image C:\Users\Emre\OneDrive\Belgeler\GitHub\oua-bootcamp-grup23\oua-bootcamp-2024-g23\Library\ScriptAssemblies\Unity.VisualScripting.Flow.dll
Symbol file LoadedFromMemory is not a mono symbol file
Symbol file data-000001AC8E010080 doesn't match image C:\Users\Emre\OneDrive\Belgeler\GitHub\oua-bootcamp-grup23\oua-bootcamp-2024-g23\Library\ScriptAssemblies\Unity.VisualScripting.Flow.Editor.dll
Symbol file LoadedFromMemory is not a mono symbol file
- Loaded All Assemblies, in  0.552 seconds
Refreshing native plugins compatible for Editor in 2.88 ms, found 3 plugins.
Native extension for WindowsStandalone target not found
Native extension for Android target not found
[Package Manager] Server::EnsureServerProcessIsRunning -- launch failed, reason: Unity was launched with the -noUpm command-line argument
[Package Manager] UpmClient::Send -- Unable to send message (not connected to UPM process).
[Package Manager] Cannot connect to Unity Package Manager local server
Mono: successfully reloaded assembly
- Finished resetting the current domain, in  1.339 seconds
Domain Reload Profiling: 1889ms
	BeginReloadAssembly (181ms)
		ExecutionOrderSort (0ms)
		DisableScriptedObjects (11ms)
		BackupInstance (0ms)
		ReleaseScriptingObjects (0ms)
		CreateAndSetChildDomain (39ms)
	RebuildCommonClasses (38ms)
	RebuildNativeTypeToScriptingClass (11ms)
	initialDomainReloadingComplete (34ms)
	LoadAllAssembliesAndSetupDomain (286ms)
		LoadAssemblies (367ms)
		RebuildTransferFunctionScriptingTraits (0ms)
		AnalyzeDomain (18ms)
			TypeCache.Refresh (11ms)
				TypeCache.ScanAssembly (0ms)
			ScanForSourceGeneratedMonoScriptInfo (0ms)
			ResolveRequiredComponents (6ms)
	FinalizeReload (1339ms)
		ReleaseScriptCaches (0ms)
		RebuildScriptCaches (0ms)
		SetupLoadedEditorAssemblies (687ms)
			LogAssemblyErrors (0ms)
			InitializePlatformSupportModulesInManaged (32ms)
			SetLoadedEditorAssemblies (7ms)
			RefreshPlugins (0ms)
			BeforeProcessingInitializeOnLoad (122ms)
			ProcessInitializeOnLoadAttributes (484ms)
			ProcessInitializeOnLoadMethodAttributes (35ms)
			AfterProcessingInitializeOnLoad (7ms)
			EditorAssembliesLoaded (0ms)
		ExecutionOrderSort2 (0ms)
		AwakeInstancesAfterBackupRestoration (7ms)
Refreshing native plugins compatible for Editor in 3.37 ms, found 3 plugins.
Preloading 0 native plugins for Editor in 0.00 ms.
Unloading 3130 Unused Serialized files (Serialized files now loaded: 0)
Unloading 24 unused Assets / (31.8 KB). Loaded Objects now: 3624.
Memory consumption went from 125.6 MB to 125.6 MB.
Total: 4.913000 ms (FindLiveObjects: 0.518000 ms CreateObjectMapping: 0.163400 ms MarkObjects: 4.093500 ms  DeleteObjects: 0.135700 ms)

Prepare: number of updated asset objects reloaded= 0
AssetImportParameters requested are different than current active one (requested -> active):
  custom:container-demuxer-ogg: 62fdf1f143b41e24485cea50d1cbac27 -> 
  custom:video-decoder-ogg-theora: a1e56fd34408186e4bbccfd4996cb3dc -> 
  custom:framework-win-MediaFoundation: 216162199b28c13a410421893ffa2e32 -> 
  custom:CustomObjectIndexerAttribute: 9a22284fe3817be447336de3de66b15e -> 
  custom:container-demuxer-webm: 4f35f7cbe854078d1ac9338744f61a02 -> 
  custom:container-muxer-webm: aa71ff27fc2769a1b78a27578f13a17b -> 
  custom:video-decoder-webm-vp8: 9c59270c3fd7afecdb556c50c9e8de78 -> 
  custom:SearchIndexIgnoredProperties: e643bd26f0fe6173181afceb89e7c659 -> 
  custom:AudioImporter_EditorPlatform: d09bf68614088b80899f8185d706f6e7 -> 
  custom:video-encoder-webm-vp8: eb34c28f22e8b96e1ab97ce403110664 -> 
  custom:audio-decoder-ogg-vorbis: bf7c407c2cedff20999df2af8eb42d56 -> 
  custom:audio-encoder-webm-vorbis: bf7c407c2cedff20999df2af8eb42d56 -> 
========================================================================
Received Prepare
Begin MonoManager ReloadAssembly
Symbol file data-000001AC90EA5040 doesn't match image C:\Users\Emre\OneDrive\Belgeler\GitHub\oua-bootcamp-grup23\oua-bootcamp-2024-g23\Library\ScriptAssemblies\Unity.Timeline.dll
Symbol file LoadedFromMemory is not a mono symbol file
Symbol file data-000001AC9975CD40 doesn't match image C:\Users\Emre\OneDrive\Belgeler\GitHub\oua-bootcamp-grup23\oua-bootcamp-2024-g23\Library\ScriptAssemblies\Unity.TestTools.CodeCoverage.Editor.OpenCover.Mono.Reflection.dll
Symbol file LoadedFromMemory is not a mono symbol file
Symbol file data-000001AC8E7CDDF0 doesn't match image C:\Users\Emre\OneDrive\Belgeler\GitHub\oua-bootcamp-grup23\oua-bootcamp-2024-g23\Library\ScriptAssemblies\UnityEngine.UI.dll
Symbol file LoadedFromMemory is not a mono symbol file
Symbol file data-000001AC90C1E010 doesn't match image C:\Users\Emre\OneDrive\Belgeler\GitHub\oua-bootcamp-grup23\oua-bootcamp-2024-g23\Library\ScriptAssemblies\Unity.EditorCoroutines.Editor.dll
Symbol file LoadedFromMemory is not a mono symbol file
Symbol file data-000001AC9975CD40 doesn't match image C:\Users\Emre\OneDrive\Belgeler\GitHub\oua-bootcamp-grup23\oua-bootcamp-2024-g23\Library\ScriptAssemblies\Unity.VisualScripting.SettingsProvider.Editor.dll
Symbol file LoadedFromMemory is not a mono symbol file
Symbol file data-000001AC8F976010 doesn't match image C:\Users\Emre\OneDrive\Belgeler\GitHub\oua-bootcamp-grup23\oua-bootcamp-2024-g23\Library\ScriptAssemblies\Unity.Performance.Profile-Analyzer.Editor.dll
Symbol file LoadedFromMemory is not a mono symbol file
Symbol file data-000001AC99266840 doesn't match image C:\Users\Emre\OneDrive\Belgeler\GitHub\oua-bootcamp-grup23\oua-bootcamp-2024-g23\Library\ScriptAssemblies\Unity.TestTools.CodeCoverage.Editor.dll
Symbol file LoadedFromMemory is not a mono symbol file
Symbol file data-000001AC91420010 doesn't match image C:\Users\Emre\OneDrive\Belgeler\GitHub\oua-bootcamp-grup23\oua-bootcamp-2024-g23\Library\ScriptAssemblies\Unity.TestTools.CodeCoverage.Editor.OpenCover.Model.dll
Symbol file LoadedFromMemory is not a mono symbol file
Symbol file data-000001AC8FCB8010 doesn't match image C:\Users\Emre\OneDrive\Belgeler\GitHub\oua-bootcamp-grup23\oua-bootcamp-2024-g23\Library\ScriptAssemblies\Unity.PlasticSCM.Editor.dll
Symbol file LoadedFromMemory is not a mono symbol file
Symbol file data-000001AC8E80DE30 doesn't match image C:\Users\Emre\OneDrive\Belgeler\GitHub\oua-bootcamp-grup23\oua-bootcamp-2024-g23\Library\ScriptAssemblies\UnityEngine.TestRunner.dll
Symbol file LoadedFromMemory is not a mono symbol file
Symbol file data-000001AC4A15ECC0 doesn't match image C:\Users\Emre\OneDrive\Belgeler\GitHub\oua-bootcamp-grup23\oua-bootcamp-2024-g23\Library\ScriptAssemblies\Unity.VisualScripting.State.Editor.dll
Symbol file LoadedFromMemory is not a mono symbol file
Symbol file data-000001AC8EF1B020 doesn't match image C:\Users\Emre\OneDrive\Belgeler\GitHub\oua-bootcamp-grup23\oua-bootcamp-2024-g23\Library\ScriptAssemblies\Unity.Timeline.Editor.dll
Symbol file LoadedFromMemory is not a mono symbol file
Symbol file data-000001AC8FDA0030 doesn't match image C:\Users\Emre\OneDrive\Belgeler\GitHub\oua-bootcamp-grup23\oua-bootcamp-2024-g23\Library\ScriptAssemblies\Unity.Settings.Editor.dll
Symbol file LoadedFromMemory is not a mono symbol file
Symbol file data-000001AC8F999620 doesn't match image C:\Users\Emre\OneDrive\Belgeler\GitHub\oua-bootcamp-grup23\oua-bootcamp-2024-g23\Library\ScriptAssemblies\Unity.VisualScripting.Shared.Editor.dll
Symbol file LoadedFromMemory is not a mono symbol file
Symbol file data-000001AC8F999620 doesn't match image C:\Users\Emre\OneDrive\Belgeler\GitHub\oua-bootcamp-grup23\oua-bootcamp-2024-g23\Library\ScriptAssemblies\Unity.CollabProxy.Editor.dll
Symbol file LoadedFromMemory is not a mono symbol file
Symbol file data-000001AC8E80DE30 doesn't match image C:\Users\Emre\OneDrive\Belgeler\GitHub\oua-bootcamp-grup23\oua-bootcamp-2024-g23\Library\ScriptAssemblies\Unity.VisualStudio.Editor.dll
Symbol file LoadedFromMemory is not a mono symbol file
Symbol file data-000001AC98CE0480 doesn't match image C:\Users\Emre\OneDrive\Belgeler\GitHub\oua-bootcamp-grup23\oua-bootcamp-2024-g23\Library\ScriptAssemblies\Unity.TextMeshPro.dll
Symbol file LoadedFromMemory is not a mono symbol file
Symbol file data-000001AC8FCB8010 doesn't match image C:\Users\Emre\OneDrive\Belgeler\GitHub\oua-bootcamp-grup23\oua-bootcamp-2024-g23\Library\ScriptAssemblies\Unity.VisualScripting.Core.dll
Symbol file LoadedFromMemory is not a mono symbol file
Symbol file data-000001AC8E5E7050 doesn't match image C:\Users\Emre\OneDrive\Belgeler\GitHub\oua-bootcamp-grup23\oua-bootcamp-2024-g23\Library\ScriptAssemblies\Unity.TextMeshPro.Editor.dll
Symbol file LoadedFromMemory is not a mono symbol file
Symbol file data-000001AC4A15ECC0 doesn't match image C:\Users\Emre\OneDrive\Belgeler\GitHub\oua-bootcamp-grup23\oua-bootcamp-2024-g23\Library\ScriptAssemblies\UnityEditor.UI.dll
Symbol file LoadedFromMemory is not a mono symbol file
Symbol file data-000001AC90534020 doesn't match image C:\Users\Emre\OneDrive\Belgeler\GitHub\oua-bootcamp-grup23\oua-bootcamp-2024-g23\Library\ScriptAssemblies\Unity.VisualScripting.Core.Editor.dll
Symbol file LoadedFromMemory is not a mono symbol file
Symbol file data-000001AC98CAE010 doesn't match image C:\Users\Emre\OneDrive\Belgeler\GitHub\oua-bootcamp-grup23\oua-bootcamp-2024-g23\Library\ScriptAssemblies\Unity.Rider.Editor.dll
Symbol file LoadedFromMemory is not a mono symbol file
Symbol file data-000001AC8E4C9010 doesn't match image C:\Users\Emre\OneDrive\Belgeler\GitHub\oua-bootcamp-grup23\oua-bootcamp-2024-g23\Library\ScriptAssemblies\Unity.VisualScripting.State.dll
Symbol file LoadedFromMemory is not a mono symbol file
Symbol file data-000001AC8E4C9010 doesn't match image C:\Users\Emre\OneDrive\Belgeler\GitHub\oua-bootcamp-grup23\oua-bootcamp-2024-g23\Library\ScriptAssemblies\Unity.VSCode.Editor.dll
Symbol file LoadedFromMemory is not a mono symbol file
Symbol file data-000001AC8E68B040 doesn't match image C:\Users\Emre\OneDrive\Belgeler\GitHub\oua-bootcamp-grup23\oua-bootcamp-2024-g23\Library\ScriptAssemblies\UnityEditor.TestRunner.dll
Symbol file LoadedFromMemory is not a mono symbol file
Symbol file data-000001AC90043020 doesn't match image C:\Users\Emre\OneDrive\Belgeler\GitHub\oua-bootcamp-grup23\oua-bootcamp-2024-g23\Library\ScriptAssemblies\Unity.VisualScripting.Flow.dll
Symbol file LoadedFromMemory is not a mono symbol file
Symbol file data-000001AC90298010 doesn't match image C:\Users\Emre\OneDrive\Belgeler\GitHub\oua-bootcamp-grup23\oua-bootcamp-2024-g23\Library\ScriptAssemblies\Unity.VisualScripting.Flow.Editor.dll
Symbol file LoadedFromMemory is not a mono symbol file
- Loaded All Assemblies, in  0.517 seconds
Refreshing native plugins compatible for Editor in 3.03 ms, found 3 plugins.
Native extension for WindowsStandalone target not found
Native extension for Android target not found
[Package Manager] Server::EnsureServerProcessIsRunning -- launch failed, reason: Unity was launched with the -noUpm command-line argument
[Package Manager] UpmClient::Send -- Unable to send message (not connected to UPM process).
[Package Manager] Cannot connect to Unity Package Manager local server
Mono: successfully reloaded assembly
- Finished resetting the current domain, in  0.919 seconds
Domain Reload Profiling: 1434ms
	BeginReloadAssembly (157ms)
		ExecutionOrderSort (0ms)
		DisableScriptedObjects (5ms)
		BackupInstance (0ms)
		ReleaseScriptingObjects (0ms)
		CreateAndSetChildDomain (40ms)
	RebuildCommonClasses (35ms)
	RebuildNativeTypeToScriptingClass (11ms)
	initialDomainReloadingComplete (28ms)
	LoadAllAssembliesAndSetupDomain (285ms)
		LoadAssemblies (344ms)
		RebuildTransferFunctionScriptingTraits (0ms)
		AnalyzeDomain (23ms)
			TypeCache.Refresh (10ms)
				TypeCache.ScanAssembly (1ms)
			ScanForSourceGeneratedMonoScriptInfo (6ms)
			ResolveRequiredComponents (6ms)
	FinalizeReload (919ms)
		ReleaseScriptCaches (0ms)
		RebuildScriptCaches (0ms)
		SetupLoadedEditorAssemblies (465ms)
			LogAssemblyErrors (0ms)
			InitializePlatformSupportModulesInManaged (24ms)
			SetLoadedEditorAssemblies (4ms)
			RefreshPlugins (0ms)
			BeforeProcessingInitializeOnLoad (94ms)
			ProcessInitializeOnLoadAttributes (315ms)
			ProcessInitializeOnLoadMethodAttributes (22ms)
			AfterProcessingInitializeOnLoad (5ms)
			EditorAssembliesLoaded (0ms)
		ExecutionOrderSort2 (0ms)
		AwakeInstancesAfterBackupRestoration (5ms)
Refreshing native plugins compatible for Editor in 2.90 ms, found 3 plugins.
Preloading 0 native plugins for Editor in 0.00 ms.
Unloading 3129 Unused Serialized files (Serialized files now loaded: 0)
Unloading 25 unused Assets / (32.4 KB). Loaded Objects now: 3626.
Memory consumption went from 125.6 MB to 125.6 MB.
Total: 2.891900 ms (FindLiveObjects: 0.312100 ms CreateObjectMapping: 0.118300 ms MarkObjects: 2.403100 ms  DeleteObjects: 0.056900 ms)

Prepare: number of updated asset objects reloaded= 0
AssetImportParameters requested are different than current active one (requested -> active):
  custom:container-demuxer-ogg: 62fdf1f143b41e24485cea50d1cbac27 -> 
  custom:video-decoder-ogg-theora: a1e56fd34408186e4bbccfd4996cb3dc -> 
  custom:framework-win-MediaFoundation: 216162199b28c13a410421893ffa2e32 -> 
  custom:CustomObjectIndexerAttribute: 9a22284fe3817be447336de3de66b15e -> 
  custom:container-demuxer-webm: 4f35f7cbe854078d1ac9338744f61a02 -> 
  custom:container-muxer-webm: aa71ff27fc2769a1b78a27578f13a17b -> 
  custom:video-decoder-webm-vp8: 9c59270c3fd7afecdb556c50c9e8de78 -> 
  custom:SearchIndexIgnoredProperties: e643bd26f0fe6173181afceb89e7c659 -> 
  custom:AudioImporter_EditorPlatform: d09bf68614088b80899f8185d706f6e7 -> 
  custom:video-encoder-webm-vp8: eb34c28f22e8b96e1ab97ce403110664 -> 
  custom:audio-decoder-ogg-vorbis: bf7c407c2cedff20999df2af8eb42d56 -> 
  custom:audio-encoder-webm-vorbis: bf7c407c2cedff20999df2af8eb42d56 -> 
========================================================================
Received Prepare
Begin MonoManager ReloadAssembly
Symbol file data-000001AC90EA5040 doesn't match image C:\Users\Emre\OneDrive\Belgeler\GitHub\oua-bootcamp-grup23\oua-bootcamp-2024-g23\Library\ScriptAssemblies\Unity.Timeline.dll
Symbol file LoadedFromMemory is not a mono symbol file
Symbol file data-000001AC989AC020 doesn't match image C:\Users\Emre\OneDrive\Belgeler\GitHub\oua-bootcamp-grup23\oua-bootcamp-2024-g23\Library\ScriptAssemblies\Unity.TestTools.CodeCoverage.Editor.OpenCover.Mono.Reflection.dll
Symbol file LoadedFromMemory is not a mono symbol file
Symbol file data-000001AC8E7CDDF0 doesn't match image C:\Users\Emre\OneDrive\Belgeler\GitHub\oua-bootcamp-grup23\oua-bootcamp-2024-g23\Library\ScriptAssemblies\UnityEngine.UI.dll
Symbol file LoadedFromMemory is not a mono symbol file
Symbol file data-000001AC4A970A20 doesn't match image C:\Users\Emre\OneDrive\Belgeler\GitHub\oua-bootcamp-grup23\oua-bootcamp-2024-g23\Library\ScriptAssemblies\Unity.EditorCoroutines.Editor.dll
Symbol file LoadedFromMemory is not a mono symbol file
Symbol file data-000001AC989AC020 doesn't match image C:\Users\Emre\OneDrive\Belgeler\GitHub\oua-bootcamp-grup23\oua-bootcamp-2024-g23\Library\ScriptAssemblies\Unity.VisualScripting.SettingsProvider.Editor.dll
Symbol file LoadedFromMemory is not a mono symbol file
Symbol file data-000001AC8F976010 doesn't match image C:\Users\Emre\OneDrive\Belgeler\GitHub\oua-bootcamp-grup23\oua-bootcamp-2024-g23\Library\ScriptAssemblies\Unity.Performance.Profile-Analyzer.Editor.dll
Symbol file LoadedFromMemory is not a mono symbol file
Symbol file data-000001AC98D3C030 doesn't match image C:\Users\Emre\OneDrive\Belgeler\GitHub\oua-bootcamp-grup23\oua-bootcamp-2024-g23\Library\ScriptAssemblies\Unity.TestTools.CodeCoverage.Editor.dll
Symbol file LoadedFromMemory is not a mono symbol file
Symbol file data-000001AC8E4C9010 doesn't match image C:\Users\Emre\OneDrive\Belgeler\GitHub\oua-bootcamp-grup23\oua-bootcamp-2024-g23\Library\ScriptAssemblies\Unity.TestTools.CodeCoverage.Editor.OpenCover.Model.dll
Symbol file LoadedFromMemory is not a mono symbol file
Symbol file data-000001AC8F8C2010 doesn't match image C:\Users\Emre\OneDrive\Belgeler\GitHub\oua-bootcamp-grup23\oua-bootcamp-2024-g23\Library\ScriptAssemblies\Unity.PlasticSCM.Editor.dll
Symbol file LoadedFromMemory is not a mono symbol file
Symbol file data-000001AC8E80DE30 doesn't match image C:\Users\Emre\OneDrive\Belgeler\GitHub\oua-bootcamp-grup23\oua-bootcamp-2024-g23\Library\ScriptAssemblies\UnityEngine.TestRunner.dll
Symbol file LoadedFromMemory is not a mono symbol file
Symbol file data-000001ACDD5AD0C0 doesn't match image C:\Users\Emre\OneDrive\Belgeler\GitHub\oua-bootcamp-grup23\oua-bootcamp-2024-g23\Library\ScriptAssemblies\Unity.VisualScripting.State.Editor.dll
Symbol file LoadedFromMemory is not a mono symbol file
Symbol file data-000001AC8EF1B020 doesn't match image C:\Users\Emre\OneDrive\Belgeler\GitHub\oua-bootcamp-grup23\oua-bootcamp-2024-g23\Library\ScriptAssemblies\Unity.Timeline.Editor.dll
Symbol file LoadedFromMemory is not a mono symbol file
Symbol file data-000001AC8E436010 doesn't match image C:\Users\Emre\OneDrive\Belgeler\GitHub\oua-bootcamp-grup23\oua-bootcamp-2024-g23\Library\ScriptAssemblies\Unity.Settings.Editor.dll
Symbol file LoadedFromMemory is not a mono symbol file
Symbol file data-000001AC989AC020 doesn't match image C:\Users\Emre\OneDrive\Belgeler\GitHub\oua-bootcamp-grup23\oua-bootcamp-2024-g23\Library\ScriptAssemblies\Unity.VisualScripting.Shared.Editor.dll
Symbol file LoadedFromMemory is not a mono symbol file
Symbol file data-000001AC8F999620 doesn't match image C:\Users\Emre\OneDrive\Belgeler\GitHub\oua-bootcamp-grup23\oua-bootcamp-2024-g23\Library\ScriptAssemblies\Unity.CollabProxy.Editor.dll
Symbol file LoadedFromMemory is not a mono symbol file
Symbol file data-000001AC8E80DE30 doesn't match image C:\Users\Emre\OneDrive\Belgeler\GitHub\oua-bootcamp-grup23\oua-bootcamp-2024-g23\Library\ScriptAssemblies\Unity.VisualStudio.Editor.dll
Symbol file LoadedFromMemory is not a mono symbol file
Symbol file data-000001AC98CE0480 doesn't match image C:\Users\Emre\OneDrive\Belgeler\GitHub\oua-bootcamp-grup23\oua-bootcamp-2024-g23\Library\ScriptAssemblies\Unity.TextMeshPro.dll
Symbol file LoadedFromMemory is not a mono symbol file
Symbol file data-000001AC8F8C2010 doesn't match image C:\Users\Emre\OneDrive\Belgeler\GitHub\oua-bootcamp-grup23\oua-bootcamp-2024-g23\Library\ScriptAssemblies\Unity.VisualScripting.Core.dll
Symbol file LoadedFromMemory is not a mono symbol file
Symbol file data-000001AC9A8F6010 doesn't match image C:\Users\Emre\OneDrive\Belgeler\GitHub\oua-bootcamp-grup23\oua-bootcamp-2024-g23\Library\ScriptAssemblies\Unity.TextMeshPro.Editor.dll
Symbol file LoadedFromMemory is not a mono symbol file
Symbol file data-000001AC9B69A7B0 doesn't match image C:\Users\Emre\OneDrive\Belgeler\GitHub\oua-bootcamp-grup23\oua-bootcamp-2024-g23\Library\ScriptAssemblies\UnityEditor.UI.dll
Symbol file LoadedFromMemory is not a mono symbol file
Symbol file data-000001AC90534020 doesn't match image C:\Users\Emre\OneDrive\Belgeler\GitHub\oua-bootcamp-grup23\oua-bootcamp-2024-g23\Library\ScriptAssemblies\Unity.VisualScripting.Core.Editor.dll
Symbol file LoadedFromMemory is not a mono symbol file
Symbol file data-000001ACDD03C250 doesn't match image C:\Users\Emre\OneDrive\Belgeler\GitHub\oua-bootcamp-grup23\oua-bootcamp-2024-g23\Library\ScriptAssemblies\Unity.Rider.Editor.dll
Symbol file LoadedFromMemory is not a mono symbol file
Symbol file data-000001AC8E6AC810 doesn't match image C:\Users\Emre\OneDrive\Belgeler\GitHub\oua-bootcamp-grup23\oua-bootcamp-2024-g23\Library\ScriptAssemblies\Unity.VisualScripting.State.dll
Symbol file LoadedFromMemory is not a mono symbol file
Symbol file data-000001AC8E6AC810 doesn't match image C:\Users\Emre\OneDrive\Belgeler\GitHub\oua-bootcamp-grup23\oua-bootcamp-2024-g23\Library\ScriptAssemblies\Unity.VSCode.Editor.dll
Symbol file LoadedFromMemory is not a mono symbol file
Symbol file data-000001ACDD0DD010 doesn't match image C:\Users\Emre\OneDrive\Belgeler\GitHub\oua-bootcamp-grup23\oua-bootcamp-2024-g23\Library\ScriptAssemblies\UnityEditor.TestRunner.dll
Symbol file LoadedFromMemory is not a mono symbol file
Symbol file data-000001AC8FA0C020 doesn't match image C:\Users\Emre\OneDrive\Belgeler\GitHub\oua-bootcamp-grup23\oua-bootcamp-2024-g23\Library\ScriptAssemblies\Unity.VisualScripting.Flow.dll
Symbol file LoadedFromMemory is not a mono symbol file
Symbol file data-000001AC98ABC030 doesn't match image C:\Users\Emre\OneDrive\Belgeler\GitHub\oua-bootcamp-grup23\oua-bootcamp-2024-g23\Library\ScriptAssemblies\Unity.VisualScripting.Flow.Editor.dll
Symbol file LoadedFromMemory is not a mono symbol file
- Loaded All Assemblies, in  0.486 seconds
Refreshing native plugins compatible for Editor in 2.66 ms, found 3 plugins.
Native extension for WindowsStandalone target not found
Native extension for Android target not found
[Package Manager] Server::EnsureServerProcessIsRunning -- launch failed, reason: Unity was launched with the -noUpm command-line argument
[Package Manager] UpmClient::Send -- Unable to send message (not connected to UPM process).
[Package Manager] Cannot connect to Unity Package Manager local server
Mono: successfully reloaded assembly
- Finished resetting the current domain, in  1.315 seconds
Domain Reload Profiling: 1799ms
	BeginReloadAssembly (158ms)
		ExecutionOrderSort (0ms)
		DisableScriptedObjects (6ms)
		BackupInstance (0ms)
		ReleaseScriptingObjects (0ms)
		CreateAndSetChildDomain (38ms)
	RebuildCommonClasses (31ms)
	RebuildNativeTypeToScriptingClass (11ms)
	initialDomainReloadingComplete (28ms)
	LoadAllAssembliesAndSetupDomain (255ms)
		LoadAssemblies (321ms)
		RebuildTransferFunctionScriptingTraits (0ms)
		AnalyzeDomain (13ms)
			TypeCache.Refresh (6ms)
				TypeCache.ScanAssembly (0ms)
			ScanForSourceGeneratedMonoScriptInfo (0ms)
			ResolveRequiredComponents (6ms)
	FinalizeReload (1315ms)
		ReleaseScriptCaches (0ms)
		RebuildScriptCaches (0ms)
		SetupLoadedEditorAssemblies (708ms)
			LogAssemblyErrors (0ms)
			InitializePlatformSupportModulesInManaged (32ms)
			SetLoadedEditorAssemblies (6ms)
			RefreshPlugins (0ms)
			BeforeProcessingInitializeOnLoad (126ms)
			ProcessInitializeOnLoadAttributes (503ms)
			ProcessInitializeOnLoadMethodAttributes (34ms)
			AfterProcessingInitializeOnLoad (8ms)
			EditorAssembliesLoaded (0ms)
		ExecutionOrderSort2 (0ms)
		AwakeInstancesAfterBackupRestoration (9ms)
Refreshing native plugins compatible for Editor in 3.54 ms, found 3 plugins.
Preloading 0 native plugins for Editor in 0.00 ms.
Unloading 3129 Unused Serialized files (Serialized files now loaded: 0)
Unloading 24 unused Assets / (31.7 KB). Loaded Objects now: 3629.
Memory consumption went from 125.6 MB to 125.6 MB.
Total: 5.179800 ms (FindLiveObjects: 0.429900 ms CreateObjectMapping: 0.121300 ms MarkObjects: 4.531200 ms  DeleteObjects: 0.095100 ms)

Prepare: number of updated asset objects reloaded= 0
AssetImportParameters requested are different than current active one (requested -> active):
  custom:container-demuxer-ogg: 62fdf1f143b41e24485cea50d1cbac27 -> 
  custom:video-decoder-ogg-theora: a1e56fd34408186e4bbccfd4996cb3dc -> 
  custom:framework-win-MediaFoundation: 216162199b28c13a410421893ffa2e32 -> 
  custom:CustomObjectIndexerAttribute: 9a22284fe3817be447336de3de66b15e -> 
  custom:container-demuxer-webm: 4f35f7cbe854078d1ac9338744f61a02 -> 
  custom:container-muxer-webm: aa71ff27fc2769a1b78a27578f13a17b -> 
  custom:video-decoder-webm-vp8: 9c59270c3fd7afecdb556c50c9e8de78 -> 
  custom:SearchIndexIgnoredProperties: e643bd26f0fe6173181afceb89e7c659 -> 
  custom:AudioImporter_EditorPlatform: d09bf68614088b80899f8185d706f6e7 -> 
  custom:video-encoder-webm-vp8: eb34c28f22e8b96e1ab97ce403110664 -> 
  custom:audio-decoder-ogg-vorbis: bf7c407c2cedff20999df2af8eb42d56 -> 
  custom:audio-encoder-webm-vorbis: bf7c407c2cedff20999df2af8eb42d56 -> 
