Using pre-set license
Built from '2022.3/staging' branch; Version is '2022.3.36f1 (95a4219250e5) revision 9806881'; Using compiler version '192829333'; Build Type 'Release'
OS: 'Windows 11  (10.0.22631) 64bit Enterprise' Language: 'tr' Physical Memory: 15791 MB
BatchMode: 1, IsHumanControllingUs: 0, StartBugReporterOnCrash: 0, Is64bit: 1, IsPro: 1

COMMAND LINE ARGUMENTS:
C:\Program Files\Unity\Hub\Editor\2022.3.36f1\Editor\Unity.exe
-adb2
-batchMode
-noUpm
-name
AssetImportWorker1
-projectPath
C:/Users/Emre/OneDrive/Belgeler/GitHub/oua-bootcamp-grup23/oua-bootcamp-2024-g23
-logFile
Logs/AssetImportWorker1.log
-srvPort
56406
Successfully changed project path to: C:/Users/Emre/OneDrive/Belgeler/GitHub/oua-bootcamp-grup23/oua-bootcamp-2024-g23
C:/Users/Emre/OneDrive/Belgeler/GitHub/oua-bootcamp-grup23/oua-bootcamp-2024-g23
[UnityMemory] Configuration Parameters - Can be set up in boot.config
    "memorysetup-bucket-allocator-granularity=16"
    "memorysetup-bucket-allocator-bucket-count=8"
    "memorysetup-bucket-allocator-block-size=33554432"
    "memorysetup-bucket-allocator-block-count=8"
    "memorysetup-main-allocator-block-size=16777216"
    "memorysetup-thread-allocator-block-size=16777216"
    "memorysetup-gfx-main-allocator-block-size=16777216"
    "memorysetup-gfx-thread-allocator-block-size=16777216"
    "memorysetup-cache-allocator-block-size=4194304"
    "memorysetup-typetree-allocator-block-size=2097152"
    "memorysetup-profiler-bucket-allocator-granularity=16"
    "memorysetup-profiler-bucket-allocator-bucket-count=8"
    "memorysetup-profiler-bucket-allocator-block-size=33554432"
    "memorysetup-profiler-bucket-allocator-block-count=8"
    "memorysetup-profiler-allocator-block-size=16777216"
    "memorysetup-profiler-editor-allocator-block-size=1048576"
    "memorysetup-temp-allocator-size-main=16777216"
    "memorysetup-job-temp-allocator-block-size=2097152"
    "memorysetup-job-temp-allocator-block-size-background=1048576"
    "memorysetup-job-temp-allocator-reduction-small-platforms=262144"
    "memorysetup-allocator-temp-initial-block-size-main=262144"
    "memorysetup-allocator-temp-initial-block-size-worker=262144"
    "memorysetup-temp-allocator-size-background-worker=32768"
    "memorysetup-temp-allocator-size-job-worker=262144"
    "memorysetup-temp-allocator-size-preload-manager=33554432"
    "memorysetup-temp-allocator-size-nav-mesh-worker=65536"
    "memorysetup-temp-allocator-size-audio-worker=65536"
    "memorysetup-temp-allocator-size-cloud-worker=32768"
    "memorysetup-temp-allocator-size-gi-baking-worker=262144"
    "memorysetup-temp-allocator-size-gfx=262144"
Player connection [10756] Host "[IP] 192.168.1.35 [Port] 0 [Flags] 2 [Guid] 21108312 [EditorId] 21108312 [Version] 1048832 [Id] WindowsEditor(7,DESKTOP-V3E4VCU) [Debug] 1 [PackageName] WindowsEditor [ProjectName] Editor" joined multi-casting on [225.0.0.222:54997]...

Player connection [10756] Host "[IP] 192.168.1.35 [Port] 0 [Flags] 2 [Guid] 21108312 [EditorId] 21108312 [Version] 1048832 [Id] WindowsEditor(7,DESKTOP-V3E4VCU) [Debug] 1 [PackageName] WindowsEditor [ProjectName] Editor" joined alternative multi-casting on [225.0.0.222:34997]...

[PhysX] Initialized MultithreadedTaskDispatcher with 16 workers.
Refreshing native plugins compatible for Editor in 6.29 ms, found 3 plugins.
Preloading 0 native plugins for Editor in 0.00 ms.
Initialize engine version: 2022.3.36f1 (95a4219250e5)
[Subsystems] Discovering subsystems at path C:/Program Files/Unity/Hub/Editor/2022.3.36f1/Editor/Data/Resources/UnitySubsystems
[Subsystems] Discovering subsystems at path C:/Users/Emre/OneDrive/Belgeler/GitHub/oua-bootcamp-grup23/oua-bootcamp-2024-g23/Assets
GfxDevice: creating device client; threaded=0; jobified=0
Direct3D:
    Version:  Direct3D 11.0 [level 11.1]
    Renderer: NVIDIA GeForce RTX 3050 Laptop GPU (ID=0x25a5)
    Vendor:   NVIDIA
    VRAM:     3977 MB
    Driver:   31.0.15.4680
Initialize mono
Mono path[0] = 'C:/Program Files/Unity/Hub/Editor/2022.3.36f1/Editor/Data/Managed'
Mono path[1] = 'C:/Program Files/Unity/Hub/Editor/2022.3.36f1/Editor/Data/MonoBleedingEdge/lib/mono/unityjit-win32'
Mono config path = 'C:/Program Files/Unity/Hub/Editor/2022.3.36f1/Editor/Data/MonoBleedingEdge/etc'
Using monoOptions --debugger-agent=transport=dt_socket,embedding=1,server=y,suspend=n,address=127.0.0.1:56456
Begin MonoManager ReloadAssembly
Registering precompiled unity dll's ...
Register platform support module: C:/Program Files/Unity/Hub/Editor/2022.3.36f1/Editor/Data/PlaybackEngines/AndroidPlayer/UnityEditor.Android.Extensions.dll
Register platform support module: C:/Program Files/Unity/Hub/Editor/2022.3.36f1/Editor/Data/PlaybackEngines/WindowsStandaloneSupport/UnityEditor.WindowsStandalone.Extensions.dll
Registered in 0.006600 seconds.
- Loaded All Assemblies, in  0.430 seconds
Native extension for WindowsStandalone target not found
Native extension for Android target not found
Android Extension - Scanning For ADB Devices 384 ms
Mono: successfully reloaded assembly
- Finished resetting the current domain, in  0.782 seconds
Domain Reload Profiling: 1211ms
	BeginReloadAssembly (125ms)
		ExecutionOrderSort (0ms)
		DisableScriptedObjects (0ms)
		BackupInstance (0ms)
		ReleaseScriptingObjects (0ms)
		CreateAndSetChildDomain (1ms)
	RebuildCommonClasses (37ms)
	RebuildNativeTypeToScriptingClass (11ms)
	initialDomainReloadingComplete (63ms)
	LoadAllAssembliesAndSetupDomain (193ms)
		LoadAssemblies (124ms)
		RebuildTransferFunctionScriptingTraits (0ms)
		AnalyzeDomain (189ms)
			TypeCache.Refresh (187ms)
				TypeCache.ScanAssembly (172ms)
			ScanForSourceGeneratedMonoScriptInfo (0ms)
			ResolveRequiredComponents (1ms)
	FinalizeReload (782ms)
		ReleaseScriptCaches (0ms)
		RebuildScriptCaches (0ms)
		SetupLoadedEditorAssemblies (706ms)
			LogAssemblyErrors (0ms)
			InitializePlatformSupportModulesInManaged (508ms)
			SetLoadedEditorAssemblies (5ms)
			RefreshPlugins (0ms)
			BeforeProcessingInitializeOnLoad (3ms)
			ProcessInitializeOnLoadAttributes (137ms)
			ProcessInitializeOnLoadMethodAttributes (52ms)
			AfterProcessingInitializeOnLoad (0ms)
			EditorAssembliesLoaded (0ms)
		ExecutionOrderSort2 (0ms)
		AwakeInstancesAfterBackupRestoration (0ms)
========================================================================
Worker process is ready to serve import requests
Begin MonoManager ReloadAssembly
Symbol file data-0000028A2D560020 doesn't match image C:\Users\Emre\OneDrive\Belgeler\GitHub\oua-bootcamp-grup23\oua-bootcamp-2024-g23\Library\ScriptAssemblies\Unity.Timeline.dll
Symbol file LoadedFromMemory is not a mono symbol file
Symbol file data-0000028A70F6AF00 doesn't match image C:\Users\Emre\OneDrive\Belgeler\GitHub\oua-bootcamp-grup23\oua-bootcamp-2024-g23\Library\ScriptAssemblies\Unity.TestTools.CodeCoverage.Editor.OpenCover.Mono.Reflection.dll
Symbol file LoadedFromMemory is not a mono symbol file
Symbol file data-0000028A730EB020 doesn't match image C:\Users\Emre\OneDrive\Belgeler\GitHub\oua-bootcamp-grup23\oua-bootcamp-2024-g23\Library\ScriptAssemblies\UnityEngine.UI.dll
Symbol file LoadedFromMemory is not a mono symbol file
Symbol file data-0000028A70F6AF00 doesn't match image C:\Users\Emre\OneDrive\Belgeler\GitHub\oua-bootcamp-grup23\oua-bootcamp-2024-g23\Library\ScriptAssemblies\Unity.EditorCoroutines.Editor.dll
Symbol file LoadedFromMemory is not a mono symbol file
Symbol file data-0000028A71AB7140 doesn't match image C:\Users\Emre\OneDrive\Belgeler\GitHub\oua-bootcamp-grup23\oua-bootcamp-2024-g23\Library\ScriptAssemblies\Unity.VisualScripting.SettingsProvider.Editor.dll
Symbol file LoadedFromMemory is not a mono symbol file
Symbol file data-0000028A2D5A9630 doesn't match image C:\Users\Emre\OneDrive\Belgeler\GitHub\oua-bootcamp-grup23\oua-bootcamp-2024-g23\Library\ScriptAssemblies\Unity.Performance.Profile-Analyzer.Editor.dll
Symbol file LoadedFromMemory is not a mono symbol file
Symbol file data-0000028A73132230 doesn't match image C:\Users\Emre\OneDrive\Belgeler\GitHub\oua-bootcamp-grup23\oua-bootcamp-2024-g23\Library\ScriptAssemblies\Unity.TestTools.CodeCoverage.Editor.dll
Symbol file LoadedFromMemory is not a mono symbol file
Symbol file data-0000028A73132230 doesn't match image C:\Users\Emre\OneDrive\Belgeler\GitHub\oua-bootcamp-grup23\oua-bootcamp-2024-g23\Library\ScriptAssemblies\Unity.TestTools.CodeCoverage.Editor.OpenCover.Model.dll
Symbol file LoadedFromMemory is not a mono symbol file
Symbol file data-0000028A728A4010 doesn't match image C:\Users\Emre\OneDrive\Belgeler\GitHub\oua-bootcamp-grup23\oua-bootcamp-2024-g23\Library\ScriptAssemblies\Unity.PlasticSCM.Editor.dll
Symbol file LoadedFromMemory is not a mono symbol file
Symbol file data-0000028A73155840 doesn't match image C:\Users\Emre\OneDrive\Belgeler\GitHub\oua-bootcamp-grup23\oua-bootcamp-2024-g23\Library\ScriptAssemblies\UnityEngine.TestRunner.dll
Symbol file LoadedFromMemory is not a mono symbol file
Symbol file data-0000028A73155840 doesn't match image C:\Users\Emre\OneDrive\Belgeler\GitHub\oua-bootcamp-grup23\oua-bootcamp-2024-g23\Library\ScriptAssemblies\Unity.VisualScripting.State.Editor.dll
Symbol file LoadedFromMemory is not a mono symbol file
Symbol file data-0000028A728BDA20 doesn't match image C:\Users\Emre\OneDrive\Belgeler\GitHub\oua-bootcamp-grup23\oua-bootcamp-2024-g23\Library\ScriptAssemblies\Unity.Timeline.Editor.dll
Symbol file LoadedFromMemory is not a mono symbol file
Symbol file data-0000028A728BDA20 doesn't match image C:\Users\Emre\OneDrive\Belgeler\GitHub\oua-bootcamp-grup23\oua-bootcamp-2024-g23\Library\ScriptAssemblies\Unity.Settings.Editor.dll
Symbol file LoadedFromMemory is not a mono symbol file
Symbol file data-0000028A719657D0 doesn't match image C:\Users\Emre\OneDrive\Belgeler\GitHub\oua-bootcamp-grup23\oua-bootcamp-2024-g23\Library\ScriptAssemblies\Unity.VisualScripting.Shared.Editor.dll
Symbol file LoadedFromMemory is not a mono symbol file
Symbol file data-0000028A719657D0 doesn't match image C:\Users\Emre\OneDrive\Belgeler\GitHub\oua-bootcamp-grup23\oua-bootcamp-2024-g23\Library\ScriptAssemblies\Unity.CollabProxy.Editor.dll
Symbol file LoadedFromMemory is not a mono symbol file
Symbol file data-0000028A728E1C30 doesn't match image C:\Users\Emre\OneDrive\Belgeler\GitHub\oua-bootcamp-grup23\oua-bootcamp-2024-g23\Library\ScriptAssemblies\Unity.VisualStudio.Editor.dll
Symbol file LoadedFromMemory is not a mono symbol file
Symbol file data-0000028A728E1C30 doesn't match image C:\Users\Emre\OneDrive\Belgeler\GitHub\oua-bootcamp-grup23\oua-bootcamp-2024-g23\Library\ScriptAssemblies\Unity.TextMeshPro.dll
Symbol file LoadedFromMemory is not a mono symbol file
Symbol file data-0000028A729D3020 doesn't match image C:\Users\Emre\OneDrive\Belgeler\GitHub\oua-bootcamp-grup23\oua-bootcamp-2024-g23\Library\ScriptAssemblies\Unity.VisualScripting.Core.dll
Symbol file LoadedFromMemory is not a mono symbol file
Symbol file data-0000028A73013640 doesn't match image C:\Users\Emre\OneDrive\Belgeler\GitHub\oua-bootcamp-grup23\oua-bootcamp-2024-g23\Library\ScriptAssemblies\Unity.TextMeshPro.Editor.dll
Symbol file LoadedFromMemory is not a mono symbol file
Symbol file data-0000028A7291DA40 doesn't match image C:\Users\Emre\OneDrive\Belgeler\GitHub\oua-bootcamp-grup23\oua-bootcamp-2024-g23\Library\ScriptAssemblies\UnityEditor.UI.dll
Symbol file LoadedFromMemory is not a mono symbol file
Symbol file data-0000028A729D3020 doesn't match image C:\Users\Emre\OneDrive\Belgeler\GitHub\oua-bootcamp-grup23\oua-bootcamp-2024-g23\Library\ScriptAssemblies\Unity.VisualScripting.Core.Editor.dll
Symbol file LoadedFromMemory is not a mono symbol file
Symbol file data-0000028A7291DA40 doesn't match image C:\Users\Emre\OneDrive\Belgeler\GitHub\oua-bootcamp-grup23\oua-bootcamp-2024-g23\Library\ScriptAssemblies\Unity.Rider.Editor.dll
Symbol file LoadedFromMemory is not a mono symbol file
Symbol file data-0000028A719657D0 doesn't match image C:\Users\Emre\OneDrive\Belgeler\GitHub\oua-bootcamp-grup23\oua-bootcamp-2024-g23\Library\ScriptAssemblies\Unity.VisualScripting.State.dll
Symbol file LoadedFromMemory is not a mono symbol file
Symbol file data-0000028A719657D0 doesn't match image C:\Users\Emre\OneDrive\Belgeler\GitHub\oua-bootcamp-grup23\oua-bootcamp-2024-g23\Library\ScriptAssemblies\Unity.VSCode.Editor.dll
Symbol file LoadedFromMemory is not a mono symbol file
Symbol file data-0000028A72A0DA30 doesn't match image C:\Users\Emre\OneDrive\Belgeler\GitHub\oua-bootcamp-grup23\oua-bootcamp-2024-g23\Library\ScriptAssemblies\UnityEditor.TestRunner.dll
Symbol file LoadedFromMemory is not a mono symbol file
Symbol file data-0000028A72A0DA30 doesn't match image C:\Users\Emre\OneDrive\Belgeler\GitHub\oua-bootcamp-grup23\oua-bootcamp-2024-g23\Library\ScriptAssemblies\Unity.VisualScripting.Flow.dll
Symbol file LoadedFromMemory is not a mono symbol file
Symbol file data-0000028A72828430 doesn't match image C:\Users\Emre\OneDrive\Belgeler\GitHub\oua-bootcamp-grup23\oua-bootcamp-2024-g23\Library\ScriptAssemblies\Unity.VisualScripting.Flow.Editor.dll
Symbol file LoadedFromMemory is not a mono symbol file
- Loaded All Assemblies, in  0.839 seconds
Refreshing native plugins compatible for Editor in 2.73 ms, found 3 plugins.
Native extension for WindowsStandalone target not found
Native extension for Android target not found
Package Manager log level set to [2]
[Package Manager] Server::EnsureServerProcessIsRunning -- launch failed, reason: Unity was launched with the -noUpm command-line argument
[Package Manager] UpmClient::Send -- Unable to send message (not connected to UPM process).
[Package Manager] Cannot connect to Unity Package Manager local server
Mono: successfully reloaded assembly
- Finished resetting the current domain, in  0.703 seconds
Domain Reload Profiling: 1541ms
	BeginReloadAssembly (201ms)
		ExecutionOrderSort (0ms)
		DisableScriptedObjects (5ms)
		BackupInstance (0ms)
		ReleaseScriptingObjects (0ms)
		CreateAndSetChildDomain (30ms)
	RebuildCommonClasses (41ms)
	RebuildNativeTypeToScriptingClass (11ms)
	initialDomainReloadingComplete (42ms)
	LoadAllAssembliesAndSetupDomain (543ms)
		LoadAssemblies (494ms)
		RebuildTransferFunctionScriptingTraits (0ms)
		AnalyzeDomain (180ms)
			TypeCache.Refresh (158ms)
				TypeCache.ScanAssembly (140ms)
			ScanForSourceGeneratedMonoScriptInfo (15ms)
			ResolveRequiredComponents (5ms)
	FinalizeReload (703ms)
		ReleaseScriptCaches (0ms)
		RebuildScriptCaches (0ms)
		SetupLoadedEditorAssemblies (524ms)
			LogAssemblyErrors (0ms)
			InitializePlatformSupportModulesInManaged (26ms)
			SetLoadedEditorAssemblies (4ms)
			RefreshPlugins (0ms)
			BeforeProcessingInitializeOnLoad (95ms)
			ProcessInitializeOnLoadAttributes (373ms)
			ProcessInitializeOnLoadMethodAttributes (21ms)
			AfterProcessingInitializeOnLoad (5ms)
			EditorAssembliesLoaded (0ms)
		ExecutionOrderSort2 (0ms)
		AwakeInstancesAfterBackupRestoration (5ms)
Launched and connected shader compiler UnityShaderCompiler.exe after 0.05 seconds
Refreshing native plugins compatible for Editor in 2.61 ms, found 3 plugins.
Preloading 0 native plugins for Editor in 0.00 ms.
Unloading 3151 Unused Serialized files (Serialized files now loaded: 0)
Unloading 33 unused Assets / (57.7 KB). Loaded Objects now: 3618.
Memory consumption went from 130.6 MB to 130.5 MB.
Total: 4.197600 ms (FindLiveObjects: 0.344900 ms CreateObjectMapping: 0.121600 ms MarkObjects: 3.584500 ms  DeleteObjects: 0.145200 ms)

AssetImportParameters requested are different than current active one (requested -> active):
  custom:container-demuxer-ogg: 62fdf1f143b41e24485cea50d1cbac27 -> 
  custom:video-decoder-ogg-theora: a1e56fd34408186e4bbccfd4996cb3dc -> 
  custom:framework-win-MediaFoundation: 216162199b28c13a410421893ffa2e32 -> 
  custom:CustomObjectIndexerAttribute: 9a22284fe3817be447336de3de66b15e -> 
  custom:container-demuxer-webm: 4f35f7cbe854078d1ac9338744f61a02 -> 
  custom:container-muxer-webm: aa71ff27fc2769a1b78a27578f13a17b -> 
  custom:video-decoder-webm-vp8: 9c59270c3fd7afecdb556c50c9e8de78 -> 
  custom:SearchIndexIgnoredProperties: e643bd26f0fe6173181afceb89e7c659 -> 
  custom:AudioImporter_EditorPlatform: d09bf68614088b80899f8185d706f6e7 -> 
  custom:video-encoder-webm-vp8: eb34c28f22e8b96e1ab97ce403110664 -> 
  custom:audio-decoder-ogg-vorbis: bf7c407c2cedff20999df2af8eb42d56 -> 
  custom:audio-encoder-webm-vorbis: bf7c407c2cedff20999df2af8eb42d56 -> 
  custom:scripting/precompiled-assembly-types:Assembly-CSharp: 949da776913eb48902819bc274ef891d -> 6fd78146f521c3fef5fab7fe7be8b75d
  custom:scripting/monoscript/fileName/toplanacaknesne.cs:  -> 4ee405ab0d83846b41fa84a901a45040
========================================================================
Received Prepare
Begin MonoManager ReloadAssembly
Symbol file data-0000028A730BEA30 doesn't match image C:\Users\Emre\OneDrive\Belgeler\GitHub\oua-bootcamp-grup23\oua-bootcamp-2024-g23\Library\ScriptAssemblies\Unity.Timeline.dll
Symbol file LoadedFromMemory is not a mono symbol file
Symbol file data-0000028A710FC020 doesn't match image C:\Users\Emre\OneDrive\Belgeler\GitHub\oua-bootcamp-grup23\oua-bootcamp-2024-g23\Library\ScriptAssemblies\Unity.TestTools.CodeCoverage.Editor.OpenCover.Mono.Reflection.dll
Symbol file LoadedFromMemory is not a mono symbol file
Symbol file data-0000028A714663D0 doesn't match image C:\Users\Emre\OneDrive\Belgeler\GitHub\oua-bootcamp-grup23\oua-bootcamp-2024-g23\Library\ScriptAssemblies\UnityEngine.UI.dll
Symbol file LoadedFromMemory is not a mono symbol file
Symbol file data-0000028A70FBE820 doesn't match image C:\Users\Emre\OneDrive\Belgeler\GitHub\oua-bootcamp-grup23\oua-bootcamp-2024-g23\Library\ScriptAssemblies\Unity.EditorCoroutines.Editor.dll
Symbol file LoadedFromMemory is not a mono symbol file
Symbol file data-0000028A710FC020 doesn't match image C:\Users\Emre\OneDrive\Belgeler\GitHub\oua-bootcamp-grup23\oua-bootcamp-2024-g23\Library\ScriptAssemblies\Unity.VisualScripting.SettingsProvider.Editor.dll
Symbol file LoadedFromMemory is not a mono symbol file
Symbol file data-0000028A714663D0 doesn't match image C:\Users\Emre\OneDrive\Belgeler\GitHub\oua-bootcamp-grup23\oua-bootcamp-2024-g23\Library\ScriptAssemblies\Unity.Performance.Profile-Analyzer.Editor.dll
Symbol file LoadedFromMemory is not a mono symbol file
Symbol file data-0000028A7D656030 doesn't match image C:\Users\Emre\OneDrive\Belgeler\GitHub\oua-bootcamp-grup23\oua-bootcamp-2024-g23\Library\ScriptAssemblies\Unity.TestTools.CodeCoverage.Editor.dll
Symbol file LoadedFromMemory is not a mono symbol file
Symbol file data-0000028A7C0C5010 doesn't match image C:\Users\Emre\OneDrive\Belgeler\GitHub\oua-bootcamp-grup23\oua-bootcamp-2024-g23\Library\ScriptAssemblies\Unity.TestTools.CodeCoverage.Editor.OpenCover.Model.dll
Symbol file LoadedFromMemory is not a mono symbol file
Symbol file data-0000028A71A6C9E0 doesn't match image C:\Users\Emre\OneDrive\Belgeler\GitHub\oua-bootcamp-grup23\oua-bootcamp-2024-g23\Library\ScriptAssemblies\Unity.PlasticSCM.Editor.dll
Symbol file LoadedFromMemory is not a mono symbol file
Symbol file data-0000028A73D9F010 doesn't match image C:\Users\Emre\OneDrive\Belgeler\GitHub\oua-bootcamp-grup23\oua-bootcamp-2024-g23\Library\ScriptAssemblies\UnityEngine.TestRunner.dll
Symbol file LoadedFromMemory is not a mono symbol file
Symbol file data-0000028A2D5EE2F0 doesn't match image C:\Users\Emre\OneDrive\Belgeler\GitHub\oua-bootcamp-grup23\oua-bootcamp-2024-g23\Library\ScriptAssemblies\Unity.VisualScripting.State.Editor.dll
Symbol file LoadedFromMemory is not a mono symbol file
Symbol file data-0000028A729D3020 doesn't match image C:\Users\Emre\OneDrive\Belgeler\GitHub\oua-bootcamp-grup23\oua-bootcamp-2024-g23\Library\ScriptAssemblies\Unity.Timeline.Editor.dll
Symbol file LoadedFromMemory is not a mono symbol file
Symbol file data-0000028A71119010 doesn't match image C:\Users\Emre\OneDrive\Belgeler\GitHub\oua-bootcamp-grup23\oua-bootcamp-2024-g23\Library\ScriptAssemblies\Unity.Settings.Editor.dll
Symbol file LoadedFromMemory is not a mono symbol file
Symbol file data-0000028A70BD38C0 doesn't match image C:\Users\Emre\OneDrive\Belgeler\GitHub\oua-bootcamp-grup23\oua-bootcamp-2024-g23\Library\ScriptAssemblies\Unity.VisualScripting.Shared.Editor.dll
Symbol file LoadedFromMemory is not a mono symbol file
Symbol file data-0000028A71506E30 doesn't match image C:\Users\Emre\OneDrive\Belgeler\GitHub\oua-bootcamp-grup23\oua-bootcamp-2024-g23\Library\ScriptAssemblies\Unity.CollabProxy.Editor.dll
Symbol file LoadedFromMemory is not a mono symbol file
Symbol file data-0000028A73D9F010 doesn't match image C:\Users\Emre\OneDrive\Belgeler\GitHub\oua-bootcamp-grup23\oua-bootcamp-2024-g23\Library\ScriptAssemblies\Unity.VisualStudio.Editor.dll
Symbol file LoadedFromMemory is not a mono symbol file
Symbol file data-0000028A745DA030 doesn't match image C:\Users\Emre\OneDrive\Belgeler\GitHub\oua-bootcamp-grup23\oua-bootcamp-2024-g23\Library\ScriptAssemblies\Unity.TextMeshPro.dll
Symbol file LoadedFromMemory is not a mono symbol file
Symbol file data-0000028A71A6C9E0 doesn't match image C:\Users\Emre\OneDrive\Belgeler\GitHub\oua-bootcamp-grup23\oua-bootcamp-2024-g23\Library\ScriptAssemblies\Unity.VisualScripting.Core.dll
Symbol file LoadedFromMemory is not a mono symbol file
Symbol file data-0000028A7BD6A240 doesn't match image C:\Users\Emre\OneDrive\Belgeler\GitHub\oua-bootcamp-grup23\oua-bootcamp-2024-g23\Library\ScriptAssemblies\Unity.TextMeshPro.Editor.dll
Symbol file LoadedFromMemory is not a mono symbol file
Symbol file data-0000028A2D5EE2F0 doesn't match image C:\Users\Emre\OneDrive\Belgeler\GitHub\oua-bootcamp-grup23\oua-bootcamp-2024-g23\Library\ScriptAssemblies\UnityEditor.UI.dll
Symbol file LoadedFromMemory is not a mono symbol file
Symbol file data-0000028A7BE9E010 doesn't match image C:\Users\Emre\OneDrive\Belgeler\GitHub\oua-bootcamp-grup23\oua-bootcamp-2024-g23\Library\ScriptAssemblies\Unity.VisualScripting.Core.Editor.dll
Symbol file LoadedFromMemory is not a mono symbol file
Symbol file data-0000028A7C12D010 doesn't match image C:\Users\Emre\OneDrive\Belgeler\GitHub\oua-bootcamp-grup23\oua-bootcamp-2024-g23\Library\ScriptAssemblies\Unity.Rider.Editor.dll
Symbol file LoadedFromMemory is not a mono symbol file
Symbol file data-0000028A2D61B790 doesn't match image C:\Users\Emre\OneDrive\Belgeler\GitHub\oua-bootcamp-grup23\oua-bootcamp-2024-g23\Library\ScriptAssemblies\Unity.VisualScripting.State.dll
Symbol file LoadedFromMemory is not a mono symbol file
Symbol file data-0000028A2D61B790 doesn't match image C:\Users\Emre\OneDrive\Belgeler\GitHub\oua-bootcamp-grup23\oua-bootcamp-2024-g23\Library\ScriptAssemblies\Unity.VSCode.Editor.dll
Symbol file LoadedFromMemory is not a mono symbol file
Symbol file data-0000028A7BCE1670 doesn't match image C:\Users\Emre\OneDrive\Belgeler\GitHub\oua-bootcamp-grup23\oua-bootcamp-2024-g23\Library\ScriptAssemblies\UnityEditor.TestRunner.dll
Symbol file LoadedFromMemory is not a mono symbol file
Symbol file data-0000028A7BFFF020 doesn't match image C:\Users\Emre\OneDrive\Belgeler\GitHub\oua-bootcamp-grup23\oua-bootcamp-2024-g23\Library\ScriptAssemblies\Unity.VisualScripting.Flow.dll
Symbol file LoadedFromMemory is not a mono symbol file
Symbol file data-0000028A7BFFF020 doesn't match image C:\Users\Emre\OneDrive\Belgeler\GitHub\oua-bootcamp-grup23\oua-bootcamp-2024-g23\Library\ScriptAssemblies\Unity.VisualScripting.Flow.Editor.dll
Symbol file LoadedFromMemory is not a mono symbol file
- Loaded All Assemblies, in  0.519 seconds
Refreshing native plugins compatible for Editor in 2.66 ms, found 3 plugins.
Native extension for WindowsStandalone target not found
Native extension for Android target not found
[Package Manager] Server::EnsureServerProcessIsRunning -- launch failed, reason: Unity was launched with the -noUpm command-line argument
[Package Manager] UpmClient::Send -- Unable to send message (not connected to UPM process).
[Package Manager] Cannot connect to Unity Package Manager local server
Mono: successfully reloaded assembly
- Finished resetting the current domain, in  1.004 seconds
Domain Reload Profiling: 1521ms
	BeginReloadAssembly (165ms)
		ExecutionOrderSort (0ms)
		DisableScriptedObjects (5ms)
		BackupInstance (0ms)
		ReleaseScriptingObjects (0ms)
		CreateAndSetChildDomain (44ms)
	RebuildCommonClasses (32ms)
	RebuildNativeTypeToScriptingClass (11ms)
	initialDomainReloadingComplete (34ms)
	LoadAllAssembliesAndSetupDomain (275ms)
		LoadAssemblies (345ms)
		RebuildTransferFunctionScriptingTraits (0ms)
		AnalyzeDomain (14ms)
			TypeCache.Refresh (6ms)
				TypeCache.ScanAssembly (0ms)
			ScanForSourceGeneratedMonoScriptInfo (0ms)
			ResolveRequiredComponents (6ms)
	FinalizeReload (1005ms)
		ReleaseScriptCaches (0ms)
		RebuildScriptCaches (0ms)
		SetupLoadedEditorAssemblies (522ms)
			LogAssemblyErrors (0ms)
			InitializePlatformSupportModulesInManaged (36ms)
			SetLoadedEditorAssemblies (5ms)
			RefreshPlugins (0ms)
			BeforeProcessingInitializeOnLoad (101ms)
			ProcessInitializeOnLoadAttributes (350ms)
			ProcessInitializeOnLoadMethodAttributes (25ms)
			AfterProcessingInitializeOnLoad (6ms)
			EditorAssembliesLoaded (0ms)
		ExecutionOrderSort2 (0ms)
		AwakeInstancesAfterBackupRestoration (6ms)
Refreshing native plugins compatible for Editor in 3.63 ms, found 3 plugins.
Preloading 0 native plugins for Editor in 0.00 ms.
Unloading 3130 Unused Serialized files (Serialized files now loaded: 0)
Unloading 24 unused Assets / (31.7 KB). Loaded Objects now: 3621.
Memory consumption went from 125.6 MB to 125.5 MB.
Total: 3.236700 ms (FindLiveObjects: 0.407600 ms CreateObjectMapping: 0.097200 ms MarkObjects: 2.659700 ms  DeleteObjects: 0.070700 ms)

Prepare: number of updated asset objects reloaded= 0
AssetImportParameters requested are different than current active one (requested -> active):
  custom:container-demuxer-ogg: 62fdf1f143b41e24485cea50d1cbac27 -> 
  custom:video-decoder-ogg-theora: a1e56fd34408186e4bbccfd4996cb3dc -> 
  custom:framework-win-MediaFoundation: 216162199b28c13a410421893ffa2e32 -> 
  custom:CustomObjectIndexerAttribute: 9a22284fe3817be447336de3de66b15e -> 
  custom:container-demuxer-webm: 4f35f7cbe854078d1ac9338744f61a02 -> 
  custom:container-muxer-webm: aa71ff27fc2769a1b78a27578f13a17b -> 
  custom:video-decoder-webm-vp8: 9c59270c3fd7afecdb556c50c9e8de78 -> 
  custom:SearchIndexIgnoredProperties: e643bd26f0fe6173181afceb89e7c659 -> 
  custom:AudioImporter_EditorPlatform: d09bf68614088b80899f8185d706f6e7 -> 
  custom:video-encoder-webm-vp8: eb34c28f22e8b96e1ab97ce403110664 -> 
  custom:audio-decoder-ogg-vorbis: bf7c407c2cedff20999df2af8eb42d56 -> 
  custom:audio-encoder-webm-vorbis: bf7c407c2cedff20999df2af8eb42d56 -> 
========================================================================
Received Import Request.
  Time since last request: 1289190.353515 seconds.
  path: Assets/Scripts/toplanacaknesne.cs
  artifactKey: Guid(945e41a838a83de488d6fa2e2c81f0f0) Importer(815301076,1909f56bfc062723c751e8b465ee728b)
Start importing Assets/Scripts/toplanacaknesne.cs using Guid(945e41a838a83de488d6fa2e2c81f0f0) Importer(815301076,1909f56bfc062723c751e8b465ee728b) [PhysX] Initialized MultithreadedTaskDispatcher with 16 workers.
 -> (artifact id: '135eb7cdb90610db4479862f0e496683') in 0.005565 seconds
Number of updated asset objects reloaded before import = 0
Number of asset objects unloaded after import = 0
========================================================================
Received Prepare
Begin MonoManager ReloadAssembly
Symbol file data-0000028A714EA020 doesn't match image C:\Users\Emre\OneDrive\Belgeler\GitHub\oua-bootcamp-grup23\oua-bootcamp-2024-g23\Library\ScriptAssemblies\Unity.Timeline.dll
Symbol file LoadedFromMemory is not a mono symbol file
Symbol file data-0000028A7E0A3A80 doesn't match image C:\Users\Emre\OneDrive\Belgeler\GitHub\oua-bootcamp-grup23\oua-bootcamp-2024-g23\Library\ScriptAssemblies\Unity.TestTools.CodeCoverage.Editor.OpenCover.Mono.Reflection.dll
Symbol file LoadedFromMemory is not a mono symbol file
Symbol file data-0000028A73D2D010 doesn't match image C:\Users\Emre\OneDrive\Belgeler\GitHub\oua-bootcamp-grup23\oua-bootcamp-2024-g23\Library\ScriptAssemblies\UnityEngine.UI.dll
Symbol file LoadedFromMemory is not a mono symbol file
Symbol file data-0000028A70FBE620 doesn't match image C:\Users\Emre\OneDrive\Belgeler\GitHub\oua-bootcamp-grup23\oua-bootcamp-2024-g23\Library\ScriptAssemblies\Unity.EditorCoroutines.Editor.dll
Symbol file LoadedFromMemory is not a mono symbol file
Symbol file data-0000028A7E0A3A80 doesn't match image C:\Users\Emre\OneDrive\Belgeler\GitHub\oua-bootcamp-grup23\oua-bootcamp-2024-g23\Library\ScriptAssemblies\Unity.VisualScripting.SettingsProvider.Editor.dll
Symbol file LoadedFromMemory is not a mono symbol file
Symbol file data-0000028A7DD9C250 doesn't match image C:\Users\Emre\OneDrive\Belgeler\GitHub\oua-bootcamp-grup23\oua-bootcamp-2024-g23\Library\ScriptAssemblies\Unity.Performance.Profile-Analyzer.Editor.dll
Symbol file LoadedFromMemory is not a mono symbol file
Symbol file data-0000028A7BC48010 doesn't match image C:\Users\Emre\OneDrive\Belgeler\GitHub\oua-bootcamp-grup23\oua-bootcamp-2024-g23\Library\ScriptAssemblies\Unity.TestTools.CodeCoverage.Editor.dll
Symbol file LoadedFromMemory is not a mono symbol file
Symbol file data-0000028A71119010 doesn't match image C:\Users\Emre\OneDrive\Belgeler\GitHub\oua-bootcamp-grup23\oua-bootcamp-2024-g23\Library\ScriptAssemblies\Unity.TestTools.CodeCoverage.Editor.OpenCover.Model.dll
Symbol file LoadedFromMemory is not a mono symbol file
Symbol file data-0000028A7C2FD730 doesn't match image C:\Users\Emre\OneDrive\Belgeler\GitHub\oua-bootcamp-grup23\oua-bootcamp-2024-g23\Library\ScriptAssemblies\Unity.PlasticSCM.Editor.dll
Symbol file LoadedFromMemory is not a mono symbol file
Symbol file data-0000028A2CFD8DB0 doesn't match image C:\Users\Emre\OneDrive\Belgeler\GitHub\oua-bootcamp-grup23\oua-bootcamp-2024-g23\Library\ScriptAssemblies\UnityEngine.TestRunner.dll
Symbol file LoadedFromMemory is not a mono symbol file
Symbol file data-0000028A2CE5CBD0 doesn't match image C:\Users\Emre\OneDrive\Belgeler\GitHub\oua-bootcamp-grup23\oua-bootcamp-2024-g23\Library\ScriptAssemblies\Unity.VisualScripting.State.Editor.dll
Symbol file LoadedFromMemory is not a mono symbol file
Symbol file data-0000028A70B20080 doesn't match image C:\Users\Emre\OneDrive\Belgeler\GitHub\oua-bootcamp-grup23\oua-bootcamp-2024-g23\Library\ScriptAssemblies\Unity.Timeline.Editor.dll
Symbol file LoadedFromMemory is not a mono symbol file
Symbol file data-0000028A71119010 doesn't match image C:\Users\Emre\OneDrive\Belgeler\GitHub\oua-bootcamp-grup23\oua-bootcamp-2024-g23\Library\ScriptAssemblies\Unity.Settings.Editor.dll
Symbol file LoadedFromMemory is not a mono symbol file
Symbol file data-0000028A70BD38C0 doesn't match image C:\Users\Emre\OneDrive\Belgeler\GitHub\oua-bootcamp-grup23\oua-bootcamp-2024-g23\Library\ScriptAssemblies\Unity.VisualScripting.Shared.Editor.dll
Symbol file LoadedFromMemory is not a mono symbol file
Symbol file data-0000028A70BD38C0 doesn't match image C:\Users\Emre\OneDrive\Belgeler\GitHub\oua-bootcamp-grup23\oua-bootcamp-2024-g23\Library\ScriptAssemblies\Unity.CollabProxy.Editor.dll
Symbol file LoadedFromMemory is not a mono symbol file
Symbol file data-0000028A2CFD8DB0 doesn't match image C:\Users\Emre\OneDrive\Belgeler\GitHub\oua-bootcamp-grup23\oua-bootcamp-2024-g23\Library\ScriptAssemblies\Unity.VisualStudio.Editor.dll
Symbol file LoadedFromMemory is not a mono symbol file
Symbol file data-0000028A7DC85D40 doesn't match image C:\Users\Emre\OneDrive\Belgeler\GitHub\oua-bootcamp-grup23\oua-bootcamp-2024-g23\Library\ScriptAssemblies\Unity.TextMeshPro.dll
Symbol file LoadedFromMemory is not a mono symbol file
Symbol file data-0000028A71A6C9E0 doesn't match image C:\Users\Emre\OneDrive\Belgeler\GitHub\oua-bootcamp-grup23\oua-bootcamp-2024-g23\Library\ScriptAssemblies\Unity.VisualScripting.Core.dll
Symbol file LoadedFromMemory is not a mono symbol file
Symbol file data-0000028A7BA2F020 doesn't match image C:\Users\Emre\OneDrive\Belgeler\GitHub\oua-bootcamp-grup23\oua-bootcamp-2024-g23\Library\ScriptAssemblies\Unity.TextMeshPro.Editor.dll
Symbol file LoadedFromMemory is not a mono symbol file
Symbol file data-0000028A2CE5CBD0 doesn't match image C:\Users\Emre\OneDrive\Belgeler\GitHub\oua-bootcamp-grup23\oua-bootcamp-2024-g23\Library\ScriptAssemblies\UnityEditor.UI.dll
Symbol file LoadedFromMemory is not a mono symbol file
Symbol file data-0000028A730EB020 doesn't match image C:\Users\Emre\OneDrive\Belgeler\GitHub\oua-bootcamp-grup23\oua-bootcamp-2024-g23\Library\ScriptAssemblies\Unity.VisualScripting.Core.Editor.dll
Symbol file LoadedFromMemory is not a mono symbol file
Symbol file data-0000028A7145A300 doesn't match image C:\Users\Emre\OneDrive\Belgeler\GitHub\oua-bootcamp-grup23\oua-bootcamp-2024-g23\Library\ScriptAssemblies\Unity.Rider.Editor.dll
Symbol file LoadedFromMemory is not a mono symbol file
Symbol file data-0000028A7BA48030 doesn't match image C:\Users\Emre\OneDrive\Belgeler\GitHub\oua-bootcamp-grup23\oua-bootcamp-2024-g23\Library\ScriptAssemblies\Unity.VisualScripting.State.dll
Symbol file LoadedFromMemory is not a mono symbol file
Symbol file data-0000028A7BA48030 doesn't match image C:\Users\Emre\OneDrive\Belgeler\GitHub\oua-bootcamp-grup23\oua-bootcamp-2024-g23\Library\ScriptAssemblies\Unity.VSCode.Editor.dll
Symbol file LoadedFromMemory is not a mono symbol file
Symbol file data-0000028A7DBB9020 doesn't match image C:\Users\Emre\OneDrive\Belgeler\GitHub\oua-bootcamp-grup23\oua-bootcamp-2024-g23\Library\ScriptAssemblies\UnityEditor.TestRunner.dll
Symbol file LoadedFromMemory is not a mono symbol file
Symbol file data-0000028A712B2380 doesn't match image C:\Users\Emre\OneDrive\Belgeler\GitHub\oua-bootcamp-grup23\oua-bootcamp-2024-g23\Library\ScriptAssemblies\Unity.VisualScripting.Flow.dll
Symbol file LoadedFromMemory is not a mono symbol file
Symbol file data-0000028A7DBB9020 doesn't match image C:\Users\Emre\OneDrive\Belgeler\GitHub\oua-bootcamp-grup23\oua-bootcamp-2024-g23\Library\ScriptAssemblies\Unity.VisualScripting.Flow.Editor.dll
Symbol file LoadedFromMemory is not a mono symbol file
- Loaded All Assemblies, in  0.550 seconds
Refreshing native plugins compatible for Editor in 2.66 ms, found 3 plugins.
Native extension for WindowsStandalone target not found
Native extension for Android target not found
[Package Manager] Server::EnsureServerProcessIsRunning -- launch failed, reason: Unity was launched with the -noUpm command-line argument
[Package Manager] UpmClient::Send -- Unable to send message (not connected to UPM process).
[Package Manager] Cannot connect to Unity Package Manager local server
Mono: successfully reloaded assembly
- Finished resetting the current domain, in  0.986 seconds
Domain Reload Profiling: 1534ms
	BeginReloadAssembly (163ms)
		ExecutionOrderSort (0ms)
		DisableScriptedObjects (5ms)
		BackupInstance (0ms)
		ReleaseScriptingObjects (0ms)
		CreateAndSetChildDomain (41ms)
	RebuildCommonClasses (34ms)
	RebuildNativeTypeToScriptingClass (11ms)
	initialDomainReloadingComplete (28ms)
	LoadAllAssembliesAndSetupDomain (310ms)
		LoadAssemblies (375ms)
		RebuildTransferFunctionScriptingTraits (0ms)
		AnalyzeDomain (23ms)
			TypeCache.Refresh (10ms)
				TypeCache.ScanAssembly (1ms)
			ScanForSourceGeneratedMonoScriptInfo (6ms)
			ResolveRequiredComponents (6ms)
	FinalizeReload (986ms)
		ReleaseScriptCaches (0ms)
		RebuildScriptCaches (0ms)
		SetupLoadedEditorAssemblies (472ms)
			LogAssemblyErrors (0ms)
			InitializePlatformSupportModulesInManaged (23ms)
			SetLoadedEditorAssemblies (4ms)
			RefreshPlugins (0ms)
			BeforeProcessingInitializeOnLoad (95ms)
			ProcessInitializeOnLoadAttributes (319ms)
			ProcessInitializeOnLoadMethodAttributes (25ms)
			AfterProcessingInitializeOnLoad (5ms)
			EditorAssembliesLoaded (0ms)
		ExecutionOrderSort2 (0ms)
		AwakeInstancesAfterBackupRestoration (6ms)
Refreshing native plugins compatible for Editor in 2.75 ms, found 3 plugins.
Preloading 0 native plugins for Editor in 0.00 ms.
Unloading 3129 Unused Serialized files (Serialized files now loaded: 0)
Unloading 24 unused Assets / (31.7 KB). Loaded Objects now: 3624.
Memory consumption went from 125.3 MB to 125.3 MB.
Total: 3.065200 ms (FindLiveObjects: 0.345600 ms CreateObjectMapping: 0.155200 ms MarkObjects: 2.505000 ms  DeleteObjects: 0.057500 ms)

Prepare: number of updated asset objects reloaded= 0
AssetImportParameters requested are different than current active one (requested -> active):
  custom:container-demuxer-ogg: 62fdf1f143b41e24485cea50d1cbac27 -> 
  custom:video-decoder-ogg-theora: a1e56fd34408186e4bbccfd4996cb3dc -> 
  custom:framework-win-MediaFoundation: 216162199b28c13a410421893ffa2e32 -> 
  custom:CustomObjectIndexerAttribute: 9a22284fe3817be447336de3de66b15e -> 
  custom:container-demuxer-webm: 4f35f7cbe854078d1ac9338744f61a02 -> 
  custom:container-muxer-webm: aa71ff27fc2769a1b78a27578f13a17b -> 
  custom:video-decoder-webm-vp8: 9c59270c3fd7afecdb556c50c9e8de78 -> 
  custom:SearchIndexIgnoredProperties: e643bd26f0fe6173181afceb89e7c659 -> 
  custom:AudioImporter_EditorPlatform: d09bf68614088b80899f8185d706f6e7 -> 
  custom:video-encoder-webm-vp8: eb34c28f22e8b96e1ab97ce403110664 -> 
  custom:audio-decoder-ogg-vorbis: bf7c407c2cedff20999df2af8eb42d56 -> 
  custom:audio-encoder-webm-vorbis: bf7c407c2cedff20999df2af8eb42d56 -> 
========================================================================
Received Prepare
Begin MonoManager ReloadAssembly
Symbol file data-0000028A7E431020 doesn't match image C:\Users\Emre\OneDrive\Belgeler\GitHub\oua-bootcamp-grup23\oua-bootcamp-2024-g23\Library\ScriptAssemblies\Unity.Timeline.dll
Symbol file LoadedFromMemory is not a mono symbol file
Symbol file data-0000028A70F0C030 doesn't match image C:\Users\Emre\OneDrive\Belgeler\GitHub\oua-bootcamp-grup23\oua-bootcamp-2024-g23\Library\ScriptAssemblies\Unity.TestTools.CodeCoverage.Editor.OpenCover.Mono.Reflection.dll
Symbol file LoadedFromMemory is not a mono symbol file
Symbol file data-0000028A70F460E0 doesn't match image C:\Users\Emre\OneDrive\Belgeler\GitHub\oua-bootcamp-grup23\oua-bootcamp-2024-g23\Library\ScriptAssemblies\UnityEngine.UI.dll
Symbol file LoadedFromMemory is not a mono symbol file
Symbol file data-0000028A70F0C030 doesn't match image C:\Users\Emre\OneDrive\Belgeler\GitHub\oua-bootcamp-grup23\oua-bootcamp-2024-g23\Library\ScriptAssemblies\Unity.EditorCoroutines.Editor.dll
Symbol file LoadedFromMemory is not a mono symbol file
Symbol file data-0000028A70F0C030 doesn't match image C:\Users\Emre\OneDrive\Belgeler\GitHub\oua-bootcamp-grup23\oua-bootcamp-2024-g23\Library\ScriptAssemblies\Unity.VisualScripting.SettingsProvider.Editor.dll
Symbol file LoadedFromMemory is not a mono symbol file
Symbol file data-0000028A7DBB9020 doesn't match image C:\Users\Emre\OneDrive\Belgeler\GitHub\oua-bootcamp-grup23\oua-bootcamp-2024-g23\Library\ScriptAssemblies\Unity.Performance.Profile-Analyzer.Editor.dll
Symbol file LoadedFromMemory is not a mono symbol file
Symbol file data-0000028A7267B020 doesn't match image C:\Users\Emre\OneDrive\Belgeler\GitHub\oua-bootcamp-grup23\oua-bootcamp-2024-g23\Library\ScriptAssemblies\Unity.TestTools.CodeCoverage.Editor.dll
Symbol file LoadedFromMemory is not a mono symbol file
Symbol file data-0000028A7269F020 doesn't match image C:\Users\Emre\OneDrive\Belgeler\GitHub\oua-bootcamp-grup23\oua-bootcamp-2024-g23\Library\ScriptAssemblies\Unity.TestTools.CodeCoverage.Editor.OpenCover.Model.dll
Symbol file LoadedFromMemory is not a mono symbol file
Symbol file data-0000028A7B8E0020 doesn't match image C:\Users\Emre\OneDrive\Belgeler\GitHub\oua-bootcamp-grup23\oua-bootcamp-2024-g23\Library\ScriptAssemblies\Unity.PlasticSCM.Editor.dll
Symbol file LoadedFromMemory is not a mono symbol file
Symbol file data-0000028A2CFD8DB0 doesn't match image C:\Users\Emre\OneDrive\Belgeler\GitHub\oua-bootcamp-grup23\oua-bootcamp-2024-g23\Library\ScriptAssemblies\UnityEngine.TestRunner.dll
Symbol file LoadedFromMemory is not a mono symbol file
Symbol file data-0000028A738F5A60 doesn't match image C:\Users\Emre\OneDrive\Belgeler\GitHub\oua-bootcamp-grup23\oua-bootcamp-2024-g23\Library\ScriptAssemblies\Unity.VisualScripting.State.Editor.dll
Symbol file LoadedFromMemory is not a mono symbol file
Symbol file data-0000028A70B20080 doesn't match image C:\Users\Emre\OneDrive\Belgeler\GitHub\oua-bootcamp-grup23\oua-bootcamp-2024-g23\Library\ScriptAssemblies\Unity.Timeline.Editor.dll
Symbol file LoadedFromMemory is not a mono symbol file
Symbol file data-0000028A71119010 doesn't match image C:\Users\Emre\OneDrive\Belgeler\GitHub\oua-bootcamp-grup23\oua-bootcamp-2024-g23\Library\ScriptAssemblies\Unity.Settings.Editor.dll
Symbol file LoadedFromMemory is not a mono symbol file
Symbol file data-0000028A70F0C030 doesn't match image C:\Users\Emre\OneDrive\Belgeler\GitHub\oua-bootcamp-grup23\oua-bootcamp-2024-g23\Library\ScriptAssemblies\Unity.VisualScripting.Shared.Editor.dll
Symbol file LoadedFromMemory is not a mono symbol file
Symbol file data-0000028A70BD38C0 doesn't match image C:\Users\Emre\OneDrive\Belgeler\GitHub\oua-bootcamp-grup23\oua-bootcamp-2024-g23\Library\ScriptAssemblies\Unity.CollabProxy.Editor.dll
Symbol file LoadedFromMemory is not a mono symbol file
Symbol file data-0000028A2CFD8DB0 doesn't match image C:\Users\Emre\OneDrive\Belgeler\GitHub\oua-bootcamp-grup23\oua-bootcamp-2024-g23\Library\ScriptAssemblies\Unity.VisualStudio.Editor.dll
Symbol file LoadedFromMemory is not a mono symbol file
Symbol file data-0000028A7DC85D40 doesn't match image C:\Users\Emre\OneDrive\Belgeler\GitHub\oua-bootcamp-grup23\oua-bootcamp-2024-g23\Library\ScriptAssemblies\Unity.TextMeshPro.dll
Symbol file LoadedFromMemory is not a mono symbol file
Symbol file data-0000028A7D7E1ED0 doesn't match image C:\Users\Emre\OneDrive\Belgeler\GitHub\oua-bootcamp-grup23\oua-bootcamp-2024-g23\Library\ScriptAssemblies\Unity.VisualScripting.Core.dll
Symbol file LoadedFromMemory is not a mono symbol file
Symbol file data-0000028A7DCFB320 doesn't match image C:\Users\Emre\OneDrive\Belgeler\GitHub\oua-bootcamp-grup23\oua-bootcamp-2024-g23\Library\ScriptAssemblies\Unity.TextMeshPro.Editor.dll
Symbol file LoadedFromMemory is not a mono symbol file
Symbol file data-0000028A738F5A60 doesn't match image C:\Users\Emre\OneDrive\Belgeler\GitHub\oua-bootcamp-grup23\oua-bootcamp-2024-g23\Library\ScriptAssemblies\UnityEditor.UI.dll
Symbol file LoadedFromMemory is not a mono symbol file
Symbol file data-0000028A7BE9E010 doesn't match image C:\Users\Emre\OneDrive\Belgeler\GitHub\oua-bootcamp-grup23\oua-bootcamp-2024-g23\Library\ScriptAssemblies\Unity.VisualScripting.Core.Editor.dll
Symbol file LoadedFromMemory is not a mono symbol file
Symbol file data-0000028A7DAC1030 doesn't match image C:\Users\Emre\OneDrive\Belgeler\GitHub\oua-bootcamp-grup23\oua-bootcamp-2024-g23\Library\ScriptAssemblies\Unity.Rider.Editor.dll
Symbol file LoadedFromMemory is not a mono symbol file
Symbol file data-0000028A7E11DA30 doesn't match image C:\Users\Emre\OneDrive\Belgeler\GitHub\oua-bootcamp-grup23\oua-bootcamp-2024-g23\Library\ScriptAssemblies\Unity.VisualScripting.State.dll
Symbol file LoadedFromMemory is not a mono symbol file
Symbol file data-0000028A7E11DA30 doesn't match image C:\Users\Emre\OneDrive\Belgeler\GitHub\oua-bootcamp-grup23\oua-bootcamp-2024-g23\Library\ScriptAssemblies\Unity.VSCode.Editor.dll
Symbol file LoadedFromMemory is not a mono symbol file
Symbol file data-0000028A7BF29DE0 doesn't match image C:\Users\Emre\OneDrive\Belgeler\GitHub\oua-bootcamp-grup23\oua-bootcamp-2024-g23\Library\ScriptAssemblies\UnityEditor.TestRunner.dll
Symbol file LoadedFromMemory is not a mono symbol file
Symbol file data-0000028A7B6C6040 doesn't match image C:\Users\Emre\OneDrive\Belgeler\GitHub\oua-bootcamp-grup23\oua-bootcamp-2024-g23\Library\ScriptAssemblies\Unity.VisualScripting.Flow.dll
Symbol file LoadedFromMemory is not a mono symbol file
Symbol file data-0000028A73D2D010 doesn't match image C:\Users\Emre\OneDrive\Belgeler\GitHub\oua-bootcamp-grup23\oua-bootcamp-2024-g23\Library\ScriptAssemblies\Unity.VisualScripting.Flow.Editor.dll
Symbol file LoadedFromMemory is not a mono symbol file
- Loaded All Assemblies, in  0.491 seconds
Refreshing native plugins compatible for Editor in 2.74 ms, found 3 plugins.
Native extension for WindowsStandalone target not found
Native extension for Android target not found
[Package Manager] Server::EnsureServerProcessIsRunning -- launch failed, reason: Unity was launched with the -noUpm command-line argument
[Package Manager] UpmClient::Send -- Unable to send message (not connected to UPM process).
[Package Manager] Cannot connect to Unity Package Manager local server
Mono: successfully reloaded assembly
- Finished resetting the current domain, in  1.120 seconds
Domain Reload Profiling: 1610ms
	BeginReloadAssembly (151ms)
		ExecutionOrderSort (0ms)
		DisableScriptedObjects (5ms)
		BackupInstance (0ms)
		ReleaseScriptingObjects (0ms)
		CreateAndSetChildDomain (38ms)
	RebuildCommonClasses (32ms)
	RebuildNativeTypeToScriptingClass (11ms)
	initialDomainReloadingComplete (26ms)
	LoadAllAssembliesAndSetupDomain (269ms)
		LoadAssemblies (332ms)
		RebuildTransferFunctionScriptingTraits (0ms)
		AnalyzeDomain (16ms)
			TypeCache.Refresh (9ms)
				TypeCache.ScanAssembly (0ms)
			ScanForSourceGeneratedMonoScriptInfo (0ms)
			ResolveRequiredComponents (6ms)
	FinalizeReload (1120ms)
		ReleaseScriptCaches (0ms)
		RebuildScriptCaches (0ms)
		SetupLoadedEditorAssemblies (616ms)
			LogAssemblyErrors (0ms)
			InitializePlatformSupportModulesInManaged (32ms)
			SetLoadedEditorAssemblies (6ms)
			RefreshPlugins (0ms)
			BeforeProcessingInitializeOnLoad (115ms)
			ProcessInitializeOnLoadAttributes (424ms)
			ProcessInitializeOnLoadMethodAttributes (30ms)
			AfterProcessingInitializeOnLoad (8ms)
			EditorAssembliesLoaded (0ms)
		ExecutionOrderSort2 (0ms)
		AwakeInstancesAfterBackupRestoration (9ms)
Refreshing native plugins compatible for Editor in 3.12 ms, found 3 plugins.
Preloading 0 native plugins for Editor in 0.00 ms.
Unloading 3130 Unused Serialized files (Serialized files now loaded: 0)
Unloading 24 unused Assets / (31.7 KB). Loaded Objects now: 3627.
Memory consumption went from 125.6 MB to 125.6 MB.
Total: 4.914600 ms (FindLiveObjects: 0.405100 ms CreateObjectMapping: 0.112200 ms MarkObjects: 4.229100 ms  DeleteObjects: 0.166600 ms)

Prepare: number of updated asset objects reloaded= 0
AssetImportParameters requested are different than current active one (requested -> active):
  custom:container-demuxer-ogg: 62fdf1f143b41e24485cea50d1cbac27 -> 
  custom:video-decoder-ogg-theora: a1e56fd34408186e4bbccfd4996cb3dc -> 
  custom:framework-win-MediaFoundation: 216162199b28c13a410421893ffa2e32 -> 
  custom:CustomObjectIndexerAttribute: 9a22284fe3817be447336de3de66b15e -> 
  custom:container-demuxer-webm: 4f35f7cbe854078d1ac9338744f61a02 -> 
  custom:container-muxer-webm: aa71ff27fc2769a1b78a27578f13a17b -> 
  custom:video-decoder-webm-vp8: 9c59270c3fd7afecdb556c50c9e8de78 -> 
  custom:SearchIndexIgnoredProperties: e643bd26f0fe6173181afceb89e7c659 -> 
  custom:AudioImporter_EditorPlatform: d09bf68614088b80899f8185d706f6e7 -> 
  custom:video-encoder-webm-vp8: eb34c28f22e8b96e1ab97ce403110664 -> 
  custom:audio-decoder-ogg-vorbis: bf7c407c2cedff20999df2af8eb42d56 -> 
  custom:audio-encoder-webm-vorbis: bf7c407c2cedff20999df2af8eb42d56 -> 
========================================================================
Received Prepare
Begin MonoManager ReloadAssembly
Symbol file data-0000028A7DCFB320 doesn't match image C:\Users\Emre\OneDrive\Belgeler\GitHub\oua-bootcamp-grup23\oua-bootcamp-2024-g23\Library\ScriptAssemblies\Unity.Timeline.dll
Symbol file LoadedFromMemory is not a mono symbol file
Symbol file data-0000028A7E12EBF0 doesn't match image C:\Users\Emre\OneDrive\Belgeler\GitHub\oua-bootcamp-grup23\oua-bootcamp-2024-g23\Library\ScriptAssemblies\Unity.TestTools.CodeCoverage.Editor.OpenCover.Mono.Reflection.dll
Symbol file LoadedFromMemory is not a mono symbol file
Symbol file data-0000028A7C4AD020 doesn't match image C:\Users\Emre\OneDrive\Belgeler\GitHub\oua-bootcamp-grup23\oua-bootcamp-2024-g23\Library\ScriptAssemblies\UnityEngine.UI.dll
Symbol file LoadedFromMemory is not a mono symbol file
Symbol file data-0000028A7E12EBF0 doesn't match image C:\Users\Emre\OneDrive\Belgeler\GitHub\oua-bootcamp-grup23\oua-bootcamp-2024-g23\Library\ScriptAssemblies\Unity.EditorCoroutines.Editor.dll
Symbol file LoadedFromMemory is not a mono symbol file
Symbol file data-0000028A7E133600 doesn't match image C:\Users\Emre\OneDrive\Belgeler\GitHub\oua-bootcamp-grup23\oua-bootcamp-2024-g23\Library\ScriptAssemblies\Unity.VisualScripting.SettingsProvider.Editor.dll
Symbol file LoadedFromMemory is not a mono symbol file
Symbol file data-0000028ABEC76B50 doesn't match image C:\Users\Emre\OneDrive\Belgeler\GitHub\oua-bootcamp-grup23\oua-bootcamp-2024-g23\Library\ScriptAssemblies\Unity.Performance.Profile-Analyzer.Editor.dll
Symbol file LoadedFromMemory is not a mono symbol file
Symbol file data-0000028A7DD39B40 doesn't match image C:\Users\Emre\OneDrive\Belgeler\GitHub\oua-bootcamp-grup23\oua-bootcamp-2024-g23\Library\ScriptAssemblies\Unity.TestTools.CodeCoverage.Editor.dll
Symbol file LoadedFromMemory is not a mono symbol file
Symbol file data-0000028A7E133600 doesn't match image C:\Users\Emre\OneDrive\Belgeler\GitHub\oua-bootcamp-grup23\oua-bootcamp-2024-g23\Library\ScriptAssemblies\Unity.TestTools.CodeCoverage.Editor.OpenCover.Model.dll
Symbol file LoadedFromMemory is not a mono symbol file
Symbol file data-0000028A7B8E0020 doesn't match image C:\Users\Emre\OneDrive\Belgeler\GitHub\oua-bootcamp-grup23\oua-bootcamp-2024-g23\Library\ScriptAssemblies\Unity.PlasticSCM.Editor.dll
Symbol file LoadedFromMemory is not a mono symbol file
Symbol file data-0000028A2CFD8DB0 doesn't match image C:\Users\Emre\OneDrive\Belgeler\GitHub\oua-bootcamp-grup23\oua-bootcamp-2024-g23\Library\ScriptAssemblies\UnityEngine.TestRunner.dll
Symbol file LoadedFromMemory is not a mono symbol file
Symbol file data-0000028A7B8C8010 doesn't match image C:\Users\Emre\OneDrive\Belgeler\GitHub\oua-bootcamp-grup23\oua-bootcamp-2024-g23\Library\ScriptAssemblies\Unity.VisualScripting.State.Editor.dll
Symbol file LoadedFromMemory is not a mono symbol file
Symbol file data-0000028A70B20080 doesn't match image C:\Users\Emre\OneDrive\Belgeler\GitHub\oua-bootcamp-grup23\oua-bootcamp-2024-g23\Library\ScriptAssemblies\Unity.Timeline.Editor.dll
Symbol file LoadedFromMemory is not a mono symbol file
Symbol file data-0000028A7129C020 doesn't match image C:\Users\Emre\OneDrive\Belgeler\GitHub\oua-bootcamp-grup23\oua-bootcamp-2024-g23\Library\ScriptAssemblies\Unity.Settings.Editor.dll
Symbol file LoadedFromMemory is not a mono symbol file
Symbol file data-0000028A7145D2F0 doesn't match image C:\Users\Emre\OneDrive\Belgeler\GitHub\oua-bootcamp-grup23\oua-bootcamp-2024-g23\Library\ScriptAssemblies\Unity.VisualScripting.Shared.Editor.dll
Symbol file LoadedFromMemory is not a mono symbol file
Symbol file data-0000028A7B8D3220 doesn't match image C:\Users\Emre\OneDrive\Belgeler\GitHub\oua-bootcamp-grup23\oua-bootcamp-2024-g23\Library\ScriptAssemblies\Unity.CollabProxy.Editor.dll
Symbol file LoadedFromMemory is not a mono symbol file
Symbol file data-0000028A2CFD8DB0 doesn't match image C:\Users\Emre\OneDrive\Belgeler\GitHub\oua-bootcamp-grup23\oua-bootcamp-2024-g23\Library\ScriptAssemblies\Unity.VisualStudio.Editor.dll
Symbol file LoadedFromMemory is not a mono symbol file
Symbol file data-0000028A7C4AD020 doesn't match image C:\Users\Emre\OneDrive\Belgeler\GitHub\oua-bootcamp-grup23\oua-bootcamp-2024-g23\Library\ScriptAssemblies\Unity.TextMeshPro.dll
Symbol file LoadedFromMemory is not a mono symbol file
Symbol file data-0000028A7D7E1ED0 doesn't match image C:\Users\Emre\OneDrive\Belgeler\GitHub\oua-bootcamp-grup23\oua-bootcamp-2024-g23\Library\ScriptAssemblies\Unity.VisualScripting.Core.dll
Symbol file LoadedFromMemory is not a mono symbol file
Symbol file data-0000028A7E431020 doesn't match image C:\Users\Emre\OneDrive\Belgeler\GitHub\oua-bootcamp-grup23\oua-bootcamp-2024-g23\Library\ScriptAssemblies\Unity.TextMeshPro.Editor.dll
Symbol file LoadedFromMemory is not a mono symbol file
Symbol file data-0000028A7129C020 doesn't match image C:\Users\Emre\OneDrive\Belgeler\GitHub\oua-bootcamp-grup23\oua-bootcamp-2024-g23\Library\ScriptAssemblies\UnityEditor.UI.dll
Symbol file LoadedFromMemory is not a mono symbol file
Symbol file data-0000028A730EB020 doesn't match image C:\Users\Emre\OneDrive\Belgeler\GitHub\oua-bootcamp-grup23\oua-bootcamp-2024-g23\Library\ScriptAssemblies\Unity.VisualScripting.Core.Editor.dll
Symbol file LoadedFromMemory is not a mono symbol file
Symbol file data-0000028A7129C020 doesn't match image C:\Users\Emre\OneDrive\Belgeler\GitHub\oua-bootcamp-grup23\oua-bootcamp-2024-g23\Library\ScriptAssemblies\Unity.Rider.Editor.dll
Symbol file LoadedFromMemory is not a mono symbol file
Symbol file data-0000028A712A4430 doesn't match image C:\Users\Emre\OneDrive\Belgeler\GitHub\oua-bootcamp-grup23\oua-bootcamp-2024-g23\Library\ScriptAssemblies\Unity.VisualScripting.State.dll
Symbol file LoadedFromMemory is not a mono symbol file
Symbol file data-0000028A712A4430 doesn't match image C:\Users\Emre\OneDrive\Belgeler\GitHub\oua-bootcamp-grup23\oua-bootcamp-2024-g23\Library\ScriptAssemblies\Unity.VSCode.Editor.dll
Symbol file LoadedFromMemory is not a mono symbol file
Symbol file data-0000028A7E431020 doesn't match image C:\Users\Emre\OneDrive\Belgeler\GitHub\oua-bootcamp-grup23\oua-bootcamp-2024-g23\Library\ScriptAssemblies\UnityEditor.TestRunner.dll
Symbol file LoadedFromMemory is not a mono symbol file
Symbol file data-0000028A712B2380 doesn't match image C:\Users\Emre\OneDrive\Belgeler\GitHub\oua-bootcamp-grup23\oua-bootcamp-2024-g23\Library\ScriptAssemblies\Unity.VisualScripting.Flow.dll
Symbol file LoadedFromMemory is not a mono symbol file
Symbol file data-0000028A74666020 doesn't match image C:\Users\Emre\OneDrive\Belgeler\GitHub\oua-bootcamp-grup23\oua-bootcamp-2024-g23\Library\ScriptAssemblies\Unity.VisualScripting.Flow.Editor.dll
Symbol file LoadedFromMemory is not a mono symbol file
- Loaded All Assemblies, in  0.538 seconds
Refreshing native plugins compatible for Editor in 3.56 ms, found 3 plugins.
Native extension for WindowsStandalone target not found
Native extension for Android target not found
[Package Manager] Server::EnsureServerProcessIsRunning -- launch failed, reason: Unity was launched with the -noUpm command-line argument
[Package Manager] UpmClient::Send -- Unable to send message (not connected to UPM process).
[Package Manager] Cannot connect to Unity Package Manager local server
Mono: successfully reloaded assembly
- Finished resetting the current domain, in  1.296 seconds
Domain Reload Profiling: 1833ms
	BeginReloadAssembly (155ms)
		ExecutionOrderSort (0ms)
		DisableScriptedObjects (5ms)
		BackupInstance (0ms)
		ReleaseScriptingObjects (0ms)
		CreateAndSetChildDomain (37ms)
	RebuildCommonClasses (31ms)
	RebuildNativeTypeToScriptingClass (15ms)
	initialDomainReloadingComplete (28ms)
	LoadAllAssembliesAndSetupDomain (307ms)
		LoadAssemblies (373ms)
		RebuildTransferFunctionScriptingTraits (0ms)
		AnalyzeDomain (15ms)
			TypeCache.Refresh (7ms)
				TypeCache.ScanAssembly (0ms)
			ScanForSourceGeneratedMonoScriptInfo (0ms)
			ResolveRequiredComponents (6ms)
	FinalizeReload (1297ms)
		ReleaseScriptCaches (0ms)
		RebuildScriptCaches (0ms)
		SetupLoadedEditorAssemblies (654ms)
			LogAssemblyErrors (0ms)
			InitializePlatformSupportModulesInManaged (39ms)
			SetLoadedEditorAssemblies (7ms)
			RefreshPlugins (0ms)
			BeforeProcessingInitializeOnLoad (125ms)
			ProcessInitializeOnLoadAttributes (445ms)
			ProcessInitializeOnLoadMethodAttributes (32ms)
			AfterProcessingInitializeOnLoad (7ms)
			EditorAssembliesLoaded (0ms)
		ExecutionOrderSort2 (0ms)
		AwakeInstancesAfterBackupRestoration (8ms)
Refreshing native plugins compatible for Editor in 4.66 ms, found 3 plugins.
Preloading 0 native plugins for Editor in 0.00 ms.
Unloading 3130 Unused Serialized files (Serialized files now loaded: 0)
Unloading 24 unused Assets / (31.6 KB). Loaded Objects now: 3630.
Memory consumption went from 125.6 MB to 125.6 MB.
Total: 4.106400 ms (FindLiveObjects: 0.604600 ms CreateObjectMapping: 0.108600 ms MarkObjects: 3.291600 ms  DeleteObjects: 0.098100 ms)

Prepare: number of updated asset objects reloaded= 0
AssetImportParameters requested are different than current active one (requested -> active):
  custom:container-demuxer-ogg: 62fdf1f143b41e24485cea50d1cbac27 -> 
  custom:video-decoder-ogg-theora: a1e56fd34408186e4bbccfd4996cb3dc -> 
  custom:framework-win-MediaFoundation: 216162199b28c13a410421893ffa2e32 -> 
  custom:CustomObjectIndexerAttribute: 9a22284fe3817be447336de3de66b15e -> 
  custom:container-demuxer-webm: 4f35f7cbe854078d1ac9338744f61a02 -> 
  custom:container-muxer-webm: aa71ff27fc2769a1b78a27578f13a17b -> 
  custom:video-decoder-webm-vp8: 9c59270c3fd7afecdb556c50c9e8de78 -> 
  custom:SearchIndexIgnoredProperties: e643bd26f0fe6173181afceb89e7c659 -> 
  custom:AudioImporter_EditorPlatform: d09bf68614088b80899f8185d706f6e7 -> 
  custom:video-encoder-webm-vp8: eb34c28f22e8b96e1ab97ce403110664 -> 
  custom:audio-decoder-ogg-vorbis: bf7c407c2cedff20999df2af8eb42d56 -> 
  custom:audio-encoder-webm-vorbis: bf7c407c2cedff20999df2af8eb42d56 -> 
